Log file open, 06/20/17 20:53:41
LogInit:Display: Running engine for game: murmel2
LogPlatformFile: Not using cached read wrapper
LogInit:Display: RandInit(-718090752) SRandInit(-718090752).
LogTaskGraph: Started task graph with 5 named threads and 8 total threads with 1 sets of task threads.
LogStats: Stats thread started at 0.071697
LogInit: Using libcurl 7.47.1
LogInit:  - built for x86_64-pc-win32
LogInit:  - supports SSL with OpenSSL/1.0.2g
LogInit:  - supports HTTP deflate (compression) using libz 1.2.8
LogInit:  - other features:
LogInit:      CURL_VERSION_SSL
LogInit:      CURL_VERSION_LIBZ
LogInit:      CURL_VERSION_IPV6
LogInit:      CURL_VERSION_ASYNCHDNS
LogInit:      CURL_VERSION_LARGEFILE
LogInit:      CURL_VERSION_IDN
LogInit:  CurlRequestOptions (configurable via config and command line):
LogInit:  - bVerifyPeer = false  - Libcurl will NOT verify peer certificate
LogInit:  - bUseHttpProxy = false  - Libcurl will NOT use HTTP proxy
LogInit:  - bDontReuseConnections = false  - Libcurl will reuse connections
LogInit:  - CertBundlePath = nullptr  - Libcurl will use whatever was configured at build time.
LogInit: Build: ++UE4+Release-4.15-CL-3348071
LogInit: Engine Version: 4.15.1-3348071+++UE4+Release-4.15
LogInit: Compatible Engine Version: 4.15.0-3299760+++UE4+Release-4.15
LogInit: Net CL: 3299760
LogDevObjectVersion: Number of dev versions registered: 14
LogDevObjectVersion:   Dev-Blueprints (B0D832E4-1F89-4F0D-ACCF-7EB736FD4AA2): 8
LogDevObjectVersion:   Dev-Build (E1C64328-A22C-4D53-A36C-8E866417BD8C): 0
LogDevObjectVersion:   Dev-Core (375EC13C-06E4-48FB-B500-84F0262A717E): 2
LogDevObjectVersion:   Dev-Editor (E4B068ED-F494-42E9-A231-DA0B2E46BB41): 14
LogDevObjectVersion:   Dev-Framework (CFFC743F-43B0-4480-9391-14DF171D2073): 22
LogDevObjectVersion:   Dev-Mobile (B02B49B5-BB20-44E9-A304-32B752E40360): 0
LogDevObjectVersion:   Dev-Networking (A4E4105C-59A1-49B5-A7C5-40C4547EDFEE): 0
LogDevObjectVersion:   Dev-Online (39C831C9-5AE6-47DC-9A44-9C173E1C8E7C): 0
LogDevObjectVersion:   Dev-Physics (78F01B33-EBEA-4F98-B9B4-84EACCB95AA2): 0
LogDevObjectVersion:   Dev-Platform (6631380F-2D4D-43E0-8009-CF276956A95A): 0
LogDevObjectVersion:   Dev-Rendering (12F88B9F-8875-4AFC-A67C-D90C383ABD29): 12
LogDevObjectVersion:   Dev-Sequencer (7B5AE74C-D270-4C10-A958-57980B212A5A): 3
LogDevObjectVersion:   Dev-VR (D7296918-1DD6-4BDD-9DE2-64A83CC13884): 0
LogDevObjectVersion:   Dev-LoadTimes (C2A15278-BFE7-4AFE-6C17-90FF531DF755): 1
LogInit: Compiled (64-bit): Mar 15 2017 16:52:47
LogInit: Compiled with Visual C++: 19.00.23026.00
LogInit: Build Configuration: Development
LogInit: Branch Name: ++UE4+Release-4.15
LogInit: Command line: -EpicPortal 
LogInit: Base directory: D:/Program Files/Epic Games/UE_4.15/Engine/Binaries/Win64/
LogInit: Installed Engine Build: 1
LogInit: Presizing for max 8388607 objects, including 0 objects not considered by GC, pre-allocating 0 bytes for permanent pool.
LogInit: Object subsystem initialized
[2017.06.20-18.53.42:714][  0]LogInit: Selected Device Profile: [Windows]
[2017.06.20-18.53.42:714][  0]LogInit: Applying CVar settings loaded from the selected device profile: [Windows]
[2017.06.20-18.53.42:724][  0]LogInit: Computer: MAINFRAME
[2017.06.20-18.53.42:724][  0]LogInit: User: soba
[2017.06.20-18.53.42:724][  0]LogInit: CPU Page size=65536, Cores=4
[2017.06.20-18.53.42:724][  0]LogInit: High frequency timer resolution =3.515626 MHz
[2017.06.20-18.53.42:724][  0]LogMemory: Memory total: Physical=15.9GB (16GB approx)
[2017.06.20-18.53.42:724][  0]LogMemory: Platform Memory Stats for Windows
[2017.06.20-18.53.42:724][  0]LogMemory: Process Physical Memory: 264.08 MB used, 264.08 MB peak
[2017.06.20-18.53.42:724][  0]LogMemory: Process Virtual Memory: 262.74 MB used, 262.74 MB peak
[2017.06.20-18.53.42:724][  0]LogMemory: Physical Memory: 6454.98 MB used,  9790.27 MB free, 16245.26 MB total
[2017.06.20-18.53.42:724][  0]LogMemory: Virtual Memory: 644.85 MB used,  9790.27 MB free, 134217728.00 MB total
[2017.06.20-18.53.42:781][  0]LogTextLocalizationManager: No translations for ('de-DE') exist, falling back to 'en' for localization and internationalization data.
[2017.06.20-18.53.43:351][  0]LogD3D11RHI: D3D11 adapters:
[2017.06.20-18.53.43:375][  0]LogD3D11RHI:    0. 'NVIDIA GeForce GTX 970' (Feature Level 11_0)
[2017.06.20-18.53.43:375][  0]LogD3D11RHI:       4058/0/8122 MB DedicatedVideo/DedicatedSystem/SharedSystem, Outputs:3, VendorId:0x10de
[2017.06.20-18.53.43:380][  0]LogD3D11RHI:    1. 'Intel(R) HD Graphics 4600' (Feature Level 11_0)
[2017.06.20-18.53.43:380][  0]LogD3D11RHI:       112/0/2048 MB DedicatedVideo/DedicatedSystem/SharedSystem, Outputs:0, VendorId:0x8086
[2017.06.20-18.53.43:382][  0]LogD3D11RHI:    2. 'Microsoft Basic Render Driver' (Feature Level 11_0)
[2017.06.20-18.53.43:382][  0]LogD3D11RHI:       0/0/8122 MB DedicatedVideo/DedicatedSystem/SharedSystem, Outputs:0, VendorId:0x1414
[2017.06.20-18.53.43:382][  0]LogD3D11RHI: Chosen D3D11 Adapter: 0
[2017.06.20-18.53.43:386][  0]LogD3D11RHI: Creating new Direct3DDevice
[2017.06.20-18.53.43:386][  0]LogD3D11RHI:     GPU DeviceId: 0x13c2 (for the marketing name, search the web for "GPU Device Id")
[2017.06.20-18.53.43:386][  0]LogWindows: EnumDisplayDevices:
[2017.06.20-18.53.43:386][  0]LogWindows:    0. 'NVIDIA GeForce GTX 970' (P:1 D:1)
[2017.06.20-18.53.43:386][  0]LogWindows:    1. 'NVIDIA GeForce GTX 970' (P:0 D:1)
[2017.06.20-18.53.43:386][  0]LogWindows:    2. 'NVIDIA GeForce GTX 970' (P:0 D:1)
[2017.06.20-18.53.43:386][  0]LogWindows:    3. 'NVIDIA GeForce GTX 970' (P:0 D:0)
[2017.06.20-18.53.43:386][  0]LogWindows:    4. 'Intel(R) HD Graphics 4600' (P:0 D:0)
[2017.06.20-18.53.43:387][  0]LogWindows:    5. 'Intel(R) HD Graphics 4600' (P:0 D:0)
[2017.06.20-18.53.43:387][  0]LogWindows:    6. 'Intel(R) HD Graphics 4600' (P:0 D:0)
[2017.06.20-18.53.43:387][  0]LogWindows: DebugString: PrimaryIsNotTheChoosenAdapter PrimaryIsNotTheChoosenAdapter PrimaryIsNotTheChoosenAdapter FoundDriverCount:4 
[2017.06.20-18.53.43:387][  0]LogD3D11RHI:     Adapter Name: NVIDIA GeForce GTX 970
[2017.06.20-18.53.43:387][  0]LogD3D11RHI:   Driver Version: 376.53 (internal:21.21.13.7653, unified:376.53)
[2017.06.20-18.53.43:387][  0]LogD3D11RHI:      Driver Date: 12-29-2016
[2017.06.20-18.53.43:387][  0]LogRHI: Texture pool is 1361 MB (70% of 1945 MB)
[2017.06.20-18.53.43:403][  0]LogD3D11RHI: Async texture creation enabled
[2017.06.20-18.53.43:412][  0]LogD3D11RHI: GPU Timing Frequency: 1000.000000 (Debug: 2 1)
[2017.06.20-18.53.43:560][  0]LogShaderCompilers: Guid format shader working directory is -2 characters bigger than the processId version (../../../../../../Projects/UE/MurmelGame Alpha/Intermediate/Shaders/WorkingDirectory/10080/).
[2017.06.20-18.53.43:560][  0]LogShaderCompilers: Cleaned the shader compiler working directory 'C:/Users/soba/AppData/Local/Temp/UnrealShaderWorkingDir/65E28A6646BC3F8160FBA7AE7DA742A4/'.
[2017.06.20-18.53.43:560][  0]LogShaderCompilers:Display: Using Local Shader Compiler.
[2017.06.20-18.53.44:485][  0]LogTemp:Display: Loaded TP AllDesktopTargetPlatform
[2017.06.20-18.53.44:525][  0]LogTemp:Display: Loaded TP MacClientTargetPlatform
[2017.06.20-18.53.44:566][  0]LogTemp:Display: Loaded TP MacNoEditorTargetPlatform
[2017.06.20-18.53.44:605][  0]LogTemp:Display: Loaded TP MacServerTargetPlatform
[2017.06.20-18.53.44:645][  0]LogTemp:Display: Loaded TP MacTargetPlatform
[2017.06.20-18.53.44:684][  0]LogTemp:Display: Loaded TP WindowsClientTargetPlatform
[2017.06.20-18.53.44:723][  0]LogTemp:Display: Loaded TP WindowsNoEditorTargetPlatform
[2017.06.20-18.53.44:762][  0]LogTemp:Display: Loaded TP WindowsServerTargetPlatform
[2017.06.20-18.53.44:794][  0]LogTemp:Display: Loaded TP WindowsTargetPlatform
[2017.06.20-18.53.44:837][  0]LogTemp:Display: Loaded TP AndroidTargetPlatform
[2017.06.20-18.53.44:876][  0]LogTemp:Display: Loaded TP Android_ASTCTargetPlatform
[2017.06.20-18.53.44:914][  0]LogTemp:Display: Loaded TP Android_ATCTargetPlatform
[2017.06.20-18.53.44:954][  0]LogTemp:Display: Loaded TP Android_DXTTargetPlatform
[2017.06.20-18.53.44:993][  0]LogTemp:Display: Loaded TP Android_ETC1TargetPlatform
[2017.06.20-18.53.45:033][  0]LogTemp:Display: Loaded TP Android_ETC2TargetPlatform
[2017.06.20-18.53.45:111][  0]LogTemp:Display: Loaded TP Android_MultiTargetPlatform
[2017.06.20-18.53.45:111][  0]LogTemp:Display: Loaded TP Android_PVRTCTargetPlatform
[2017.06.20-18.53.45:137][  0]LogTemp:Display: Loaded TP HTML5TargetPlatform
[2017.06.20-18.53.45:214][  0]LogTemp:Display: Loaded TP IOSTargetPlatform
[2017.06.20-18.53.45:241][  0]LogTemp:Display: Loaded TP TVOSTargetPlatform
[2017.06.20-18.53.45:280][  0]LogTemp:Display: Loaded TP LinuxClientTargetPlatform
[2017.06.20-18.53.45:318][  0]LogTemp:Display: Loaded TP LinuxNoEditorTargetPlatform
[2017.06.20-18.53.45:356][  0]LogTemp:Display: Loaded TP LinuxServerTargetPlatform
[2017.06.20-18.53.45:393][  0]LogTemp:Display: Loaded TP LinuxTargetPlatform
[2017.06.20-18.53.45:393][  0]LogTargetPlatformManager:Display: Building Assets For Windows
[2017.06.20-18.53.45:691][  0]LogDerivedDataCache:Display: Max Cache Size: 512 MB
[2017.06.20-18.53.45:741][  0]LogDerivedDataCache: Loaded boot cache 0.05s 50MB C:/Users/soba/AppData/Local/UnrealEngine/4.15/DerivedDataCache/Boot.ddc.
[2017.06.20-18.53.45:741][  0]LogDerivedDataCache:Display: Loaded Boot cache: C:/Users/soba/AppData/Local/UnrealEngine/4.15/DerivedDataCache/Boot.ddc
[2017.06.20-18.53.45:741][  0]LogDerivedDataCache: FDerivedDataBackendGraph:  Pak pak cache file ../../../../../../Projects/UE/MurmelGame Alpha/DerivedDataCache/DDC.ddp not found, will not use a pak cache.
[2017.06.20-18.53.45:741][  0]LogDerivedDataCache: Unable to find inner node Pak for hierarchical cache Hierarchy.
[2017.06.20-18.53.45:741][  0]LogDerivedDataCache: FDerivedDataBackendGraph:  CompressedPak pak cache file ../../../../../../Projects/UE/MurmelGame Alpha/DerivedDataCache/Compressed.ddp not found, will not use a pak cache.
[2017.06.20-18.53.45:741][  0]LogDerivedDataCache: Unable to find inner node CompressedPak for hierarchical cache Hierarchy.
[2017.06.20-18.53.45:757][  0]LogDerivedDataCache:Display: Pak cache opened for reading ../../../Engine/DerivedDataCache/Compressed.ddp.
[2017.06.20-18.53.45:769][  0]LogDerivedDataCache: Using Local data cache path C:/Users/soba/AppData/Local/UnrealEngine/Common/DerivedDataCache: Writable
[2017.06.20-18.53.45:777][  0]LogSlate: Using Freetype 2.6.0
[2017.06.20-18.53.45:778][  0]LogSlate: SlateFontCache - WITH_FREETYPE: 1, WITH_HARFBUZZ: 1
[2017.06.20-18.53.45:778][  0]LogSlate: SlateFontCache - WITH_FREETYPE: 1, WITH_HARFBUZZ: 1
[2017.06.20-18.53.46:020][  0]LogInit: Selected Device Profile: [Windows]
[2017.06.20-18.53.46:022][  0]LogContentStreaming: Texture pool size is 0.00 MB
[2017.06.20-18.53.46:184][  0]LogMeshUtilities: Using QuadricMeshReduction for automatic static mesh reduction
[2017.06.20-18.53.46:214][  0]LogSimplygon: Simplygon DLL not present - disabling.
[2017.06.20-18.53.46:246][  0]LogMeshUtilities: Using SimplygonSwarm for distributed automatic mesh merging
[2017.06.20-18.53.46:246][  0]LogMeshUtilities: No automatic skeletal mesh reduction module available
[2017.06.20-18.53.46:246][  0]LogMeshUtilities: No automatic mesh merging module available
[2017.06.20-18.53.46:702][  0]LogNetVersion: GetLocalNetworkVersion: CL: 3299760, ProjectName: murmel2, ProjectVersion: , EngineNetworkVersion: 2, GameNetworkVersion: 0, NetworkChecksum: 3639395430
[2017.06.20-18.53.46:739][  0]LogAssetRegistry: FAssetRegistry took 0.0210 seconds to start up
[2017.06.20-18.53.46:763][  0]LogPackageLocalizationCache: Processed 3 localized package path(s) for 1 prioritized culture(s) in 0.010068 seconds
[2017.06.20-18.53.46:768][  0]LogUObjectArray: 32494 objects as part of root set at end of initial load.
[2017.06.20-18.53.46:768][  0]LogUObjectAllocator: 7077248 out of 0 bytes used by permanent object pool.
[2017.06.20-18.53.46:768][  0]LogUObjectArray: CloseDisregardForGC: 0/0 objects in disregard for GC pool
[2017.06.20-18.53.46:808][  0]LogInit: WinSock: version 1.1 (2.2), MaxSocks=32767, MaxUdp=65467
[2017.06.20-18.53.48:010][  0]LogTcpMessaging: Initializing TcpMessaging bridge
[2017.06.20-18.53.48:041][  0]LogUdpMessaging: Initializing bridge on interface 0.0.0.0:0 to multicast group 230.0.0.1:6666.
[2017.06.20-18.53.48:396][  0]LogMaterial: Uniform references updated for custom material expression Custom.
[2017.06.20-18.53.48:680][  0]SourceControl: Info Source control is disabled
[2017.06.20-18.53.49:266][  0]LogLinker:Warning: Can't find file '/Game/RollingBP/RollingOverview'
[2017.06.20-18.53.49:266][  0]LogLinker:Warning: Can't find file '/Game/RollingBP/RollingOverview'
[2017.06.20-18.53.49:266][  0]LogUObjectGlobals:Warning: Failed to find object 'Class /Game/RollingBP/RollingOverview.RollingOverview_C'
[2017.06.20-18.53.49:943][  0]LogEngine: Initializing Engine...
[2017.06.20-18.53.49:944][  0]LogHMD: Failed to initialize OpenVR with code 110
[2017.06.20-18.53.50:124][  0]LogAIModule: Creating AISystem for world Untitled
[2017.06.20-18.53.50:134][  0]LogInit: XAudio2 using 'Speakers (Realtek High Definition Audio)' : 2 channels at 48 kHz using 32 bits per sample (channel mask 0x3)
[2017.06.20-18.53.50:144][  0]LogInit: FAudioDevice initialized.
[2017.06.20-18.53.50:170][  0]LogDerivedDataCache: Saved boot cache 0.03s 50MB C:/Users/soba/AppData/Local/UnrealEngine/4.15/DerivedDataCache/Boot.ddc.
[2017.06.20-18.53.50:179][  0]LogInit: Texture streaming: Enabled
[2017.06.20-18.53.50:242][  0]LogEngineSessionManager: EngineSessionManager initialized
[2017.06.20-18.53.50:300][  0]LogInit: Transaction tracking system initialized
[2017.06.20-18.53.50:531][  0]BlueprintLog: New page: Editor Load
[2017.06.20-18.53.51:227][  0]LocalizationService: Info Localization service is disabled
[2017.06.20-18.53.51:688][  0]LogConsoleResponse:Display: 
[2017.06.20-18.53.51:787][  0]LogCook:Display: Max memory allowance for cook 16384mb min free memory 0mb
[2017.06.20-18.53.51:787][  0]LogCook:Display: Mobile HDR setting 1
[2017.06.20-18.53.52:085][  0]LogFileCache: Scanning file cache for directory 'D:/Projects/UE/MurmelGame Alpha/Content/' took 0.01s
[2017.06.20-18.53.52:567][  0]Cmd: MAP LOAD FILE="../../../Engine/Content/Maps/Templates/Template_Default.umap" TEMPLATE=1 SHOWPROGRESS=1 FEATURELEVEL=3
[2017.06.20-18.53.52:567][  0]LightingResults: New page: Lighting Build
[2017.06.20-18.53.52:593][  0]MapCheck: New page: Map Check
[2017.06.20-18.53.52:593][  0]LightingResults: New page: Lighting Build
[2017.06.20-18.53.52:779][  0]LogAIModule: Creating AISystem for world Untitled_1
[2017.06.20-18.53.52:797][  0]LogActorComponent: RegisterComponentWithWorld: (/Temp/Untitled_1.Untitled_1:PersistentLevel.WorldSettings_1.StaticMeshComponent0) Trying to register component with IsPendingKill() == true. Aborting.
[2017.06.20-18.53.52:801][  0]LogEditorServer: Finished looking for orphan Actors (0.000 secs)
[2017.06.20-18.53.52:803][  0]Cmd: MAP CHECKDEP NOCLEARLOG
[2017.06.20-18.53.52:830][  0]MapCheck: Info Map check complete: 0 Error(s), 0 Warning(s), took 26.546ms to complete.
[2017.06.20-18.53.52:830][  0]LogFileHelpers: Loading map 'Template_Default' took 0.264
[2017.06.20-18.53.52:907][  0]LogWindowsTextInputMethodSystem:Display: IME system now deactivated.
[2017.06.20-18.53.53:020][  0]LogCollectionManager: Loaded 1 collections in 0.001453 seconds
[2017.06.20-18.53.53:099][  0]LogFileCache: Scanning file cache for directory 'D:/Projects/UE/MurmelGame Alpha/Saved/Collections/' took 0.01s
[2017.06.20-18.53.53:099][  0]LogFileCache: Scanning file cache for directory 'D:/Projects/UE/MurmelGame Alpha/Content/Developers/soba/Collections/' took 0.01s
[2017.06.20-18.53.53:099][  0]LogFileCache: Scanning file cache for directory 'D:/Projects/UE/MurmelGame Alpha/Content/Collections/' took 0.01s
[2017.06.20-18.53.53:099][  0]LogCollectionManager: Rebuilt the GUID cache for 1 collections in 0.000004 seconds
[2017.06.20-18.53.53:099][  0]LogCollectionManager: Rebuilt the hierarchy cache for 1 collections in 0.000000 seconds
[2017.06.20-18.53.53:107][  0]LogContentBrowser: Native class hierarchy populated in 0.0076 seconds. Added 2246 classes and 456 folders.
[2017.06.20-18.53.53:110][  0]LogStats: UGameplayTagsManager::ConstructGameplayTagTree: Construct from data asset -  0.000 s
[2017.06.20-18.53.53:110][  0]LogStats: UGameplayTagsManager::ConstructGameplayTagTree: GameplayTagTreeChangedEvent.Broadcast -  0.000 s
[2017.06.20-18.53.53:160][  0]LogContentBrowser: Native class hierarchy updated for 'WidgetCarousel' in 0.0004 seconds. Added 0 classes and 0 folders.
[2017.06.20-18.53.53:195][  0]LogContentBrowser: Native class hierarchy updated for 'AddContentDialog' in 0.0006 seconds. Added 0 classes and 0 folders.
[2017.06.20-18.53.53:230][  0]LogContentBrowser: Native class hierarchy updated for 'SceneOutliner' in 0.0006 seconds. Added 1 classes and 2 folders.
[2017.06.20-18.53.53:324][  0]LogCrashTracker: Crashtracker disabled due to settings.
[2017.06.20-18.53.53:329][  0]LogUObjectGlobals:Warning: Failed to find object 'Class None.'
[2017.06.20-18.53.53:379][  0]LogContentBrowser: Native class hierarchy updated for 'HierarchicalLODOutliner' in 0.0005 seconds. Added 1 classes and 2 folders.
[2017.06.20-18.53.53:379][  0]LogLoad: (Engine Initialization) Total time: 12.30 seconds
[2017.06.20-18.53.53:379][  0]LogLoad: (Engine Initialization) Total Blueprint compile time: 0.07 seconds
[2017.06.20-18.53.53:379][  0]LogExternalProfiler: No external profilers were discovered.  External profiling features will not be available.
[2017.06.20-18.53.53:388][  0]LogOcInput: OculusInput pre-init called
[2017.06.20-18.53.53:408][  0]SourceControl: Info On branch master
[2017.06.20-18.53.53:408][  0]SourceControl: Info Your branch and 'origin/master' have diverged,
[2017.06.20-18.53.53:408][  0]SourceControl: Info and have 1 and 1 different commits each, respectively.
[2017.06.20-18.53.53:408][  0]SourceControl: Info   (use "git pull" to merge the remote branch into yours)
[2017.06.20-18.53.53:408][  0]SourceControl: Info You have unmerged paths.
[2017.06.20-18.53.53:408][  0]SourceControl: Info   (fix conflicts and run "git commit")
[2017.06.20-18.53.53:408][  0]SourceControl: Info   (use "git merge --abort" to abort the merge)
[2017.06.20-18.53.53:408][  0]SourceControl: Info Changes to be committed:
[2017.06.20-18.53.53:408][  0]SourceControl: Info 	modified:   Content/Artwork/materials/Rock_2.uasset
[2017.06.20-18.53.53:408][  0]SourceControl: Info 	modified:   Content/Artwork/meshes/cave.uasset
[2017.06.20-18.53.53:408][  0]SourceControl: Info 	new file:   Content/Artwork/meshes/kristall_with_light.uasset
[2017.06.20-18.53.53:408][  0]SourceControl: Info 	modified:   Content/maps/Volcano.umap
[2017.06.20-18.53.53:408][  0]SourceControl: Info 	modified:   Content/maps/Volcano_BuiltData.uasset
[2017.06.20-18.53.53:408][  0]SourceControl: Info Unmerged paths:
[2017.06.20-18.53.53:408][  0]SourceControl: Info   (use "git add <file>..." to mark resolution)
[2017.06.20-18.53.53:408][  0]SourceControl: Info 	both modified:   Content/Artwork/materials/Kristall_M.uasset
[2017.06.20-18.53.53:408][  0]SourceControl: Info Changes not staged for commit:
[2017.06.20-18.53.53:408][  0]SourceControl: Info   (use "git add/rm <file>..." to update what will be committed)
[2017.06.20-18.53.53:408][  0]SourceControl: Info   (use "git checkout -- <file>..." to discard changes in working directory)
[2017.06.20-18.53.53:408][  0]SourceControl: Info 	modified:   Intermediate/CachedAssetRegistry.bin
[2017.06.20-18.53.53:408][  0]SourceControl: Info 	modified:   Saved/Config/Windows/Engine.ini
[2017.06.20-18.53.53:408][  0]SourceControl: Info 	deleted:    Saved/Logs/murmel2-backup-2017.06.17-20.59.34.log
[2017.06.20-18.53.53:408][  0]SourceControl: Info 	modified:   Saved/Logs/murmel2.log
[2017.06.20-18.53.53:408][  0]SourceControl: Info Untracked files:
[2017.06.20-18.53.53:408][  0]SourceControl: Info   (use "git add <file>..." to include in what will be committed)
[2017.06.20-18.53.53:408][  0]SourceControl: Info 	Saved/Logs/UE4CC-Windows-A4E949D84FB847299F780493D603DAF4/
[2017.06.20-18.53.53:408][  0]SourceControl: Info 	Saved/Logs/murmel2-backup-2017.06.20-20.53.41.log
[2017.06.20-18.53.53:408][  0]LogContentStreaming: Texture pool size now 1000 MB
[2017.06.20-18.53.53:409][  0]LogSlate: Took 0.000225 seconds to synchronously load lazily loaded font '../../../Engine/Content/Slate/Fonts/Roboto-Regular.ttf' (155K)
[2017.06.20-18.53.53:412][  0]LogSlate: Took 0.000191 seconds to synchronously load lazily loaded font '../../../Engine/Content/Slate/Fonts/Roboto-Bold.ttf' (160K)
[2017.06.20-18.53.53:417][  0]LogSlate: Took 0.000186 seconds to synchronously load lazily loaded font '../../../Engine/Content/Editor/Slate/Fonts/FontAwesome.ttf' (139K)
[2017.06.20-18.53.53:535][  0]LogSlate: Took 0.000224 seconds to synchronously load lazily loaded font '../../../Engine/Content/Slate/Fonts/Roboto-Light.ttf' (159K)
[2017.06.20-18.53.53:570][  0]LogRenderer: Reallocating scene render targets to support 1124x660 NumSamples 1 (Frame:2).
[2017.06.20-18.53.53:619][  1]LogAssetRegistry: Asset discovery search completed in 6.9006 seconds
[2017.06.20-18.53.53:619][  1]LogCollectionManager: Rebuilt the object cache for 1 collections in 0.000004 seconds (found 0 objects)
[2017.06.20-18.53.53:619][  1]LogCollectionManager: Fixed up redirectors for 1 collections in 0.000030 seconds (updated 0 objects)
[2017.06.20-18.54.02:258][207]SourceControl: Info fatal: D:/Program Files/Epic Games/UE_4.15/Engine/Content/: 'D:/Program Files/Epic Games/UE_4.15/Engine/Content/' is outside repository
[2017.06.20-18.54.02:420][207]LogPackageName:Error: Illegal call to DoesPackageExist: '../../../../../../Projects/UE/MurmelGame Alpha/murmel2.uproject' is not a standard unreal filename or a long path name. Reason: Path should be no less than 4 characters long.
[2017.06.20-18.54.02:831][207]LogStats: FPlatformStackWalk::StackWalkAndDump -  0.411 s
[2017.06.20-18.54.02:831][207]LogOutputDevice:Error: === Handled ensure: ===
[2017.06.20-18.54.02:831][207]LogOutputDevice:Error: 
[2017.06.20-18.54.02:831][207]LogOutputDevice:Error: Ensure condition failed: false [File:D:\Build\++UE4+Release-4.15+Compile\Sync\Engine\Source\Runtime\CoreUObject\Private\Misc\PackageName.cpp] [Line: 650]
[2017.06.20-18.54.02:831][207]LogOutputDevice:Error: Illegal call to DoesPackageExist: '../../../../../../Projects/UE/MurmelGame Alpha/murmel2.uproject' is not a standard unreal filename or a long path name. Reason: Path should be no less than 4 characters long.
[2017.06.20-18.54.02:831][207]LogOutputDevice:Error: Stack: 
[2017.06.20-18.54.02:831][207]LogOutputDevice:Error: UE4Editor-Core.dll!0x0000000064E495E6
[2017.06.20-18.54.02:831][207]LogOutputDevice:Error: UE4Editor-Core.dll!0x0000000064BF9B82
[2017.06.20-18.54.02:831][207]LogOutputDevice:Error: UE4Editor-Core.dll!0x0000000064C0B666
[2017.06.20-18.54.02:831][207]LogOutputDevice:Error: UE4Editor-CoreUObject.dll!0x000000006370A6B8
[2017.06.20-18.54.02:831][207]LogOutputDevice:Error: UE4Editor-SourceControl.dll!0x00000000672C3D22
[2017.06.20-18.54.02:831][207]LogOutputDevice:Error: UE4Editor-SourceControl.dll!0x00000000672C3EB9
[2017.06.20-18.54.02:831][207]LogOutputDevice:Error: UE4Editor-SourceControlWindows.dll!0x000000004C1F1D2E
[2017.06.20-18.54.02:831][207]LogOutputDevice:Error: UE4Editor-SourceControlWindows.dll!0x000000004C1AB4B5
[2017.06.20-18.54.02:831][207]LogOutputDevice:Error: UE4Editor-SourceControlWindows.dll!0x000000004C1AAA8D
[2017.06.20-18.54.02:831][207]LogOutputDevice:Error: UE4Editor-SourceControlWindows.dll!0x000000004C1BF274
[2017.06.20-18.54.02:831][207]LogOutputDevice:Error: UE4Editor-GitSourceControl.dll!0x000000004193B851
[2017.06.20-18.54.02:831][207]LogOutputDevice:Error: UE4Editor-GitSourceControl.dll!0x000000004194D1ED
[2017.06.20-18.54.02:831][207]LogOutputDevice:Error: UE4Editor-SourceControl.dll!0x00000000672C9C5C
[2017.06.20-18.54.02:831][207]LogOutputDevice:Error: UE4Editor-UnrealEd.dll!0x0000000053817517
[2017.06.20-18.54.02:831][207]LogOutputDevice:Error: UE4Editor-UnrealEd.dll!0x0000000054022086
[2017.06.20-18.54.02:831][207]LogOutputDevice:Error: UE4Editor.exe!0x00000000F36EDEE3
[2017.06.20-18.54.02:831][207]LogOutputDevice:Error: UE4Editor.exe!0x00000000F36DEB40
[2017.06.20-18.54.02:831][207]LogOutputDevice:Error: UE4Editor.exe!0x00000000F36DEBBA
[2017.06.20-18.54.02:831][207]LogOutputDevice:Error: UE4Editor.exe!0x00000000F36F0A29
[2017.06.20-18.54.02:831][207]LogOutputDevice:Error: UE4Editor.exe!0x00000000F36F22B6
[2017.06.20-18.54.02:831][207]LogOutputDevice:Error: KERNEL32.DLL!0x000000008D9E8364
[2017.06.20-18.54.02:831][207]LogOutputDevice:Error: ntdll.dll!0x000000008E0970D1
[2017.06.20-18.54.02:831][207]LogOutputDevice:Error: 
[2017.06.20-18.54.02:841][207]LogStats:                SubmitErrorReport -  0.000 s
