Log file open, 05/05/17 23:45:19
LogInit:Display: Running engine for game: murmel2
LogPlatformFile: Not using cached read wrapper
LogInit:Display: RandInit(105816251) SRandInit(105816251).
LogTaskGraph: Started task graph with 5 named threads and 6 total threads with 1 sets of task threads.
LogStats: Stats thread started at 0.076928
LogInit: Using libcurl 7.47.1
LogInit:  - built for x86_64-pc-win32
LogInit:  - supports SSL with OpenSSL/1.0.2g
LogInit:  - supports HTTP deflate (compression) using libz 1.2.8
LogInit:  - other features:
LogInit:      CURL_VERSION_SSL
LogInit:      CURL_VERSION_LIBZ
LogInit:      CURL_VERSION_IPV6
LogInit:      CURL_VERSION_ASYNCHDNS
LogInit:      CURL_VERSION_LARGEFILE
LogInit:      CURL_VERSION_IDN
LogInit:  CurlRequestOptions (configurable via config and command line):
LogInit:  - bVerifyPeer = false  - Libcurl will NOT verify peer certificate
LogInit:  - bUseHttpProxy = false  - Libcurl will NOT use HTTP proxy
LogInit:  - bDontReuseConnections = false  - Libcurl will reuse connections
LogInit:  - CertBundlePath = nullptr  - Libcurl will use whatever was configured at build time.
LogInit: Build: ++UE4+Release-4.15-CL-3416026
LogInit: Engine Version: 4.15.2-3416026+++UE4+Release-4.15
LogInit: Compatible Engine Version: 4.15.0-3299760+++UE4+Release-4.15
LogInit: Net CL: 3299760
LogDevObjectVersion: Number of dev versions registered: 14
LogDevObjectVersion:   Dev-Blueprints (B0D832E4-1F89-4F0D-ACCF-7EB736FD4AA2): 8
LogDevObjectVersion:   Dev-Build (E1C64328-A22C-4D53-A36C-8E866417BD8C): 0
LogDevObjectVersion:   Dev-Core (375EC13C-06E4-48FB-B500-84F0262A717E): 2
LogDevObjectVersion:   Dev-Editor (E4B068ED-F494-42E9-A231-DA0B2E46BB41): 14
LogDevObjectVersion:   Dev-Framework (CFFC743F-43B0-4480-9391-14DF171D2073): 22
LogDevObjectVersion:   Dev-Mobile (B02B49B5-BB20-44E9-A304-32B752E40360): 0
LogDevObjectVersion:   Dev-Networking (A4E4105C-59A1-49B5-A7C5-40C4547EDFEE): 0
LogDevObjectVersion:   Dev-Online (39C831C9-5AE6-47DC-9A44-9C173E1C8E7C): 0
LogDevObjectVersion:   Dev-Physics (78F01B33-EBEA-4F98-B9B4-84EACCB95AA2): 0
LogDevObjectVersion:   Dev-Platform (6631380F-2D4D-43E0-8009-CF276956A95A): 0
LogDevObjectVersion:   Dev-Rendering (12F88B9F-8875-4AFC-A67C-D90C383ABD29): 12
LogDevObjectVersion:   Dev-Sequencer (7B5AE74C-D270-4C10-A958-57980B212A5A): 3
LogDevObjectVersion:   Dev-VR (D7296918-1DD6-4BDD-9DE2-64A83CC13884): 0
LogDevObjectVersion:   Dev-LoadTimes (C2A15278-BFE7-4AFE-6C17-90FF531DF755): 1
LogInit: Compiled (64-bit): May  1 2017 13:11:28
LogInit: Compiled with Visual C++: 19.00.23026.00
LogInit: Build Configuration: Development
LogInit: Branch Name: ++UE4+Release-4.15
LogInit: Command line:  
LogInit: Base directory: G:/Program Files (x86)/Epic Games/UE_4.15/Engine/Binaries/Win64/
LogInit: Installed Engine Build: 1
LogInit: Presizing for max 8388607 objects, including 0 objects not considered by GC, pre-allocating 0 bytes for permanent pool.
LogInit: Object subsystem initialized
[2017.05.05-21.45.20:963][  0]LogInit: Selected Device Profile: [Windows]
[2017.05.05-21.45.20:963][  0]LogInit: Applying CVar settings loaded from the selected device profile: [Windows]
[2017.05.05-21.45.20:978][  0]LogInit: Computer: GREMMLINATOR
[2017.05.05-21.45.20:978][  0]LogInit: User: Gremmlin
[2017.05.05-21.45.20:978][  0]LogInit: CPU Page size=65536, Cores=2
[2017.05.05-21.45.20:978][  0]LogInit: High frequency timer resolution =4.120166 MHz
[2017.05.05-21.45.20:978][  0]LogMemory: Memory total: Physical=8.0GB (8GB approx)
[2017.05.05-21.45.20:978][  0]LogMemory: Platform Memory Stats for Windows
[2017.05.05-21.45.20:978][  0]LogMemory: Process Physical Memory: 261.65 MB used, 261.65 MB peak
[2017.05.05-21.45.20:978][  0]LogMemory: Process Virtual Memory: 263.05 MB used, 263.05 MB peak
[2017.05.05-21.45.20:978][  0]LogMemory: Physical Memory: 5143.34 MB used,  3030.78 MB free, 8174.12 MB total
[2017.05.05-21.45.20:978][  0]LogMemory: Virtual Memory: 619.26 MB used,  3030.78 MB free, 8388608.00 MB total
[2017.05.05-21.45.21:083][  0]LogTextLocalizationManager: No translations for ('de-DE') exist, falling back to 'en' for localization and internationalization data.
[2017.05.05-21.45.22:195][  0]LogD3D11RHI: D3D11 adapters:
[2017.05.05-21.45.22:221][  0]LogD3D11RHI:    0. 'NVIDIA GeForce GTX 960' (Feature Level 11_0)
[2017.05.05-21.45.22:221][  0]LogD3D11RHI:       1969/0/2048 MB DedicatedVideo/DedicatedSystem/SharedSystem, Outputs:2, VendorId:0x10de
[2017.05.05-21.45.22:221][  0]LogD3D11RHI: Chosen D3D11 Adapter: 0
[2017.05.05-21.45.22:230][  0]LogD3D11RHI: Creating new Direct3DDevice
[2017.05.05-21.45.22:231][  0]LogD3D11RHI:     GPU DeviceId: 0x1401 (for the marketing name, search the web for "GPU Device Id")
[2017.05.05-21.45.22:231][  0]LogWindows: EnumDisplayDevices:
[2017.05.05-21.45.22:231][  0]LogWindows:    0. 'NVIDIA GeForce GTX 960' (P:0 D:1)
[2017.05.05-21.45.22:231][  0]LogWindows:    1. 'NVIDIA GeForce GTX 960' (P:1 D:1)
[2017.05.05-21.45.22:231][  0]LogWindows:    2. 'NVIDIA GeForce GTX 960' (P:0 D:0)
[2017.05.05-21.45.22:232][  0]LogWindows:    3. 'NVIDIA GeForce GTX 960' (P:0 D:0)
[2017.05.05-21.45.22:232][  0]LogWindows:    4. 'RDPDD Chained DD' (P:0 D:0)
[2017.05.05-21.45.22:232][  0]LogWindows:    5. 'RDP Encoder Mirror Driver' (P:0 D:0)
[2017.05.05-21.45.22:232][  0]LogWindows:    6. 'RDP Reflector Display Driver' (P:0 D:0)
[2017.05.05-21.45.22:232][  0]LogWindows: DebugString: GetVideoDriverDetailsInvalid PrimaryIsNotTheChoosenAdapter GetVideoDriverDetailsInvalid PrimaryIsNotTheChoosenAdapter GetVideoDriverDetailsInvalid PrimaryIsNotTheChoosenAdapter FoundDriverCount:4 
[2017.05.05-21.45.22:232][  0]LogD3D11RHI:     Adapter Name: NVIDIA GeForce GTX 960
[2017.05.05-21.45.22:232][  0]LogD3D11RHI:   Driver Version: 353.30 (internal:10.18.13.5330, unified:353.30)
[2017.05.05-21.45.22:232][  0]LogD3D11RHI:      Driver Date: 6-17-2015
[2017.05.05-21.45.22:232][  0]LogRHI: Texture pool is 1361 MB (70% of 1945 MB)
[2017.05.05-21.45.22:244][  0]LogD3D11RHI: NvAPI_D3D_GetCurrentSLIState failed: 0xfffffff7
[2017.05.05-21.45.22:245][  0]LogD3D11RHI: [Aftermath] Aftermath enabled but failed to initialize due to reason: DriverVersionNotSupported
[2017.05.05-21.45.22:245][  0]LogD3D11RHI: Async texture creation enabled
[2017.05.05-21.45.22:262][  0]LogD3D11RHI: GPU Timing Frequency: 1000.000000 (Debug: 2 2)
[2017.05.05-21.45.22:266][  0]LogShaderCompilers: Guid format shader working directory is -3 characters bigger than the processId version (E:/gremmlin daten/desktop/ue4/murmel game LD/murmel2/Intermediate/Shaders/WorkingDirectory/2700/).
[2017.05.05-21.45.22:266][  0]LogShaderCompilers: Cleaned the shader compiler working directory 'C:/Users/Gremmlin/AppData/Local/Temp/UnrealShaderWorkingDir/9DA53F37435059EEBB8CE7A7D7271321/'.
[2017.05.05-21.45.22:266][  0]LogShaderCompilers:Display: Using Local Shader Compiler.
[2017.05.05-21.45.23:946][  0]LogTemp:Display: Loaded TP AllDesktopTargetPlatform
[2017.05.05-21.45.24:021][  0]LogTemp:Display: Loaded TP MacClientTargetPlatform
[2017.05.05-21.45.24:095][  0]LogTemp:Display: Loaded TP MacNoEditorTargetPlatform
[2017.05.05-21.45.24:167][  0]LogTemp:Display: Loaded TP MacServerTargetPlatform
[2017.05.05-21.45.24:242][  0]LogTemp:Display: Loaded TP MacTargetPlatform
[2017.05.05-21.45.24:315][  0]LogTemp:Display: Loaded TP WindowsClientTargetPlatform
[2017.05.05-21.45.24:393][  0]LogTemp:Display: Loaded TP WindowsNoEditorTargetPlatform
[2017.05.05-21.45.24:475][  0]LogTemp:Display: Loaded TP WindowsServerTargetPlatform
[2017.05.05-21.45.24:533][  0]LogTemp:Display: Loaded TP WindowsTargetPlatform
[2017.05.05-21.45.24:605][  0]LogTemp:Display: Loaded TP AndroidTargetPlatform
[2017.05.05-21.45.24:678][  0]LogTemp:Display: Loaded TP Android_ASTCTargetPlatform
[2017.05.05-21.45.24:752][  0]LogTemp:Display: Loaded TP Android_ATCTargetPlatform
[2017.05.05-21.45.24:825][  0]LogTemp:Display: Loaded TP Android_DXTTargetPlatform
[2017.05.05-21.45.24:897][  0]LogTemp:Display: Loaded TP Android_ETC1TargetPlatform
[2017.05.05-21.45.24:973][  0]LogTemp:Display: Loaded TP Android_ETC2TargetPlatform
[2017.05.05-21.45.25:121][  0]LogTemp:Display: Loaded TP Android_MultiTargetPlatform
[2017.05.05-21.45.25:121][  0]LogTemp:Display: Loaded TP Android_PVRTCTargetPlatform
[2017.05.05-21.45.25:167][  0]LogTemp:Display: Loaded TP HTML5TargetPlatform
[2017.05.05-21.45.25:284][  0]LogTemp:Display: Loaded TP IOSTargetPlatform
[2017.05.05-21.45.25:331][  0]LogTemp:Display: Loaded TP TVOSTargetPlatform
[2017.05.05-21.45.25:400][  0]LogTemp:Display: Loaded TP LinuxClientTargetPlatform
[2017.05.05-21.45.25:471][  0]LogTemp:Display: Loaded TP LinuxNoEditorTargetPlatform
[2017.05.05-21.45.25:543][  0]LogTemp:Display: Loaded TP LinuxServerTargetPlatform
[2017.05.05-21.45.25:614][  0]LogTemp:Display: Loaded TP LinuxTargetPlatform
[2017.05.05-21.45.25:615][  0]LogTargetPlatformManager:Display: Building Assets For Windows
[2017.05.05-21.45.26:128][  0]LogDerivedDataCache:Display: Max Cache Size: 512 MB
[2017.05.05-21.45.26:263][  0]LogDerivedDataCache: Loaded boot cache 0.13s 50MB C:/Users/Gremmlin/AppData/Local/UnrealEngine/4.15/DerivedDataCache/Boot.ddc.
[2017.05.05-21.45.26:263][  0]LogDerivedDataCache:Display: Loaded Boot cache: C:/Users/Gremmlin/AppData/Local/UnrealEngine/4.15/DerivedDataCache/Boot.ddc
[2017.05.05-21.45.26:263][  0]LogDerivedDataCache: FDerivedDataBackendGraph:  Pak pak cache file E:/gremmlin daten/desktop/ue4/murmel game LD/murmel2/DerivedDataCache/DDC.ddp not found, will not use a pak cache.
[2017.05.05-21.45.26:263][  0]LogDerivedDataCache: Unable to find inner node Pak for hierarchical cache Hierarchy.
[2017.05.05-21.45.26:263][  0]LogDerivedDataCache: FDerivedDataBackendGraph:  CompressedPak pak cache file E:/gremmlin daten/desktop/ue4/murmel game LD/murmel2/DerivedDataCache/Compressed.ddp not found, will not use a pak cache.
[2017.05.05-21.45.26:263][  0]LogDerivedDataCache: Unable to find inner node CompressedPak for hierarchical cache Hierarchy.
[2017.05.05-21.45.26:292][  0]LogDerivedDataCache:Display: Pak cache opened for reading ../../../Engine/DerivedDataCache/Compressed.ddp.
[2017.05.05-21.45.26:305][  0]LogDerivedDataCache: Using Local data cache path C:/Users/Gremmlin/AppData/Local/UnrealEngine/Common/DerivedDataCache: Writable
[2017.05.05-21.45.26:322][  0]LogSlate: Using Freetype 2.6.0
[2017.05.05-21.45.26:323][  0]LogSlate: SlateFontCache - WITH_FREETYPE: 1, WITH_HARFBUZZ: 1
[2017.05.05-21.45.26:323][  0]LogSlate: SlateFontCache - WITH_FREETYPE: 1, WITH_HARFBUZZ: 1
[2017.05.05-21.45.26:809][  0]LogInit: Selected Device Profile: [Windows]
[2017.05.05-21.45.26:816][  0]LogContentStreaming: Texture pool size is 0.00 MB
[2017.05.05-21.45.27:093][  0]LogMeshUtilities: Using QuadricMeshReduction for automatic static mesh reduction
[2017.05.05-21.45.27:145][  0]LogSimplygon: Simplygon DLL not present - disabling.
[2017.05.05-21.45.27:200][  0]LogMeshUtilities: Using SimplygonSwarm for distributed automatic mesh merging
[2017.05.05-21.45.27:200][  0]LogMeshUtilities: No automatic skeletal mesh reduction module available
[2017.05.05-21.45.27:200][  0]LogMeshUtilities: No automatic mesh merging module available
[2017.05.05-21.45.27:986][  0]LogNetVersion: GetLocalNetworkVersion: CL: 3299760, ProjectName: murmel2, ProjectVersion: , EngineNetworkVersion: 2, GameNetworkVersion: 0, NetworkChecksum: 3639395430
[2017.05.05-21.45.28:032][  0]LogAssetRegistry: FAssetRegistry took 0.0205 seconds to start up
[2017.05.05-21.45.28:080][  0]LogPackageLocalizationCache: Processed 3 localized package path(s) for 1 prioritized culture(s) in 0.022549 seconds
[2017.05.05-21.45.28:092][  0]LogUObjectArray: 32493 objects as part of root set at end of initial load.
[2017.05.05-21.45.28:092][  0]LogUObjectAllocator: 7077024 out of 0 bytes used by permanent object pool.
[2017.05.05-21.45.28:092][  0]LogUObjectArray: CloseDisregardForGC: 0/0 objects in disregard for GC pool
[2017.05.05-21.45.28:181][  0]LogInit: WinSock: version 1.1 (2.2), MaxSocks=32767, MaxUdp=65467
[2017.05.05-21.45.30:159][  0]LogTcpMessaging: Initializing TcpMessaging bridge
[2017.05.05-21.45.30:207][  0]LogUdpMessaging: Initializing bridge on interface 0.0.0.0:0 to multicast group 230.0.0.1:6666.
[2017.05.05-21.45.30:756][  0]LogMaterial: Uniform references updated for custom material expression Custom.
[2017.05.05-21.45.31:221][  0]SourceControl: Info Source control is disabled
[2017.05.05-21.45.31:222][  0]SourceControl: Info Source control is disabled
[2017.05.05-21.45.31:278][  0]SourceControl: Info Source control is disabled
[2017.05.05-21.45.31:332][  0]SourceControl: Info Source control is disabled
[2017.05.05-21.45.31:683][  0]LogLinker:Warning: Can't find file '/Game/2DSideScrollerBP/2DSideScrollerOverview'
[2017.05.05-21.45.31:683][  0]LogLinker:Warning: Can't find file '/Game/2DSideScrollerBP/2DSideScrollerOverview'
[2017.05.05-21.45.31:683][  0]LogUObjectGlobals:Warning: Failed to find object 'Class /Game/2DSideScrollerBP/2DSideScrollerOverview.2DSideScrollerOverview_C'
[2017.05.05-21.45.32:901][  0]LogEngine: Initializing Engine...
[2017.05.05-21.45.32:902][  0]LogHMD: Failed to initialize OpenVR with code 110
[2017.05.05-21.45.33:058][  0]LogStats: UGameplayTagsManager::ConstructGameplayTagTree: Construct from data asset -  0.000 s
[2017.05.05-21.45.33:058][  0]LogStats: UGameplayTagsManager::ConstructGameplayTagTree: GameplayTagTreeChangedEvent.Broadcast -  0.000 s
[2017.05.05-21.45.33:215][  0]LogAIModule: Creating AISystem for world Untitled
[2017.05.05-21.45.33:237][  0]LogInit: XAudio2 using 'Lautsprecher (VIA High Definition Audio)' : 2 channels at 48 kHz using 32 bits per sample (channel mask 0x3)
[2017.05.05-21.45.33:244][  0]LogInit: FAudioDevice initialized.
[2017.05.05-21.45.33:318][  0]LogDerivedDataCache: Saved boot cache 0.07s 50MB C:/Users/Gremmlin/AppData/Local/UnrealEngine/4.15/DerivedDataCache/Boot.ddc.
[2017.05.05-21.45.33:340][  0]LogInit: Texture streaming: Enabled
[2017.05.05-21.45.33:459][  0]LogEngineSessionManager: EngineSessionManager initialized
[2017.05.05-21.45.33:572][  0]LogInit: Transaction tracking system initialized
[2017.05.05-21.45.34:039][  0]BlueprintLog: New page: Editor Load
[2017.05.05-21.45.35:224][  0]LocalizationService: Info Localization service is disabled
[2017.05.05-21.45.36:096][  0]LogConsoleResponse:Display: 
[2017.05.05-21.45.36:268][  0]LogCook:Display: Max memory allowance for cook 16384mb min free memory 0mb
[2017.05.05-21.45.36:268][  0]LogCook:Display: Mobile HDR setting 1
[2017.05.05-21.45.37:191][  0]LogFileCache: Scanning file cache for directory 'E:/gremmlin daten/desktop/ue4/murmel game LD/murmel2/Content/' took 0.01s
[2017.05.05-21.45.37:568][  0]SourceControl: Info Source control is disabled
[2017.05.05-21.45.37:568][  0]Cmd: MAP LOAD FILE="../../../Engine/Content/Maps/Templates/Template_Default.umap" TEMPLATE=1 SHOWPROGRESS=1 FEATURELEVEL=3
[2017.05.05-21.45.37:569][  0]LightingResults: New page: Lighting Build
[2017.05.05-21.45.37:620][  0]MapCheck: New page: Map Check
[2017.05.05-21.45.37:620][  0]LightingResults: New page: Lighting Build
[2017.05.05-21.45.37:975][  0]LogAIModule: Creating AISystem for world Untitled_1
[2017.05.05-21.45.38:006][  0]LogActorComponent: RegisterComponentWithWorld: (/Temp/Untitled_1.Untitled_1:PersistentLevel.WorldSettings_1.StaticMeshComponent0) Trying to register component with IsPendingKill() == true. Aborting.
[2017.05.05-21.45.38:010][  0]LogEditorServer: Finished looking for orphan Actors (0.000 secs)
[2017.05.05-21.45.38:015][  0]Cmd: MAP CHECKDEP NOCLEARLOG
[2017.05.05-21.45.38:055][  0]MapCheck: Info Map check complete: 0 Error(s), 0 Warning(s), took 40.012ms to complete.
[2017.05.05-21.45.38:055][  0]LogFileHelpers: Loading map 'Template_Default' took 0.487
[2017.05.05-21.45.38:288][  0]LogCollectionManager: Loaded 1 collections in 0.001767 seconds
[2017.05.05-21.45.38:381][  0]LogFileCache: Scanning file cache for directory 'E:/gremmlin daten/desktop/ue4/murmel game LD/murmel2/Saved/Collections/' took 0.01s
[2017.05.05-21.45.38:381][  0]LogFileCache: Scanning file cache for directory 'E:/gremmlin daten/desktop/ue4/murmel game LD/murmel2/Content/Developers/Gremmlin/Collections/' took 0.01s
[2017.05.05-21.45.38:381][  0]LogFileCache: Scanning file cache for directory 'E:/gremmlin daten/desktop/ue4/murmel game LD/murmel2/Content/Collections/' took 0.01s
[2017.05.05-21.45.38:381][  0]LogCollectionManager: Rebuilt the GUID cache for 1 collections in 0.000005 seconds
[2017.05.05-21.45.38:381][  0]LogCollectionManager: Rebuilt the hierarchy cache for 1 collections in 0.000000 seconds
[2017.05.05-21.45.38:396][  0]LogContentBrowser: Native class hierarchy populated in 0.0144 seconds. Added 2246 classes and 456 folders.
[2017.05.05-21.45.38:472][  0]LogContentBrowser: Native class hierarchy updated for 'WidgetCarousel' in 0.0007 seconds. Added 0 classes and 0 folders.
[2017.05.05-21.45.38:517][  0]LogContentBrowser: Native class hierarchy updated for 'AddContentDialog' in 0.0007 seconds. Added 0 classes and 0 folders.
[2017.05.05-21.45.38:566][  0]LogContentBrowser: Native class hierarchy updated for 'SceneOutliner' in 0.0007 seconds. Added 1 classes and 2 folders.
[2017.05.05-21.45.38:696][  0]LogCrashTracker: Crashtracker disabled due to settings.
[2017.05.05-21.45.38:719][  0]LogDirectoryWatcher:Warning: Failed to begin reading directory changes for E:/gremmlin daten/desktop/ue4/murmel game LD/murmel2/Plugins/. Error: Das System kann die angegebene Datei nicht finden. (0x00000002)
[2017.05.05-21.45.38:726][  0]LogUObjectGlobals:Warning: Failed to find object 'Class None.'
[2017.05.05-21.45.38:798][  0]LogContentBrowser: Native class hierarchy updated for 'HierarchicalLODOutliner' in 0.0007 seconds. Added 1 classes and 2 folders.
[2017.05.05-21.45.38:798][  0]LogLoad: (Engine Initialization) Total time: 21.08 seconds
[2017.05.05-21.45.38:798][  0]LogLoad: (Engine Initialization) Total Blueprint compile time: 0.13 seconds
[2017.05.05-21.45.38:798][  0]LogExternalProfiler: No external profilers were discovered.  External profiling features will not be available.
[2017.05.05-21.45.38:811][  0]LogOcInput: OculusInput pre-init called
[2017.05.05-21.45.38:831][  0]LogContentStreaming: Texture pool size now 1000 MB
[2017.05.05-21.45.38:832][  0]LogSlate: Took 0.000243 seconds to synchronously load lazily loaded font '../../../Engine/Content/Slate/Fonts/Roboto-Regular.ttf' (155K)
[2017.05.05-21.45.38:838][  0]LogSlate: Took 0.000337 seconds to synchronously load lazily loaded font '../../../Engine/Content/Slate/Fonts/Roboto-Bold.ttf' (160K)
[2017.05.05-21.45.38:845][  0]LogSlate: Took 0.000221 seconds to synchronously load lazily loaded font '../../../Engine/Content/Editor/Slate/Fonts/FontAwesome.ttf' (139K)
[2017.05.05-21.45.38:948][  0]LogSlate: Took 0.000269 seconds to synchronously load lazily loaded font '../../../Engine/Content/Slate/Fonts/Roboto-Light.ttf' (159K)
[2017.05.05-21.45.39:038][  0]LogRenderer: Reallocating scene render targets to support 740x640 NumSamples 1 (Frame:2).
[2017.05.05-21.45.39:335][  3]LogAssetRegistry: Asset discovery search completed in 11.3247 seconds
[2017.05.05-21.45.39:336][  3]LogCollectionManager: Rebuilt the object cache for 1 collections in 0.000013 seconds (found 0 objects)
[2017.05.05-21.45.39:336][  3]LogCollectionManager: Fixed up redirectors for 1 collections in 0.000036 seconds (updated 0 objects)
[2017.05.05-21.45.39:851][ 52]LogSlate: Took 0.000329 seconds to synchronously load lazily loaded font '../../../Engine/Content/Slate/Fonts/Roboto-Light.ttf' (159K)
[2017.05.05-21.45.41:809][154]LogDirectoryWatcher: A directory notification for '../../../Engine/Plugins/' was aborted.
[2017.05.05-21.45.49:217][502]LogSlate: Took 0.000265 seconds to synchronously load lazily loaded font '../../../Engine/Content/Slate/Fonts/Roboto-Light.ttf' (159K)
[2017.05.05-21.45.49:545][502]LogAIModule: Creating AISystem for world Map01
[2017.05.05-21.45.49:607][502]Cmd: MAP LOAD FILE="E:/gremmlin daten/desktop/ue4/murmel game LD/murmel2/Content/maps/Map01.umap" TEMPLATE=0 SHOWPROGRESS=1 FEATURELEVEL=3
[2017.05.05-21.45.49:608][502]LightingResults: New page: Lighting Build
[2017.05.05-21.45.49:610][502]LoadErrors: New page: Loading map: Map01.umap
[2017.05.05-21.45.49:610][502]MapCheck: New page: Map Check
[2017.05.05-21.45.49:610][502]LightingResults: New page: Lighting Build
[2017.05.05-21.45.49:730][502]LogEditorServer: Finished looking for orphan Actors (0.000 secs)
[2017.05.05-21.45.49:775][502]Cmd: MAP CHECKDEP NOCLEARLOG
[2017.05.05-21.45.49:821][502]MapCheck: Info Map check complete: 0 Error(s), 0 Warning(s), took 46.036ms to complete.
[2017.05.05-21.45.49:821][502]LogFileHelpers: Loading map 'Map01' took 0.215
[2017.05.05-21.45.51:387][580]LogEditorViewport: Clicking on Actor (LMB): background_Cue_Blueprint_C (background_Cue_Blueprint)
[2017.05.05-21.45.56:011][828]LogContentBrowser: Native class hierarchy updated for 'BlueprintGraph' in 0.0013 seconds. Added 112 classes and 0 folders.
[2017.05.05-21.45.57:024][828]LogSlate: Took 0.000334 seconds to synchronously load lazily loaded font '../../../Engine/Content/Editor/Slate/Fonts/Roboto-BoldCondensed.ttf' (158K)
[2017.05.05-21.46.08:317][410]LogSlate: Took 0.000317 seconds to synchronously load lazily loaded font '../../../Engine/Content/Editor/Slate/Fonts/Roboto-Italic.ttf' (157K)
[2017.05.05-21.46.08:948][433]LogRenderer: Reallocating scene render targets to support 844x700 NumSamples 1 (Frame:1056).
[2017.05.05-21.46.38:969][238]LogDirectoryWatcher:Warning: Failed to begin reading directory changes for E:/gremmlin daten/desktop/ue4/murmel game LD/murmel2/Plugins/. Error: Das System kann die angegebene Datei nicht finden. (0x00000002)
[2017.05.05-21.46.46:136][762]LogDirectoryWatcher: A directory notification for '../../../Engine/Plugins/' was aborted.
[2017.05.05-21.47.17:495][ 50]LogSlate: Only BGRA pngs, bmps or icos are supported in by External Image Picker
[2017.05.05-21.47.17:758][ 59]LogTemp:Display: Executing iPhonePackager certificates Engine -bundlename com.YourCompany.murmel2

[2017.05.05-21.47.17:758][ 59]LogTemp:Display: CWD: G:\Program Files (x86)\Epic Games\UE_4.15\Engine\Binaries\DotNET\IOS

[2017.05.05-21.47.17:758][ 59]LogTemp:Display: Initial Dir: G:\Program Files (x86)\Epic Games\UE_4.15

[2017.05.05-21.47.17:758][ 59]LogTemp:Display: Env CWD: G:\Program Files (x86)\Epic Games\UE_4.15\Engine\Binaries\DotNET\IOS

[2017.05.05-21.47.17:758][ 59]LogTemp:Display: BranchPath = GREMMLINATOR/G/Program Files (x86)/Epic Games/UE_4.15/Engine/Binaries --- GameBranchPath = GREMMLINATOR/G/Program Files (x86)/Epic Games/UE_4.15/Engine/Binaries

[2017.05.05-21.47.17:854][ 64]LogTemp:Display: IPP ERROR: Application exception: System.IO.DirectoryNotFoundException: Could not find a part of the path 'C:\Users\Gremmlin\AppData\Local\Apple Computer\MobileDevice\Provisioning Profiles'.

[2017.05.05-21.47.17:854][ 64]LogTemp:Display:    at System.IO.__Error.WinIOError(Int32 errorCode, String maybeFullPath)

[2017.05.05-21.47.17:854][ 64]LogTemp:Display:    at System.IO.FileSystemEnumerableIterator`1.CommonInit()

[2017.05.05-21.47.17:854][ 64]LogTemp:Display:    at System.IO.FileSystemEnumerableIterator`1..ctor(String path, String originalUserPath, String searchPattern, SearchOption searchOption, SearchResultHandler`1 resultHandler, Boolean checkHost)

[2017.05.05-21.47.17:854][ 64]LogTemp:Display:    at System.IO.Directory.EnumerateFiles(String path, String searchPattern)

[2017.05.05-21.47.17:854][ 64]LogTemp:Display:    at iPhonePackager.CodeSignatureBuilder.FindProvisions(String CFBundleIdentifier)

[2017.05.05-21.47.17:854][ 64]LogTemp:Display:    at iPhonePackager.Program.Main(String[] args)

[2017.05.05-21.54.25:240][820]BlueprintLog: New page: Compile Map01
[2017.05.05-21.54.35:883][101]Cmd: OBJ SAVEPACKAGE PACKAGE="/Game/background_Cue_Blueprint" FILE="E:/gremmlin daten/desktop/ue4/murmel game LD/murmel2/Content/background_Cue_Blueprint.uasset" SILENT=true
[2017.05.05-21.54.35:901][101]LogSavePackage: Save=11.05ms
[2017.05.05-21.54.35:901][101]LogSavePackage: Moving 'E:/gremmlin daten/desktop/ue4/murmel game LD/murmel2/Saved/background_Cue_Blueprint8AFD893E49E26675A1EC2A855C0B5AD1.tmp' to 'E:/gremmlin daten/desktop/ue4/murmel game LD/murmel2/Content/background_Cue_Blueprint.uasset'
[2017.05.05-21.54.35:906][101]LogSavePackage:Display: Finished SavePackage E:/gremmlin daten/desktop/ue4/murmel game LD/murmel2/Content/background_Cue_Blueprint.uasset
[2017.05.05-21.54.35:958][101]Cmd: OBJ SAVEPACKAGE PACKAGE="/Game/maps/Map01" FILE="E:/gremmlin daten/desktop/ue4/murmel game LD/murmel2/Content/maps/Map01.umap" SILENT=true AUTOSAVING=false KEEPDIRTY=false
[2017.05.05-21.54.36:346][101]LogSlate: Took 0.000207 seconds to synchronously load lazily loaded font '../../../Engine/Content/Slate/Fonts/Roboto-Regular.ttf' (155K)
[2017.05.05-21.54.36:400][101]LogSavePackage: Save=370.41ms
[2017.05.05-21.54.36:400][101]LogSavePackage: Moving 'E:/gremmlin daten/desktop/ue4/murmel game LD/murmel2/Saved/Map01F27043794ECB7A4614BA809195FF8DC4.tmp' to 'E:/gremmlin daten/desktop/ue4/murmel game LD/murmel2/Content/maps/Map01.umap'
[2017.05.05-21.54.36:407][101]LogSavePackage:Display: Finished SavePackage E:/gremmlin daten/desktop/ue4/murmel game LD/murmel2/Content/maps/Map01.umap
[2017.05.05-21.54.36:451][101]LogFileHelpers: Saving map 'Map01' took 0.545
[2017.05.05-21.54.36:452][101]Cmd: OBJ SAVEPACKAGE PACKAGE="/Game/sounds/NewSoundCue" FILE="E:/gremmlin daten/desktop/ue4/murmel game LD/murmel2/Content/sounds/NewSoundCue.uasset" SILENT=true
[2017.05.05-21.54.36:456][101]LogSavePackage: Save=2.62ms
[2017.05.05-21.54.36:456][101]LogSavePackage: Moving 'E:/gremmlin daten/desktop/ue4/murmel game LD/murmel2/Saved/NewSoundCueB53D850B4696B279B34914AFC301D665.tmp' to 'E:/gremmlin daten/desktop/ue4/murmel game LD/murmel2/Content/sounds/NewSoundCue.uasset'
[2017.05.05-21.54.36:460][101]LogSavePackage:Display: Finished SavePackage E:/gremmlin daten/desktop/ue4/murmel game LD/murmel2/Content/sounds/NewSoundCue.uasset
[2017.05.05-21.54.36:465][101]Cmd: MAP LOAD FILE="E:/gremmlin daten/desktop/ue4/murmel game LD/murmel2/Content/maps/Map01.umap" TEMPLATE=0 SHOWPROGRESS=1 FEATURELEVEL=3
[2017.05.05-21.54.36:465][101]LightingResults: New page: Lighting Build
[2017.05.05-21.54.36:468][101]LoadErrors: New page: Loading map: Map01.umap
[2017.05.05-21.54.36:535][101]MapCheck: New page: Map Check
[2017.05.05-21.54.36:535][101]LightingResults: New page: Lighting Build
[2017.05.05-21.54.36:670][101]LogAIModule: Creating AISystem for world Map01
[2017.05.05-21.54.36:808][101]LogEditorServer: Finished looking for orphan Actors (0.000 secs)
[2017.05.05-21.54.36:854][101]Cmd: MAP CHECKDEP NOCLEARLOG
[2017.05.05-21.54.36:912][101]MapCheck: Info Map check complete: 0 Error(s), 0 Warning(s), took 57.767ms to complete.
[2017.05.05-21.54.36:914][101]LogFileHelpers: Loading map 'Map01' took 0.452
[2017.05.05-21.54.54:026][283]Cmd: CAMERA ALIGN ACTIVEVIEWPORTONLY
[2017.05.05-21.54.56:895][402]LogTemp: Repeting last play command: New Editor Window (PIE)
[2017.05.05-21.54.56:935][402]LogBlueprintUserMessages: Early PlayInEditor Detection: Level '/Game/maps/Map01.Map01:PersistentLevel' has LevelScriptBlueprint '/Game/maps/Map01.Map01:PersistentLevel.Map01' with GeneratedClass '/Game/maps/Map01.Map01_C' with ClassGeneratedBy '/Game/maps/Map01.Map01:PersistentLevel.Map01'
[2017.05.05-21.54.56:935][402]BlueprintLog: New page: Pre-Play auto-recompile
[2017.05.05-21.54.56:935][402]LogPlayLevel: [PlayLevel] Compiling background_Cue_Blueprint before play...
[2017.05.05-21.54.57:085][402]LogPlayLevel: PlayLevel: Blueprint regeneration took 150 ms (1 blueprints)
[2017.05.05-21.54.57:086][402]PIE: New page: PIE session: Map01 (May 6, 2017, 1:54:57 AM)
[2017.05.05-21.54.57:086][402]LogPlayLevel: Creating play world package: /Game/maps/UEDPIE_0_Map01
[2017.05.05-21.54.57:107][402]LogPlayLevel: PIE: StaticDuplicateObject took: (0.021102s)
[2017.05.05-21.54.57:108][402]LogAIModule: Creating AISystem for world Map01
[2017.05.05-21.54.57:108][402]LogPlayLevel: PIE: World Init took: (0.001132s)
[2017.05.05-21.54.57:108][402]LogPlayLevel: PIE: Created PIE world by copying editor world from /Game/maps/Map01.Map01 to /Game/maps/UEDPIE_0_Map01.Map01 (0.022521s)
[2017.05.05-21.54.57:160][402]LogInit: XAudio2 using 'Lautsprecher (VIA High Definition Audio)' : 2 channels at 48 kHz using 32 bits per sample (channel mask 0x3)
[2017.05.05-21.54.57:164][402]LogInit: FAudioDevice initialized.
[2017.05.05-21.54.57:259][402]LogLoad: Game class is 'game_mode_C'
[2017.05.05-21.54.57:265][402]LogWorld: Bringing World /Game/maps/UEDPIE_0_Map01.Map01 up for play (max tick rate 0) at 2017.05.05-23.54.57
[2017.05.05-21.54.57:266][402]LogWorld: Bringing up level for play took: 0.006226
[2017.05.05-21.54.57:319][402]LogContentBrowser: Native class hierarchy updated for 'MovieSceneCapture' in 0.0008 seconds. Added 11 classes and 0 folders.
[2017.05.05-21.54.57:319][402]LogGameMode:Display: Match State Changed from EnteringMap to WaitingToStart
[2017.05.05-21.54.57:319][402]LogGameState: Match State Changed from EnteringMap to WaitingToStart
[2017.05.05-21.54.57:319][402]LogGameMode:Display: Match State Changed from WaitingToStart to InProgress
[2017.05.05-21.54.57:320][402]LogGameState: Match State Changed from WaitingToStart to InProgress
[2017.05.05-21.54.57:327][402]PIE: Info Play in editor start time for /Game/maps/UEDPIE_0_Map01 -0.523
[2017.05.05-21.54.57:327][402]LogBlueprintUserMessages: Late PlayInEditor Detection: Level '/Game/maps/Map01.Map01:PersistentLevel' has LevelScriptBlueprint '/Game/maps/Map01.Map01:PersistentLevel.Map01' with GeneratedClass '/Game/maps/Map01.Map01_C' with ClassGeneratedBy '/Game/maps/Map01.Map01:PersistentLevel.Map01'
[2017.05.05-21.54.57:328][402]LogOutputDevice:Warning: 

Script Stack:
Map01_C.ExecuteUbergraph_Map01
Map01_C.ReceiveTick

[2017.05.05-21.54.57:332][402]LogWindows: Windows GetLastError: Der Vorgang wurde erfolgreich beendet. (0)
[2017.05.05-21.55.01:269][402]LogCrashTracker: 


[2017.05.05-21.55.01:269][402]LogCrashTracker: 


[2017.05.05-21.55.01:269][402]LogWindows:Error: === Critical error: ===
[2017.05.05-21.55.01:269][402]LogWindows:Error: 
[2017.05.05-21.55.01:269][402]LogWindows:Error: Assertion failed: (Index >= 0) & (Index < ArrayNum) [File:D:\Build\++UE4+Release-4.15+Compile\Sync\Engine\Source\Runtime\Core\Public\Containers/Array.h] [Line: 633] 
[2017.05.05-21.55.01:269][402]LogWindows:Error: Array index out of bounds: 0 from an array of size 0
[2017.05.05-21.55.01:269][402]LogWindows:Error: 
[2017.05.05-21.55.01:269][402]LogWindows:Error: 
[2017.05.05-21.55.01:269][402]LogWindows:Error: KERNELBASE.dll!0x00000000FD2CA06D
[2017.05.05-21.55.01:269][402]LogWindows:Error: UE4Editor-Core.dll!0x00000000EF8A64EE
[2017.05.05-21.55.01:269][402]LogWindows:Error: UE4Editor-Core.dll!0x00000000EF6CCEEE
[2017.05.05-21.55.01:269][402]LogWindows:Error: UE4Editor-Core.dll!0x00000000EF652729
[2017.05.05-21.55.01:269][402]LogWindows:Error: UE4Editor-SoundVisualizations.dll!0x00000000CF2229C4
[2017.05.05-21.55.01:269][402]LogWindows:Error: UE4Editor-SoundVisualizations.dll!0x00000000CF226F47
[2017.05.05-21.55.01:269][402]LogWindows:Error: UE4Editor-CoreUObject.dll!0x00000000EF0D509A
[2017.05.05-21.55.01:269][402]LogWindows:Error: UE4Editor-CoreUObject.dll!0x00000000EF207E6E
[2017.05.05-21.55.01:269][402]LogWindows:Error: UE4Editor-CoreUObject.dll!0x00000000EF229EC1
[2017.05.05-21.55.01:269][402]LogWindows:Error: UE4Editor-CoreUObject.dll!0x00000000EF22C0C2
[2017.05.05-21.55.01:269][402]LogWindows:Error: UE4Editor-CoreUObject.dll!0x00000000EF20887E
[2017.05.05-21.55.01:269][402]LogWindows:Error: UE4Editor-CoreUObject.dll!0x00000000EF251F73
[2017.05.05-21.55.01:269][402]LogWindows:Error: UE4Editor-CoreUObject.dll!0x00000000EF22C0C2
[2017.05.05-21.55.01:269][402]LogWindows:Error: UE4Editor-CoreUObject.dll!0x00000000EF0D509A
[2017.05.05-21.55.01:269][402]LogWindows:Error: UE4Editor-CoreUObject.dll!0x00000000EF22B43B
[2017.05.05-21.55.01:269][402]LogWindows:Error: UE4Editor-Engine.dll!0x00000000EBBE3922
[2017.05.05-21.55.01:269][402]LogWindows:Error: UE4Editor-Engine.dll!0x00000000ECE78B7B
[2017.05.05-21.55.01:269][402]LogWindows:Error: UE4Editor-Engine.dll!0x00000000EBC07D7E
[2017.05.05-21.55.01:269][402]LogWindows:Error: UE4Editor-Engine.dll!0x00000000EBC08719
[2017.05.05-21.55.01:269][402]LogWindows:Error: UE4Editor-Engine.dll!0x00000000EBBBAA2E
[2017.05.05-21.55.01:269][402]LogWindows:Error: UE4Editor-Engine.dll!0x00000000ECB3DB4D
[2017.05.05-21.55.01:269][402]LogWindows:Error: UE4Editor-Engine.dll!0x00000000ECB439CD
[2017.05.05-21.55.01:269][402]LogWindows:Error: UE4Editor-Core.dll!0x00000000EF52D84D
[2017.05.05-21.55.01:269][402]LogWindows:Error: UE4Editor-Core.dll!0x00000000EF52DC6D
[2017.05.05-21.55.01:269][402]LogWindows:Error: UE4Editor-Core.dll!0x00000000EF54CCEB
[2017.05.05-21.55.01:269][402]LogWindows:Error: UE4Editor-Engine.dll!0x00000000ECB689D1
[2017.05.05-21.55.01:269][402]LogWindows:Error: UE4Editor-Engine.dll!0x00000000ECB796A2
[2017.05.05-21.55.01:269][402]LogWindows:Error: UE4Editor-Engine.dll!0x00000000EC4A7B64
[2017.05.05-21.55.01:269][402]LogWindows:Error: UE4Editor-Engine.dll!0x00000000EC4AFC8B
[2017.05.05-21.55.01:269][402]LogWindows:Error: UE4Editor-UnrealEd.dll!0x00000000DF8B6D8E
[2017.05.05-21.55.01:269][402]LogWindows:Error: UE4Editor-UnrealEd.dll!0x00000000E00C2156
[2017.05.05-21.55.01:269][402]LogWindows:Error: UE4Editor.exe!0x000000003FDEDEE3
[2017.05.05-21.55.01:269][402]LogWindows:Error: UE4Editor.exe!0x000000003FDDEB40
[2017.05.05-21.55.01:269][402]LogWindows:Error: UE4Editor.exe!0x000000003FDDEBBA
[2017.05.05-21.55.01:269][402]LogWindows:Error: UE4Editor.exe!0x000000003FDF0A29
[2017.05.05-21.55.01:269][402]LogWindows:Error: UE4Editor.exe!0x000000003FDF22B6
[2017.05.05-21.55.01:269][402]LogWindows:Error: kernel32.dll!0x00000000771959CD
[2017.05.05-21.55.01:269][402]LogWindows:Error: ntdll.dll!0x00000000773CA561
[2017.05.05-21.55.01:269][402]LogWindows:Error: ntdll.dll!0x00000000773CA561
[2017.05.05-21.55.01:269][402]LogWindows:Error: 
[2017.05.05-21.55.01:272][402]LogExit: Executing StaticShutdownAfterError
[2017.05.05-21.55.01:278][402]LogWindows: FPlatformMisc::RequestExit(1)
[2017.05.05-21.55.01:278][402]Log file closed, 05/05/17 23:55:01
