Log file open, 06/17/17 20:59:49
LogInit:Display: Running engine for game: murmel2
LogPlatformFile: Not using cached read wrapper
LogInit:Display: RandInit(-406882579) SRandInit(-406882578).
LogTaskGraph: Started task graph with 5 named threads and 6 total threads with 1 sets of task threads.
LogStats: Stats thread started at 0.142990
LogInit: Using libcurl 7.47.1
LogInit:  - built for x86_64-pc-win32
LogInit:  - supports SSL with OpenSSL/1.0.2g
LogInit:  - supports HTTP deflate (compression) using libz 1.2.8
LogInit:  - other features:
LogInit:      CURL_VERSION_SSL
LogInit:      CURL_VERSION_LIBZ
LogInit:      CURL_VERSION_IPV6
LogInit:      CURL_VERSION_ASYNCHDNS
LogInit:      CURL_VERSION_LARGEFILE
LogInit:      CURL_VERSION_IDN
LogInit:  CurlRequestOptions (configurable via config and command line):
LogInit:  - bVerifyPeer = false  - Libcurl will NOT verify peer certificate
LogInit:  - bUseHttpProxy = false  - Libcurl will NOT use HTTP proxy
LogInit:  - bDontReuseConnections = false  - Libcurl will reuse connections
LogInit:  - CertBundlePath = nullptr  - Libcurl will use whatever was configured at build time.
LogInit: Build: ++UE4+Release-4.15-CL-3416026
LogInit: Engine Version: 4.15.2-3416026+++UE4+Release-4.15
LogInit: Compatible Engine Version: 4.15.0-3299760+++UE4+Release-4.15
LogInit: Net CL: 3299760
LogDevObjectVersion: Number of dev versions registered: 14
LogDevObjectVersion:   Dev-Blueprints (B0D832E4-1F89-4F0D-ACCF-7EB736FD4AA2): 8
LogDevObjectVersion:   Dev-Build (E1C64328-A22C-4D53-A36C-8E866417BD8C): 0
LogDevObjectVersion:   Dev-Core (375EC13C-06E4-48FB-B500-84F0262A717E): 2
LogDevObjectVersion:   Dev-Editor (E4B068ED-F494-42E9-A231-DA0B2E46BB41): 14
LogDevObjectVersion:   Dev-Framework (CFFC743F-43B0-4480-9391-14DF171D2073): 22
LogDevObjectVersion:   Dev-Mobile (B02B49B5-BB20-44E9-A304-32B752E40360): 0
LogDevObjectVersion:   Dev-Networking (A4E4105C-59A1-49B5-A7C5-40C4547EDFEE): 0
LogDevObjectVersion:   Dev-Online (39C831C9-5AE6-47DC-9A44-9C173E1C8E7C): 0
LogDevObjectVersion:   Dev-Physics (78F01B33-EBEA-4F98-B9B4-84EACCB95AA2): 0
LogDevObjectVersion:   Dev-Platform (6631380F-2D4D-43E0-8009-CF276956A95A): 0
LogDevObjectVersion:   Dev-Rendering (12F88B9F-8875-4AFC-A67C-D90C383ABD29): 12
LogDevObjectVersion:   Dev-Sequencer (7B5AE74C-D270-4C10-A958-57980B212A5A): 3
LogDevObjectVersion:   Dev-VR (D7296918-1DD6-4BDD-9DE2-64A83CC13884): 0
LogDevObjectVersion:   Dev-LoadTimes (C2A15278-BFE7-4AFE-6C17-90FF531DF755): 1
LogInit: Compiled (64-bit): May  1 2017 13:11:28
LogInit: Compiled with Visual C++: 19.00.23026.00
LogInit: Build Configuration: Development
LogInit: Branch Name: ++UE4+Release-4.15
LogInit: Command line:  
LogInit: Base directory: G:/Program Files (x86)/Epic Games/UE_4.15/Engine/Binaries/Win64/
LogInit: Installed Engine Build: 1
LogInit: Presizing for max 8388607 objects, including 0 objects not considered by GC, pre-allocating 0 bytes for permanent pool.
LogInit: Object subsystem initialized
[2017.06.17-18.59.51:059][  0]LogInit: Selected Device Profile: [Windows]
[2017.06.17-18.59.51:059][  0]LogInit: Applying CVar settings loaded from the selected device profile: [Windows]
[2017.06.17-18.59.51:073][  0]LogInit: Computer: GREMMLINATOR
[2017.06.17-18.59.51:073][  0]LogInit: User: Gremmlin
[2017.06.17-18.59.51:073][  0]LogInit: CPU Page size=65536, Cores=2
[2017.06.17-18.59.51:073][  0]LogInit: High frequency timer resolution =4.120146 MHz
[2017.06.17-18.59.51:074][  0]LogMemory: Memory total: Physical=8.0GB (8GB approx)
[2017.06.17-18.59.51:074][  0]LogMemory: Platform Memory Stats for Windows
[2017.06.17-18.59.51:074][  0]LogMemory: Process Physical Memory: 262.73 MB used, 262.73 MB peak
[2017.06.17-18.59.51:074][  0]LogMemory: Process Virtual Memory: 263.06 MB used, 263.06 MB peak
[2017.06.17-18.59.51:074][  0]LogMemory: Physical Memory: 4530.82 MB used,  3643.30 MB free, 8174.12 MB total
[2017.06.17-18.59.51:074][  0]LogMemory: Virtual Memory: 615.73 MB used,  3643.30 MB free, 8388608.00 MB total
[2017.06.17-18.59.51:190][  0]LogTextLocalizationManager: No translations for ('de-DE') exist, falling back to 'en' for localization and internationalization data.
[2017.06.17-18.59.52:184][  0]LogD3D11RHI: D3D11 adapters:
[2017.06.17-18.59.52:211][  0]LogD3D11RHI:    0. 'NVIDIA GeForce GTX 960' (Feature Level 11_0)
[2017.06.17-18.59.52:211][  0]LogD3D11RHI:       1969/0/2048 MB DedicatedVideo/DedicatedSystem/SharedSystem, Outputs:2, VendorId:0x10de
[2017.06.17-18.59.52:211][  0]LogD3D11RHI: Chosen D3D11 Adapter: 0
[2017.06.17-18.59.52:222][  0]LogD3D11RHI: Creating new Direct3DDevice
[2017.06.17-18.59.52:222][  0]LogD3D11RHI:     GPU DeviceId: 0x1401 (for the marketing name, search the web for "GPU Device Id")
[2017.06.17-18.59.52:222][  0]LogWindows: EnumDisplayDevices:
[2017.06.17-18.59.52:222][  0]LogWindows:    0. 'NVIDIA GeForce GTX 960' (P:0 D:1)
[2017.06.17-18.59.52:223][  0]LogWindows:    1. 'NVIDIA GeForce GTX 960' (P:1 D:1)
[2017.06.17-18.59.52:223][  0]LogWindows:    2. 'NVIDIA GeForce GTX 960' (P:0 D:0)
[2017.06.17-18.59.52:223][  0]LogWindows:    3. 'NVIDIA GeForce GTX 960' (P:0 D:0)
[2017.06.17-18.59.52:223][  0]LogWindows:    4. 'RDPDD Chained DD' (P:0 D:0)
[2017.06.17-18.59.52:224][  0]LogWindows:    5. 'RDP Encoder Mirror Driver' (P:0 D:0)
[2017.06.17-18.59.52:224][  0]LogWindows:    6. 'RDP Reflector Display Driver' (P:0 D:0)
[2017.06.17-18.59.52:224][  0]LogWindows: DebugString: GetVideoDriverDetailsInvalid PrimaryIsNotTheChoosenAdapter GetVideoDriverDetailsInvalid PrimaryIsNotTheChoosenAdapter GetVideoDriverDetailsInvalid PrimaryIsNotTheChoosenAdapter FoundDriverCount:4 
[2017.06.17-18.59.52:224][  0]LogD3D11RHI:     Adapter Name: NVIDIA GeForce GTX 960
[2017.06.17-18.59.52:224][  0]LogD3D11RHI:   Driver Version: 353.30 (internal:10.18.13.5330, unified:353.30)
[2017.06.17-18.59.52:224][  0]LogD3D11RHI:      Driver Date: 6-17-2015
[2017.06.17-18.59.52:224][  0]LogRHI: Texture pool is 1361 MB (70% of 1945 MB)
[2017.06.17-18.59.52:240][  0]LogD3D11RHI: NvAPI_D3D_GetCurrentSLIState failed: 0xfffffff7
[2017.06.17-18.59.52:240][  0]LogD3D11RHI: [Aftermath] Aftermath enabled but failed to initialize due to reason: DriverVersionNotSupported
[2017.06.17-18.59.52:240][  0]LogD3D11RHI: Async texture creation enabled
[2017.06.17-18.59.52:259][  0]LogD3D11RHI: GPU Timing Frequency: 1000.000000 (Debug: 2 2)
[2017.06.17-18.59.52:263][  0]LogShaderCompilers: Guid format shader working directory is -3 characters bigger than the processId version (E:/gremmlin daten/desktop/ue4/murmel game LD/murmel2/Intermediate/Shaders/WorkingDirectory/7160/).
[2017.06.17-18.59.52:263][  0]LogShaderCompilers: Cleaned the shader compiler working directory 'C:/Users/Gremmlin/AppData/Local/Temp/UnrealShaderWorkingDir/7A3C8818406045928C7DBDACCF9B3F76/'.
[2017.06.17-18.59.52:263][  0]LogShaderCompilers:Display: Using Local Shader Compiler.
[2017.06.17-18.59.54:367][  0]LogTemp:Display: Loaded TP AllDesktopTargetPlatform
[2017.06.17-18.59.54:461][  0]LogTemp:Display: Loaded TP MacClientTargetPlatform
[2017.06.17-18.59.54:553][  0]LogTemp:Display: Loaded TP MacNoEditorTargetPlatform
[2017.06.17-18.59.54:651][  0]LogTemp:Display: Loaded TP MacServerTargetPlatform
[2017.06.17-18.59.54:754][  0]LogTemp:Display: Loaded TP MacTargetPlatform
[2017.06.17-18.59.54:842][  0]LogTemp:Display: Loaded TP WindowsClientTargetPlatform
[2017.06.17-18.59.54:942][  0]LogTemp:Display: Loaded TP WindowsNoEditorTargetPlatform
[2017.06.17-18.59.55:041][  0]LogTemp:Display: Loaded TP WindowsServerTargetPlatform
[2017.06.17-18.59.55:110][  0]LogTemp:Display: Loaded TP WindowsTargetPlatform
[2017.06.17-18.59.55:195][  0]LogTemp:Display: Loaded TP AndroidTargetPlatform
[2017.06.17-18.59.55:293][  0]LogTemp:Display: Loaded TP Android_ASTCTargetPlatform
[2017.06.17-18.59.55:381][  0]LogTemp:Display: Loaded TP Android_ATCTargetPlatform
[2017.06.17-18.59.55:466][  0]LogTemp:Display: Loaded TP Android_DXTTargetPlatform
[2017.06.17-18.59.55:551][  0]LogTemp:Display: Loaded TP Android_ETC1TargetPlatform
[2017.06.17-18.59.55:646][  0]LogTemp:Display: Loaded TP Android_ETC2TargetPlatform
[2017.06.17-18.59.55:820][  0]LogTemp:Display: Loaded TP Android_MultiTargetPlatform
[2017.06.17-18.59.55:820][  0]LogTemp:Display: Loaded TP Android_PVRTCTargetPlatform
[2017.06.17-18.59.55:880][  0]LogTemp:Display: Loaded TP HTML5TargetPlatform
[2017.06.17-18.59.56:032][  0]LogTemp:Display: Loaded TP IOSTargetPlatform
[2017.06.17-18.59.56:084][  0]LogTemp:Display: Loaded TP TVOSTargetPlatform
[2017.06.17-18.59.56:178][  0]LogTemp:Display: Loaded TP LinuxClientTargetPlatform
[2017.06.17-18.59.56:269][  0]LogTemp:Display: Loaded TP LinuxNoEditorTargetPlatform
[2017.06.17-18.59.56:354][  0]LogTemp:Display: Loaded TP LinuxServerTargetPlatform
[2017.06.17-18.59.56:452][  0]LogTemp:Display: Loaded TP LinuxTargetPlatform
[2017.06.17-18.59.56:452][  0]LogTargetPlatformManager:Display: Building Assets For Windows
[2017.06.17-18.59.57:132][  0]LogDerivedDataCache:Display: Max Cache Size: 512 MB
[2017.06.17-18.59.57:279][  0]LogDerivedDataCache: Loaded boot cache 0.15s 50MB C:/Users/Gremmlin/AppData/Local/UnrealEngine/4.15/DerivedDataCache/Boot.ddc.
[2017.06.17-18.59.57:279][  0]LogDerivedDataCache:Display: Loaded Boot cache: C:/Users/Gremmlin/AppData/Local/UnrealEngine/4.15/DerivedDataCache/Boot.ddc
[2017.06.17-18.59.57:279][  0]LogDerivedDataCache: FDerivedDataBackendGraph:  Pak pak cache file E:/gremmlin daten/desktop/ue4/murmel game LD/murmel2/DerivedDataCache/DDC.ddp not found, will not use a pak cache.
[2017.06.17-18.59.57:279][  0]LogDerivedDataCache: Unable to find inner node Pak for hierarchical cache Hierarchy.
[2017.06.17-18.59.57:279][  0]LogDerivedDataCache: FDerivedDataBackendGraph:  CompressedPak pak cache file E:/gremmlin daten/desktop/ue4/murmel game LD/murmel2/DerivedDataCache/Compressed.ddp not found, will not use a pak cache.
[2017.06.17-18.59.57:279][  0]LogDerivedDataCache: Unable to find inner node CompressedPak for hierarchical cache Hierarchy.
[2017.06.17-18.59.57:313][  0]LogDerivedDataCache:Display: Pak cache opened for reading ../../../Engine/DerivedDataCache/Compressed.ddp.
[2017.06.17-18.59.57:326][  0]LogDerivedDataCache: Using Local data cache path C:/Users/Gremmlin/AppData/Local/UnrealEngine/Common/DerivedDataCache: Writable
[2017.06.17-18.59.57:347][  0]LogSlate: Using Freetype 2.6.0
[2017.06.17-18.59.57:349][  0]LogSlate: SlateFontCache - WITH_FREETYPE: 1, WITH_HARFBUZZ: 1
[2017.06.17-18.59.57:349][  0]LogSlate: SlateFontCache - WITH_FREETYPE: 1, WITH_HARFBUZZ: 1
[2017.06.17-18.59.57:926][  0]LogInit: Selected Device Profile: [Windows]
[2017.06.17-18.59.57:931][  0]LogContentStreaming: Texture pool size is 0.00 MB
[2017.06.17-18.59.58:307][  0]LogMeshUtilities: Using QuadricMeshReduction for automatic static mesh reduction
[2017.06.17-18.59.58:367][  0]LogSimplygon: Simplygon DLL not present - disabling.
[2017.06.17-18.59.58:441][  0]LogMeshUtilities: Using SimplygonSwarm for distributed automatic mesh merging
[2017.06.17-18.59.58:441][  0]LogMeshUtilities: No automatic skeletal mesh reduction module available
[2017.06.17-18.59.58:441][  0]LogMeshUtilities: No automatic mesh merging module available
[2017.06.17-18.59.59:451][  0]LogNetVersion: GetLocalNetworkVersion: CL: 3299760, ProjectName: murmel2, ProjectVersion: , EngineNetworkVersion: 2, GameNetworkVersion: 0, NetworkChecksum: 3639395430
[2017.06.17-18.59.59:507][  0]LogAssetRegistry: FAssetRegistry took 0.0196 seconds to start up
[2017.06.17-18.59.59:587][  0]LogPackageLocalizationCache: Processed 3 localized package path(s) for 1 prioritized culture(s) in 0.048546 seconds
[2017.06.17-18.59.59:599][  0]LogUObjectArray: 32493 objects as part of root set at end of initial load.
[2017.06.17-18.59.59:599][  0]LogUObjectAllocator: 7077024 out of 0 bytes used by permanent object pool.
[2017.06.17-18.59.59:599][  0]LogUObjectArray: CloseDisregardForGC: 0/0 objects in disregard for GC pool
[2017.06.17-18.59.59:699][  0]LogInit: WinSock: version 1.1 (2.2), MaxSocks=32767, MaxUdp=65467
[2017.06.17-19.00.02:024][  0]LogTcpMessaging: Initializing TcpMessaging bridge
[2017.06.17-19.00.02:068][  0]LogUdpMessaging: Initializing bridge on interface 0.0.0.0:0 to multicast group 230.0.0.1:6666.
[2017.06.17-19.00.02:663][  0]LogMaterial: Uniform references updated for custom material expression Custom.
[2017.06.17-19.00.03:186][  0]SourceControl: Info Source control is disabled
[2017.06.17-19.00.03:186][  0]SourceControl: Info Source control is disabled
[2017.06.17-19.00.03:248][  0]SourceControl: Info Source control is disabled
[2017.06.17-19.00.03:309][  0]SourceControl: Info Source control is disabled
[2017.06.17-19.00.03:738][  0]LogLinker:Warning: Can't find file '/Game/2DSideScrollerBP/2DSideScrollerOverview'
[2017.06.17-19.00.03:738][  0]LogLinker:Warning: Can't find file '/Game/2DSideScrollerBP/2DSideScrollerOverview'
[2017.06.17-19.00.03:738][  0]LogUObjectGlobals:Warning: Failed to find object 'Class /Game/2DSideScrollerBP/2DSideScrollerOverview.2DSideScrollerOverview_C'
[2017.06.17-19.00.05:109][  0]LogEngine: Initializing Engine...
[2017.06.17-19.00.05:110][  0]LogHMD: Failed to initialize OpenVR with code 110
[2017.06.17-19.00.05:277][  0]LogStats: UGameplayTagsManager::ConstructGameplayTagTree: Construct from data asset -  0.000 s
[2017.06.17-19.00.05:277][  0]LogStats: UGameplayTagsManager::ConstructGameplayTagTree: GameplayTagTreeChangedEvent.Broadcast -  0.000 s
[2017.06.17-19.00.05:445][  0]LogAIModule: Creating AISystem for world Untitled
[2017.06.17-19.00.05:470][  0]LogInit: XAudio2 using 'Lautsprecher (VIA High Definition Audio)' : 2 channels at 48 kHz using 32 bits per sample (channel mask 0x3)
[2017.06.17-19.00.05:478][  0]LogInit: FAudioDevice initialized.
[2017.06.17-19.00.05:544][  0]LogDerivedDataCache: Saved boot cache 0.07s 50MB C:/Users/Gremmlin/AppData/Local/UnrealEngine/4.15/DerivedDataCache/Boot.ddc.
[2017.06.17-19.00.05:561][  0]LogInit: Texture streaming: Enabled
[2017.06.17-19.00.05:690][  0]LogEngineSessionManager: EngineSessionManager initialized
[2017.06.17-19.00.05:809][  0]LogInit: Transaction tracking system initialized
[2017.06.17-19.00.06:279][  0]BlueprintLog: New page: Editor Load
[2017.06.17-19.00.07:390][  0]LocalizationService: Info Localization service is disabled
[2017.06.17-19.00.08:235][  0]LogConsoleResponse:Display: 
[2017.06.17-19.00.08:411][  0]LogCook:Display: Max memory allowance for cook 16384mb min free memory 0mb
[2017.06.17-19.00.08:411][  0]LogCook:Display: Mobile HDR setting 1
[2017.06.17-19.00.08:587][  0]LogFileCache: Scanning file cache for directory 'E:/gremmlin daten/desktop/ue4/murmel game LD/murmel2/Content/' took 0.01s
[2017.06.17-19.00.09:715][  0]SourceControl: Info Source control is disabled
[2017.06.17-19.00.09:715][  0]Cmd: MAP LOAD FILE="../../../Engine/Content/Maps/Templates/Template_Default.umap" TEMPLATE=1 SHOWPROGRESS=1 FEATURELEVEL=3
[2017.06.17-19.00.09:716][  0]LightingResults: New page: Lighting Build
[2017.06.17-19.00.09:769][  0]MapCheck: New page: Map Check
[2017.06.17-19.00.09:769][  0]LightingResults: New page: Lighting Build
[2017.06.17-19.00.10:145][  0]LogAIModule: Creating AISystem for world Untitled_1
[2017.06.17-19.00.10:175][  0]LogActorComponent: RegisterComponentWithWorld: (/Temp/Untitled_1.Untitled_1:PersistentLevel.WorldSettings_1.StaticMeshComponent0) Trying to register component with IsPendingKill() == true. Aborting.
[2017.06.17-19.00.10:180][  0]LogEditorServer: Finished looking for orphan Actors (0.000 secs)
[2017.06.17-19.00.10:185][  0]Cmd: MAP CHECKDEP NOCLEARLOG
[2017.06.17-19.00.10:227][  0]MapCheck: Info Map check complete: 0 Error(s), 0 Warning(s), took 41.649ms to complete.
[2017.06.17-19.00.10:227][  0]LogFileHelpers: Loading map 'Template_Default' took 0.512
[2017.06.17-19.00.10:494][  0]LogCollectionManager: Loaded 1 collections in 0.001632 seconds
[2017.06.17-19.00.10:605][  0]LogFileCache: Scanning file cache for directory 'E:/gremmlin daten/desktop/ue4/murmel game LD/murmel2/Saved/Collections/' took 0.01s
[2017.06.17-19.00.10:605][  0]LogFileCache: Scanning file cache for directory 'E:/gremmlin daten/desktop/ue4/murmel game LD/murmel2/Content/Developers/Gremmlin/Collections/' took 0.01s
[2017.06.17-19.00.10:605][  0]LogFileCache: Scanning file cache for directory 'E:/gremmlin daten/desktop/ue4/murmel game LD/murmel2/Content/Collections/' took 0.01s
[2017.06.17-19.00.10:605][  0]LogCollectionManager: Rebuilt the GUID cache for 1 collections in 0.000007 seconds
[2017.06.17-19.00.10:605][  0]LogCollectionManager: Rebuilt the hierarchy cache for 1 collections in 0.000000 seconds
[2017.06.17-19.00.10:630][  0]LogContentBrowser: Native class hierarchy populated in 0.0241 seconds. Added 2246 classes and 456 folders.
[2017.06.17-19.00.10:718][  0]LogContentBrowser: Native class hierarchy updated for 'WidgetCarousel' in 0.0007 seconds. Added 0 classes and 0 folders.
[2017.06.17-19.00.10:773][  0]LogContentBrowser: Native class hierarchy updated for 'AddContentDialog' in 0.0009 seconds. Added 0 classes and 0 folders.
[2017.06.17-19.00.10:829][  0]LogContentBrowser: Native class hierarchy updated for 'SceneOutliner' in 0.0008 seconds. Added 1 classes and 2 folders.
[2017.06.17-19.00.10:989][  0]LogCrashTracker: Crashtracker disabled due to settings.
[2017.06.17-19.00.10:999][  0]LogUObjectGlobals:Warning: Failed to find object 'Class None.'
[2017.06.17-19.00.11:096][  0]LogContentBrowser: Native class hierarchy updated for 'HierarchicalLODOutliner' in 0.0008 seconds. Added 1 classes and 2 folders.
[2017.06.17-19.00.11:096][  0]LogLoad: (Engine Initialization) Total time: 23.77 seconds
[2017.06.17-19.00.11:096][  0]LogLoad: (Engine Initialization) Total Blueprint compile time: 0.14 seconds
[2017.06.17-19.00.11:096][  0]LogExternalProfiler: No external profilers were discovered.  External profiling features will not be available.
[2017.06.17-19.00.11:110][  0]LogOcInput: OculusInput pre-init called
[2017.06.17-19.00.11:137][  0]LogContentStreaming: Texture pool size now 1000 MB
[2017.06.17-19.00.11:139][  0]LogSlate: Took 0.000397 seconds to synchronously load lazily loaded font '../../../Engine/Content/Slate/Fonts/Roboto-Regular.ttf' (155K)
[2017.06.17-19.00.11:145][  0]LogSlate: Took 0.000443 seconds to synchronously load lazily loaded font '../../../Engine/Content/Slate/Fonts/Roboto-Bold.ttf' (160K)
[2017.06.17-19.00.11:152][  0]LogSlate: Took 0.000254 seconds to synchronously load lazily loaded font '../../../Engine/Content/Editor/Slate/Fonts/FontAwesome.ttf' (139K)
[2017.06.17-19.00.11:354][  0]LogRenderer: Reallocating scene render targets to support 768x540 NumSamples 1 (Frame:2).
[2017.06.17-19.00.11:691][  2]LogAssetRegistry: Asset discovery search completed in 12.2035 seconds
[2017.06.17-19.00.11:691][  2]LogCollectionManager: Rebuilt the object cache for 1 collections in 0.000007 seconds (found 0 objects)
[2017.06.17-19.00.11:691][  2]LogCollectionManager: Fixed up redirectors for 1 collections in 0.000022 seconds (updated 0 objects)
[2017.06.17-19.00.13:537][160]LogSlate: Took 0.000197 seconds to synchronously load lazily loaded font '../../../Engine/Content/Slate/Fonts/Roboto-Light.ttf' (159K)
[2017.06.17-19.00.15:522][287]LogSlate: Took 0.000375 seconds to synchronously load lazily loaded font '../../../Engine/Content/Slate/Fonts/Roboto-Light.ttf' (159K)
[2017.06.17-19.00.15:705][287]LogLinker:Warning: Can't find file '/Game/meshes/vorsprung'
[2017.06.17-19.00.15:705][287]LogLinker:Warning: Can't find file for asset '/Game/meshes/vorsprung' while loading E:/gremmlin daten/desktop/ue4/murmel game LD/murmel2/Content/maps/vulcano.umap.
[2017.06.17-19.00.15:705][287]LoadErrors:Error: Error /Game/maps/vulcano : Can't find file for asset. /Game/meshes/vorsprung
[2017.06.17-19.00.15:705][287]LogLinker:Warning: Can't find file '/Game/meshes/vorsprung'
[2017.06.17-19.00.15:705][287]LogLinker:Warning: Can't find file for asset '/Game/meshes/vorsprung' while loading E:/gremmlin daten/desktop/ue4/murmel game LD/murmel2/Content/maps/vulcano.umap.
[2017.06.17-19.00.15:706][287]LogLinker:Warning: Can't find file '/Game/meshes/vorsprung'
[2017.06.17-19.00.15:706][287]LogLinker:Warning: Can't find file for asset '/Game/meshes/vorsprung' while loading NULL.
[2017.06.17-19.00.15:706][287]LogLinker:Warning: Can't find file '/Game/meshes/vorsprung'
[2017.06.17-19.00.15:707][287]LogLinker:Warning: Can't find file for asset '/Game/meshes/vorsprung' while loading NULL.
[2017.06.17-19.00.15:781][287]LogLinker:Warning: Can't find file '/Game/meshes/vorsprung'
[2017.06.17-19.00.15:781][287]LoadErrors: Info Failed to load /Game/meshes/vorsprung.vorsprung Referenced by LandscapeSplineSegment_6
[2017.06.17-19.00.15:781][287]LogLinker:Warning: Can't find file for asset '/Game/meshes/vorsprung' while loading NULL.
[2017.06.17-19.00.15:781][287]LogLinker:Warning: Can't find file '/Game/meshes/vorsprung'
[2017.06.17-19.00.15:781][287]LoadErrors: Info Failed to load /Game/meshes/vorsprung.vorsprung Referenced by LandscapeSplineSegment_7
[2017.06.17-19.00.15:781][287]LogLinker:Warning: Can't find file for asset '/Game/meshes/vorsprung' while loading NULL.
[2017.06.17-19.00.15:782][287]LogLinker:Warning: Can't find file '/Game/meshes/vorsprung'
[2017.06.17-19.00.15:782][287]LoadErrors: Info Failed to load /Game/meshes/vorsprung.vorsprung Referenced by LandscapeSplineSegment_8
[2017.06.17-19.00.15:782][287]LogLinker:Warning: Can't find file for asset '/Game/meshes/vorsprung' while loading NULL.
[2017.06.17-19.00.15:788][287]LogLinker:Warning: Can't find file '/Game/meshes/vorsprung'
[2017.06.17-19.00.15:789][287]LoadErrors: Info Failed to load /Game/meshes/vorsprung.vorsprung Referenced by Landscape_0
[2017.06.17-19.00.15:789][287]LogLinker:Warning: Can't find file for asset '/Game/meshes/vorsprung' while loading NULL.
[2017.06.17-19.00.15:789][287]LogLinker:Warning: Can't find file '/Game/meshes/vorsprung'
[2017.06.17-19.00.15:789][287]LogLinker:Warning: Can't find file for asset '/Game/meshes/vorsprung' while loading NULL.
[2017.06.17-19.00.15:789][287]LogLinker:Warning: Can't find file '/Game/meshes/vorsprung'
[2017.06.17-19.00.15:789][287]LogLinker:Warning: Can't find file for asset '/Game/meshes/vorsprung' while loading NULL.
[2017.06.17-19.00.15:790][287]LogLinker:Warning: Can't find file '/Game/meshes/vorsprung'
[2017.06.17-19.00.15:790][287]LogLinker:Warning: Can't find file for asset '/Game/meshes/vorsprung' while loading NULL.
[2017.06.17-19.00.15:790][287]LogLinker:Warning: Can't find file '/Game/meshes/vorsprung'
[2017.06.17-19.00.15:790][287]LogLinker:Warning: Can't find file for asset '/Game/meshes/vorsprung' while loading NULL.
[2017.06.17-19.00.15:790][287]LogLinker:Warning: Can't find file '/Game/meshes/vorsprung'
[2017.06.17-19.00.15:791][287]LogLinker:Warning: Can't find file for asset '/Game/meshes/vorsprung' while loading NULL.
[2017.06.17-19.00.15:791][287]LogLinker:Warning: Can't find file '/Game/meshes/vorsprung'
[2017.06.17-19.00.15:791][287]LogLinker:Warning: Can't find file for asset '/Game/meshes/vorsprung' while loading NULL.
[2017.06.17-19.00.15:791][287]LogLinker:Warning: Can't find file '/Game/meshes/vorsprung'
[2017.06.17-19.00.15:791][287]LogLinker:Warning: Can't find file for asset '/Game/meshes/vorsprung' while loading NULL.
[2017.06.17-19.00.15:791][287]LogLinker:Warning: Can't find file '/Game/meshes/vorsprung'
[2017.06.17-19.00.15:791][287]LogLinker:Warning: Can't find file for asset '/Game/meshes/vorsprung' while loading NULL.
[2017.06.17-19.00.15:958][287]LogPhysics:Warning: PHYSX: (D:\Build\++UE4+Release-4.15+PhysX_Compile\Sync\Engine\Source\ThirdParty\PhysX\PhysX_3.4\Source\PhysXCooking\src\convex\QuickHullConvexHullLib.cpp 842) eINTERNAL_ERROR : QuickHullConvexHullLib::findSimplex: Simplex input points appers to be almost at the same place
[2017.06.17-19.00.15:958][287]LogPhysics:Warning: PHYSX: (D:\Build\++UE4+Release-4.15+PhysX_Compile\Sync\Engine\Source\ThirdParty\PhysX\PhysX_3.4\Source\PhysXCooking\src\convex\QuickHullConvexHullLib.cpp 842) eINTERNAL_ERROR : QuickHullConvexHullLib::findSimplex: Simplex input points appers to be almost at the same place
[2017.06.17-19.00.15:958][287]LogPhysics:Warning: Failed to cook convex: /Game/maps/vulcano.vulcano:PersistentLevel.Landscape_0.SplineMeshComponent_101 0 (FlipX:0). The remaining elements will not get cooked.
[2017.06.17-19.00.15:958][287]LogPhysics:Warning: PHYSX: (D:\Build\++UE4+Release-4.15+PhysX_Compile\Sync\Engine\Source\ThirdParty\PhysX\PhysX_3.4\Source\PhysXCooking\src\convex\QuickHullConvexHullLib.cpp 842) eINTERNAL_ERROR : QuickHullConvexHullLib::findSimplex: Simplex input points appers to be almost at the same place
[2017.06.17-19.00.15:958][287]LogPhysics:Warning: PHYSX: (D:\Build\++UE4+Release-4.15+PhysX_Compile\Sync\Engine\Source\ThirdParty\PhysX\PhysX_3.4\Source\PhysXCooking\src\convex\QuickHullConvexHullLib.cpp 842) eINTERNAL_ERROR : QuickHullConvexHullLib::findSimplex: Simplex input points appers to be almost at the same place
[2017.06.17-19.00.15:958][287]LogPhysics:Warning: Failed to cook convex: /Game/maps/vulcano.vulcano:PersistentLevel.Landscape_0.SplineMeshComponent_101 0 (FlipX:1). The remaining elements will not get cooked.
[2017.06.17-19.00.15:960][287]LogPhysics:Warning: PHYSX: (D:\Build\++UE4+Release-4.15+PhysX_Compile\Sync\Engine\Source\ThirdParty\PhysX\PhysX_3.4\Source\PhysXCooking\src\convex\QuickHullConvexHullLib.cpp 842) eINTERNAL_ERROR : QuickHullConvexHullLib::findSimplex: Simplex input points appers to be almost at the same place
[2017.06.17-19.00.15:960][287]LogPhysics:Warning: PHYSX: (D:\Build\++UE4+Release-4.15+PhysX_Compile\Sync\Engine\Source\ThirdParty\PhysX\PhysX_3.4\Source\PhysXCooking\src\convex\QuickHullConvexHullLib.cpp 842) eINTERNAL_ERROR : QuickHullConvexHullLib::findSimplex: Simplex input points appers to be almost at the same place
[2017.06.17-19.00.15:960][287]LogPhysics:Warning: Failed to cook convex: /Game/maps/vulcano.vulcano:PersistentLevel.Landscape_0.SplineMeshComponent_102 0 (FlipX:0). The remaining elements will not get cooked.
[2017.06.17-19.00.15:960][287]LogPhysics:Warning: PHYSX: (D:\Build\++UE4+Release-4.15+PhysX_Compile\Sync\Engine\Source\ThirdParty\PhysX\PhysX_3.4\Source\PhysXCooking\src\convex\QuickHullConvexHullLib.cpp 842) eINTERNAL_ERROR : QuickHullConvexHullLib::findSimplex: Simplex input points appers to be almost at the same place
[2017.06.17-19.00.15:960][287]LogPhysics:Warning: PHYSX: (D:\Build\++UE4+Release-4.15+PhysX_Compile\Sync\Engine\Source\ThirdParty\PhysX\PhysX_3.4\Source\PhysXCooking\src\convex\QuickHullConvexHullLib.cpp 842) eINTERNAL_ERROR : QuickHullConvexHullLib::findSimplex: Simplex input points appers to be almost at the same place
[2017.06.17-19.00.15:960][287]LogPhysics:Warning: Failed to cook convex: /Game/maps/vulcano.vulcano:PersistentLevel.Landscape_0.SplineMeshComponent_102 0 (FlipX:1). The remaining elements will not get cooked.
[2017.06.17-19.00.15:961][287]LogPhysics:Warning: PHYSX: (D:\Build\++UE4+Release-4.15+PhysX_Compile\Sync\Engine\Source\ThirdParty\PhysX\PhysX_3.4\Source\PhysXCooking\src\convex\QuickHullConvexHullLib.cpp 842) eINTERNAL_ERROR : QuickHullConvexHullLib::findSimplex: Simplex input points appers to be almost at the same place
[2017.06.17-19.00.15:961][287]LogPhysics:Warning: PHYSX: (D:\Build\++UE4+Release-4.15+PhysX_Compile\Sync\Engine\Source\ThirdParty\PhysX\PhysX_3.4\Source\PhysXCooking\src\convex\QuickHullConvexHullLib.cpp 842) eINTERNAL_ERROR : QuickHullConvexHullLib::findSimplex: Simplex input points appers to be almost at the same place
[2017.06.17-19.00.15:961][287]LogPhysics:Warning: Failed to cook convex: /Game/maps/vulcano.vulcano:PersistentLevel.Landscape_0.SplineMeshComponent_103 0 (FlipX:0). The remaining elements will not get cooked.
[2017.06.17-19.00.15:961][287]LogPhysics:Warning: PHYSX: (D:\Build\++UE4+Release-4.15+PhysX_Compile\Sync\Engine\Source\ThirdParty\PhysX\PhysX_3.4\Source\PhysXCooking\src\convex\QuickHullConvexHullLib.cpp 842) eINTERNAL_ERROR : QuickHullConvexHullLib::findSimplex: Simplex input points appers to be almost at the same place
[2017.06.17-19.00.15:961][287]LogPhysics:Warning: PHYSX: (D:\Build\++UE4+Release-4.15+PhysX_Compile\Sync\Engine\Source\ThirdParty\PhysX\PhysX_3.4\Source\PhysXCooking\src\convex\QuickHullConvexHullLib.cpp 842) eINTERNAL_ERROR : QuickHullConvexHullLib::findSimplex: Simplex input points appers to be almost at the same place
[2017.06.17-19.00.15:961][287]LogPhysics:Warning: Failed to cook convex: /Game/maps/vulcano.vulcano:PersistentLevel.Landscape_0.SplineMeshComponent_103 0 (FlipX:1). The remaining elements will not get cooked.
[2017.06.17-19.00.15:961][287]LogPhysics:Warning: PHYSX: (D:\Build\++UE4+Release-4.15+PhysX_Compile\Sync\Engine\Source\ThirdParty\PhysX\PhysX_3.4\Source\PhysXCooking\src\convex\QuickHullConvexHullLib.cpp 842) eINTERNAL_ERROR : QuickHullConvexHullLib::findSimplex: Simplex input points appers to be almost at the same place
[2017.06.17-19.00.15:961][287]LogPhysics:Warning: PHYSX: (D:\Build\++UE4+Release-4.15+PhysX_Compile\Sync\Engine\Source\ThirdParty\PhysX\PhysX_3.4\Source\PhysXCooking\src\convex\QuickHullConvexHullLib.cpp 842) eINTERNAL_ERROR : QuickHullConvexHullLib::findSimplex: Simplex input points appers to be almost at the same place
[2017.06.17-19.00.15:961][287]LogPhysics:Warning: Failed to cook convex: /Game/maps/vulcano.vulcano:PersistentLevel.Landscape_0.SplineMeshComponent_104 0 (FlipX:0). The remaining elements will not get cooked.
[2017.06.17-19.00.15:961][287]LogPhysics:Warning: PHYSX: (D:\Build\++UE4+Release-4.15+PhysX_Compile\Sync\Engine\Source\ThirdParty\PhysX\PhysX_3.4\Source\PhysXCooking\src\convex\QuickHullConvexHullLib.cpp 842) eINTERNAL_ERROR : QuickHullConvexHullLib::findSimplex: Simplex input points appers to be almost at the same place
[2017.06.17-19.00.15:961][287]LogPhysics:Warning: PHYSX: (D:\Build\++UE4+Release-4.15+PhysX_Compile\Sync\Engine\Source\ThirdParty\PhysX\PhysX_3.4\Source\PhysXCooking\src\convex\QuickHullConvexHullLib.cpp 842) eINTERNAL_ERROR : QuickHullConvexHullLib::findSimplex: Simplex input points appers to be almost at the same place
[2017.06.17-19.00.15:961][287]LogPhysics:Warning: Failed to cook convex: /Game/maps/vulcano.vulcano:PersistentLevel.Landscape_0.SplineMeshComponent_104 0 (FlipX:1). The remaining elements will not get cooked.
[2017.06.17-19.00.15:963][287]LogPhysics:Warning: PHYSX: (D:\Build\++UE4+Release-4.15+PhysX_Compile\Sync\Engine\Source\ThirdParty\PhysX\PhysX_3.4\Source\PhysXCooking\src\convex\QuickHullConvexHullLib.cpp 842) eINTERNAL_ERROR : QuickHullConvexHullLib::findSimplex: Simplex input points appers to be almost at the same place
[2017.06.17-19.00.15:963][287]LogPhysics:Warning: PHYSX: (D:\Build\++UE4+Release-4.15+PhysX_Compile\Sync\Engine\Source\ThirdParty\PhysX\PhysX_3.4\Source\PhysXCooking\src\convex\QuickHullConvexHullLib.cpp 842) eINTERNAL_ERROR : QuickHullConvexHullLib::findSimplex: Simplex input points appers to be almost at the same place
[2017.06.17-19.00.15:963][287]LogPhysics:Warning: Failed to cook convex: /Game/maps/vulcano.vulcano:PersistentLevel.Landscape_0.SplineMeshComponent_105 0 (FlipX:0). The remaining elements will not get cooked.
[2017.06.17-19.00.15:963][287]LogPhysics:Warning: PHYSX: (D:\Build\++UE4+Release-4.15+PhysX_Compile\Sync\Engine\Source\ThirdParty\PhysX\PhysX_3.4\Source\PhysXCooking\src\convex\QuickHullConvexHullLib.cpp 842) eINTERNAL_ERROR : QuickHullConvexHullLib::findSimplex: Simplex input points appers to be almost at the same place
[2017.06.17-19.00.15:963][287]LogPhysics:Warning: PHYSX: (D:\Build\++UE4+Release-4.15+PhysX_Compile\Sync\Engine\Source\ThirdParty\PhysX\PhysX_3.4\Source\PhysXCooking\src\convex\QuickHullConvexHullLib.cpp 842) eINTERNAL_ERROR : QuickHullConvexHullLib::findSimplex: Simplex input points appers to be almost at the same place
[2017.06.17-19.00.15:963][287]LogPhysics:Warning: Failed to cook convex: /Game/maps/vulcano.vulcano:PersistentLevel.Landscape_0.SplineMeshComponent_105 0 (FlipX:1). The remaining elements will not get cooked.
[2017.06.17-19.00.15:964][287]LogPhysics:Warning: PHYSX: (D:\Build\++UE4+Release-4.15+PhysX_Compile\Sync\Engine\Source\ThirdParty\PhysX\PhysX_3.4\Source\PhysXCooking\src\convex\QuickHullConvexHullLib.cpp 842) eINTERNAL_ERROR : QuickHullConvexHullLib::findSimplex: Simplex input points appers to be almost at the same place
[2017.06.17-19.00.15:964][287]LogPhysics:Warning: PHYSX: (D:\Build\++UE4+Release-4.15+PhysX_Compile\Sync\Engine\Source\ThirdParty\PhysX\PhysX_3.4\Source\PhysXCooking\src\convex\QuickHullConvexHullLib.cpp 842) eINTERNAL_ERROR : QuickHullConvexHullLib::findSimplex: Simplex input points appers to be almost at the same place
[2017.06.17-19.00.15:964][287]LogPhysics:Warning: Failed to cook convex: /Game/maps/vulcano.vulcano:PersistentLevel.Landscape_0.SplineMeshComponent_106 0 (FlipX:0). The remaining elements will not get cooked.
[2017.06.17-19.00.15:964][287]LogPhysics:Warning: PHYSX: (D:\Build\++UE4+Release-4.15+PhysX_Compile\Sync\Engine\Source\ThirdParty\PhysX\PhysX_3.4\Source\PhysXCooking\src\convex\QuickHullConvexHullLib.cpp 842) eINTERNAL_ERROR : QuickHullConvexHullLib::findSimplex: Simplex input points appers to be almost at the same place
[2017.06.17-19.00.15:964][287]LogPhysics:Warning: PHYSX: (D:\Build\++UE4+Release-4.15+PhysX_Compile\Sync\Engine\Source\ThirdParty\PhysX\PhysX_3.4\Source\PhysXCooking\src\convex\QuickHullConvexHullLib.cpp 842) eINTERNAL_ERROR : QuickHullConvexHullLib::findSimplex: Simplex input points appers to be almost at the same place
[2017.06.17-19.00.15:964][287]LogPhysics:Warning: Failed to cook convex: /Game/maps/vulcano.vulcano:PersistentLevel.Landscape_0.SplineMeshComponent_106 0 (FlipX:1). The remaining elements will not get cooked.
[2017.06.17-19.00.15:965][287]LogPhysics:Warning: PHYSX: (D:\Build\++UE4+Release-4.15+PhysX_Compile\Sync\Engine\Source\ThirdParty\PhysX\PhysX_3.4\Source\PhysXCooking\src\convex\QuickHullConvexHullLib.cpp 842) eINTERNAL_ERROR : QuickHullConvexHullLib::findSimplex: Simplex input points appers to be almost at the same place
[2017.06.17-19.00.15:965][287]LogPhysics:Warning: PHYSX: (D:\Build\++UE4+Release-4.15+PhysX_Compile\Sync\Engine\Source\ThirdParty\PhysX\PhysX_3.4\Source\PhysXCooking\src\convex\QuickHullConvexHullLib.cpp 842) eINTERNAL_ERROR : QuickHullConvexHullLib::findSimplex: Simplex input points appers to be almost at the same place
[2017.06.17-19.00.15:965][287]LogPhysics:Warning: Failed to cook convex: /Game/maps/vulcano.vulcano:PersistentLevel.Landscape_0.SplineMeshComponent_107 0 (FlipX:0). The remaining elements will not get cooked.
[2017.06.17-19.00.15:965][287]LogPhysics:Warning: PHYSX: (D:\Build\++UE4+Release-4.15+PhysX_Compile\Sync\Engine\Source\ThirdParty\PhysX\PhysX_3.4\Source\PhysXCooking\src\convex\QuickHullConvexHullLib.cpp 842) eINTERNAL_ERROR : QuickHullConvexHullLib::findSimplex: Simplex input points appers to be almost at the same place
[2017.06.17-19.00.15:965][287]LogPhysics:Warning: PHYSX: (D:\Build\++UE4+Release-4.15+PhysX_Compile\Sync\Engine\Source\ThirdParty\PhysX\PhysX_3.4\Source\PhysXCooking\src\convex\QuickHullConvexHullLib.cpp 842) eINTERNAL_ERROR : QuickHullConvexHullLib::findSimplex: Simplex input points appers to be almost at the same place
[2017.06.17-19.00.15:965][287]LogPhysics:Warning: Failed to cook convex: /Game/maps/vulcano.vulcano:PersistentLevel.Landscape_0.SplineMeshComponent_107 0 (FlipX:1). The remaining elements will not get cooked.
[2017.06.17-19.00.15:965][287]LogPhysics:Warning: PHYSX: (D:\Build\++UE4+Release-4.15+PhysX_Compile\Sync\Engine\Source\ThirdParty\PhysX\PhysX_3.4\Source\PhysXCooking\src\convex\QuickHullConvexHullLib.cpp 842) eINTERNAL_ERROR : QuickHullConvexHullLib::findSimplex: Simplex input points appers to be almost at the same place
[2017.06.17-19.00.15:965][287]LogPhysics:Warning: PHYSX: (D:\Build\++UE4+Release-4.15+PhysX_Compile\Sync\Engine\Source\ThirdParty\PhysX\PhysX_3.4\Source\PhysXCooking\src\convex\QuickHullConvexHullLib.cpp 842) eINTERNAL_ERROR : QuickHullConvexHullLib::findSimplex: Simplex input points appers to be almost at the same place
[2017.06.17-19.00.15:965][287]LogPhysics:Warning: Failed to cook convex: /Game/maps/vulcano.vulcano:PersistentLevel.Landscape_0.SplineMeshComponent_94 0 (FlipX:0). The remaining elements will not get cooked.
[2017.06.17-19.00.15:965][287]LogPhysics:Warning: PHYSX: (D:\Build\++UE4+Release-4.15+PhysX_Compile\Sync\Engine\Source\ThirdParty\PhysX\PhysX_3.4\Source\PhysXCooking\src\convex\QuickHullConvexHullLib.cpp 842) eINTERNAL_ERROR : QuickHullConvexHullLib::findSimplex: Simplex input points appers to be almost at the same place
[2017.06.17-19.00.15:965][287]LogPhysics:Warning: PHYSX: (D:\Build\++UE4+Release-4.15+PhysX_Compile\Sync\Engine\Source\ThirdParty\PhysX\PhysX_3.4\Source\PhysXCooking\src\convex\QuickHullConvexHullLib.cpp 842) eINTERNAL_ERROR : QuickHullConvexHullLib::findSimplex: Simplex input points appers to be almost at the same place
[2017.06.17-19.00.15:965][287]LogPhysics:Warning: Failed to cook convex: /Game/maps/vulcano.vulcano:PersistentLevel.Landscape_0.SplineMeshComponent_94 0 (FlipX:1). The remaining elements will not get cooked.
[2017.06.17-19.00.15:966][287]LogPhysics:Warning: PHYSX: (D:\Build\++UE4+Release-4.15+PhysX_Compile\Sync\Engine\Source\ThirdParty\PhysX\PhysX_3.4\Source\PhysXCooking\src\convex\QuickHullConvexHullLib.cpp 842) eINTERNAL_ERROR : QuickHullConvexHullLib::findSimplex: Simplex input points appers to be almost at the same place
[2017.06.17-19.00.15:966][287]LogPhysics:Warning: PHYSX: (D:\Build\++UE4+Release-4.15+PhysX_Compile\Sync\Engine\Source\ThirdParty\PhysX\PhysX_3.4\Source\PhysXCooking\src\convex\QuickHullConvexHullLib.cpp 842) eINTERNAL_ERROR : QuickHullConvexHullLib::findSimplex: Simplex input points appers to be almost at the same place
[2017.06.17-19.00.15:966][287]LogPhysics:Warning: Failed to cook convex: /Game/maps/vulcano.vulcano:PersistentLevel.Landscape_0.SplineMeshComponent_98 0 (FlipX:0). The remaining elements will not get cooked.
[2017.06.17-19.00.15:966][287]LogPhysics:Warning: PHYSX: (D:\Build\++UE4+Release-4.15+PhysX_Compile\Sync\Engine\Source\ThirdParty\PhysX\PhysX_3.4\Source\PhysXCooking\src\convex\QuickHullConvexHullLib.cpp 842) eINTERNAL_ERROR : QuickHullConvexHullLib::findSimplex: Simplex input points appers to be almost at the same place
[2017.06.17-19.00.15:966][287]LogPhysics:Warning: PHYSX: (D:\Build\++UE4+Release-4.15+PhysX_Compile\Sync\Engine\Source\ThirdParty\PhysX\PhysX_3.4\Source\PhysXCooking\src\convex\QuickHullConvexHullLib.cpp 842) eINTERNAL_ERROR : QuickHullConvexHullLib::findSimplex: Simplex input points appers to be almost at the same place
[2017.06.17-19.00.15:966][287]LogPhysics:Warning: Failed to cook convex: /Game/maps/vulcano.vulcano:PersistentLevel.Landscape_0.SplineMeshComponent_98 0 (FlipX:1). The remaining elements will not get cooked.
[2017.06.17-19.00.16:030][287]LogAIModule: Creating AISystem for world vulcano
[2017.06.17-19.00.16:082][287]Cmd: MAP LOAD FILE="E:/gremmlin daten/desktop/ue4/murmel game LD/murmel2/Content/maps/vulcano.umap" TEMPLATE=0 SHOWPROGRESS=1 FEATURELEVEL=3
[2017.06.17-19.00.16:082][287]LightingResults: New page: Lighting Build
[2017.06.17-19.00.16:084][287]LoadErrors: New page: Loading map: vulcano.umap
[2017.06.17-19.00.16:085][287]MapCheck: New page: Map Check
[2017.06.17-19.00.16:085][287]LightingResults: New page: Lighting Build
[2017.06.17-19.00.16:265][287]LogEditorServer: Finished looking for orphan Actors (0.000 secs)
[2017.06.17-19.00.16:314][287]Cmd: MAP CHECKDEP NOCLEARLOG
[2017.06.17-19.00.16:355][287]MapCheck: Info Map check complete: 0 Error(s), 0 Warning(s), took 40.524ms to complete.
[2017.06.17-19.00.16:355][287]LogFileHelpers: Loading map 'vulcano' took 0.274
[2017.06.17-19.00.39:702][683]LogTemp: Repeting last play command: New Editor Window (PIE)
[2017.06.17-19.00.39:746][683]LogBlueprintUserMessages: Early PlayInEditor Detection: Level '/Game/maps/vulcano.vulcano:PersistentLevel' has LevelScriptBlueprint '/Game/maps/vulcano.vulcano:PersistentLevel.vulcano' with GeneratedClass '/Game/maps/vulcano.vulcano_C' with ClassGeneratedBy '/Game/maps/vulcano.vulcano:PersistentLevel.vulcano'
[2017.06.17-19.00.39:746][683]LogPlayLevel: PlayLevel: No blueprints needed recompiling
[2017.06.17-19.00.39:768][683]PIE: New page: PIE session: vulcano (Jun 17, 2017, 11:00:39 PM)
[2017.06.17-19.00.39:781][683]LogPlayLevel: Creating play world package: /Game/maps/UEDPIE_0_vulcano
[2017.06.17-19.00.39:792][683]LogPlayLevel: PIE: StaticDuplicateObject took: (0.010357s)
[2017.06.17-19.00.39:793][683]LogAIModule: Creating AISystem for world vulcano
[2017.06.17-19.00.39:793][683]LogPlayLevel: PIE: World Init took: (0.001088s)
[2017.06.17-19.00.39:794][683]LogPlayLevel: PIE: Created PIE world by copying editor world from /Game/maps/vulcano.vulcano to /Game/maps/UEDPIE_0_vulcano.vulcano (0.025797s)
[2017.06.17-19.00.39:837][683]LogInit: XAudio2 using 'Lautsprecher (VIA High Definition Audio)' : 2 channels at 48 kHz using 32 bits per sample (channel mask 0x3)
[2017.06.17-19.00.39:843][683]LogInit: FAudioDevice initialized.
[2017.06.17-19.00.40:010][683]LogLoad: Game class is 'game_mode_C'
[2017.06.17-19.00.40:026][683]LogWorld: Bringing World /Game/maps/UEDPIE_0_vulcano.vulcano up for play (max tick rate 0) at 2017.06.17-21.00.40
[2017.06.17-19.00.40:041][683]LogWorld: Bringing up level for play took: 0.015829
[2017.06.17-19.00.40:135][683]LogContentBrowser: Native class hierarchy updated for 'MovieSceneCapture' in 0.0009 seconds. Added 11 classes and 0 folders.
[2017.06.17-19.00.40:135][683]LogGameMode:Display: Match State Changed from EnteringMap to WaitingToStart
[2017.06.17-19.00.40:135][683]LogGameState: Match State Changed from EnteringMap to WaitingToStart
[2017.06.17-19.00.40:135][683]LogGameMode:Display: Match State Changed from WaitingToStart to InProgress
[2017.06.17-19.00.40:160][683]LogGameState: Match State Changed from WaitingToStart to InProgress
[2017.06.17-19.00.40:164][683]PIE: Info Play in editor start time for /Game/maps/UEDPIE_0_vulcano 0.87
[2017.06.17-19.00.40:172][683]LogBlueprintUserMessages: Late PlayInEditor Detection: Level '/Game/maps/vulcano.vulcano:PersistentLevel' has LevelScriptBlueprint '/Game/maps/vulcano.vulcano:PersistentLevel.vulcano' with GeneratedClass '/Game/maps/vulcano.vulcano_C' with ClassGeneratedBy '/Game/maps/vulcano.vulcano:PersistentLevel.vulcano'
[2017.06.17-19.00.40:233][683]LogRenderer: Reallocating scene render targets to support 1292x756 NumSamples 1 (Frame:2552).
[2017.06.17-19.00.47:859][302]LogBlueprintUserMessages: Early EndPlayMap Detection: Level '/Game/maps/vulcano.vulcano:PersistentLevel' has LevelScriptBlueprint '/Game/maps/vulcano.vulcano:PersistentLevel.vulcano' with GeneratedClass '/Game/maps/vulcano.vulcano_C' with ClassGeneratedBy '/Game/maps/vulcano.vulcano:PersistentLevel.vulcano'
[2017.06.17-19.00.47:928][302]LogBlueprintUserMessages: Late EndPlayMap Detection: Level '/Game/maps/vulcano.vulcano:PersistentLevel' has LevelScriptBlueprint '/Game/maps/vulcano.vulcano:PersistentLevel.vulcano' with GeneratedClass '/Game/maps/vulcano.vulcano_C' with ClassGeneratedBy '/Game/maps/vulcano.vulcano:PersistentLevel.vulcano'
[2017.06.17-19.00.52:256][725]Cmd: QUIT_EDITOR
[2017.06.17-19.00.53:572][725]LogExit: Preparing to exit.
[2017.06.17-19.00.54:258][725]LogExit: Editor shut down
[2017.06.17-19.00.54:259][725]LogExit: Transaction tracking system shut down
[2017.06.17-19.00.54:380][725]LogObj: Freed 0b from 0 cluster array pools.
[2017.06.17-19.00.54:381][725]LogExit: Object subsystem successfully closed.
[2017.06.17-19.00.54:406][725]LogD3D11RHI: Shutdown
[2017.06.17-19.00.54:406][725]LogD3D11RHI: CleanupD3DDevice
[2017.06.17-19.00.54:529][725]LogD3D11RHI: ~FD3D11DynamicRHI
[2017.06.17-19.00.54:543][725]LogModuleManager: Shutting down and abandoning module MovieSceneCapture (502)
[2017.06.17-19.00.54:543][725]LogModuleManager: Shutting down and abandoning module HierarchicalLODOutliner (500)
[2017.06.17-19.00.54:543][725]LogModuleManager: Shutting down and abandoning module CrashTracker (498)
[2017.06.17-19.00.54:543][725]LogModuleManager: Shutting down and abandoning module SceneOutliner (496)
[2017.06.17-19.00.54:543][725]LogModuleManager: Shutting down and abandoning module AddContentDialog (494)
[2017.06.17-19.00.54:543][725]LogDirectoryWatcher: A directory notification for 'G:/Program Files (x86)/Epic Games/UE_4.15/FeaturePacks/' was aborted.
[2017.06.17-19.00.54:545][725]LogModuleManager: Shutting down and abandoning module WidgetCarousel (493)
[2017.06.17-19.00.54:545][725]LogModuleManager: Shutting down and abandoning module EditorWidgets (490)
[2017.06.17-19.00.54:545][725]LogModuleManager: Shutting down and abandoning module CollectionManager (488)
[2017.06.17-19.00.54:545][725]LogDirectoryWatcher: A directory notification for 'E:/gremmlin daten/desktop/ue4/murmel game LD/murmel2/Content/Collections/' was aborted.
[2017.06.17-19.00.54:545][725]LogDirectoryWatcher: A directory notification for 'E:/gremmlin daten/desktop/ue4/murmel game LD/murmel2/Content/Developers/Gremmlin/Collections/' was aborted.
[2017.06.17-19.00.54:545][725]LogDirectoryWatcher: A directory notification for 'E:/gremmlin daten/desktop/ue4/murmel game LD/murmel2/Saved/Collections/' was aborted.
[2017.06.17-19.00.54:546][725]LogModuleManager: Shutting down and abandoning module StatsViewer (486)
[2017.06.17-19.00.54:546][725]LogModuleManager: Shutting down and abandoning module FoliageEdit (484)
[2017.06.17-19.00.54:546][725]LogModuleManager: Shutting down and abandoning module LandscapeEditor (482)
[2017.06.17-19.00.54:546][725]LogModuleManager: Shutting down and abandoning module SceneDepthPickerMode (480)
[2017.06.17-19.00.54:546][725]LogModuleManager: Shutting down and abandoning module ActorPickerMode (478)
[2017.06.17-19.00.54:546][725]LogModuleManager: Shutting down and abandoning module GeometryMode (476)
[2017.06.17-19.00.54:546][725]LogModuleManager: Shutting down and abandoning module TextureAlignMode (474)
[2017.06.17-19.00.54:546][725]LogModuleManager: Shutting down and abandoning module BspMode (472)
[2017.06.17-19.00.54:546][725]LogModuleManager: Shutting down and abandoning module HardwareSurvey (470)
[2017.06.17-19.00.54:546][725]LogModuleManager: Shutting down and abandoning module SequenceRecorderSections (468)
[2017.06.17-19.00.54:546][725]LogModuleManager: Shutting down and abandoning module AutomationWorker (466)
[2017.06.17-19.00.54:546][725]LogModuleManager: Shutting down and abandoning module MatineeToLevelSequence (464)
[2017.06.17-19.00.54:546][725]LogModuleManager: Shutting down and abandoning module LevelSequenceEditor (462)
[2017.06.17-19.00.54:546][725]LogModuleManager: Shutting down and abandoning module PlacementMode (461)
[2017.06.17-19.00.54:546][725]LogModuleManager: Shutting down and abandoning module WmfMediaFactory (458)
[2017.06.17-19.00.54:546][725]LogModuleManager: Shutting down and abandoning module WmfMediaEditor (456)
[2017.06.17-19.00.54:546][725]LogModuleManager: Shutting down and abandoning module MfMediaFactory (454)
[2017.06.17-19.00.54:546][725]LogModuleManager: Shutting down and abandoning module MfMediaEditor (452)
[2017.06.17-19.00.54:546][725]LogModuleManager: Shutting down and abandoning module AvfMediaFactory (450)
[2017.06.17-19.00.54:546][725]LogModuleManager: Shutting down and abandoning module AvfMediaEditor (448)
[2017.06.17-19.00.54:546][725]LogModuleManager: Shutting down and abandoning module AndroidMediaFactory (446)
[2017.06.17-19.00.54:546][725]LogModuleManager: Shutting down and abandoning module Media (445)
[2017.06.17-19.00.54:546][725]LogModuleManager: Shutting down and abandoning module AndroidMediaEditor (442)
[2017.06.17-19.00.54:546][725]LogModuleManager: Shutting down and abandoning module CharacterAI (440)
[2017.06.17-19.00.54:546][725]LogModuleManager: Shutting down and abandoning module AudioCapture (438)
[2017.06.17-19.00.54:546][725]LogModuleManager: Shutting down and abandoning module SequenceRecorder (437)
[2017.06.17-19.00.54:546][725]LogModuleManager: Shutting down and abandoning module SmartSnapping (434)
[2017.06.17-19.00.54:546][725]LogModuleManager: Shutting down and abandoning module SessionServices (432)
[2017.06.17-19.00.54:546][725]LogModuleManager: Shutting down and abandoning module ViewportSnapping (430)
[2017.06.17-19.00.54:546][725]LogModuleManager: Shutting down and abandoning module ViewportInteraction (428)
[2017.06.17-19.00.54:546][725]LogModuleManager: Shutting down and abandoning module LogVisualizer (426)
[2017.06.17-19.00.54:546][725]LogModuleManager: Shutting down and abandoning module IntroTutorials (424)
[2017.06.17-19.00.54:546][725]LogModuleManager: Shutting down and abandoning module GameProjectGeneration (423)
[2017.06.17-19.00.54:547][725]LogModuleManager: Shutting down and abandoning module EditorLiveStreaming (420)
[2017.06.17-19.00.54:547][725]LogModuleManager: Shutting down and abandoning module IOSPlatformEditor (418)
[2017.06.17-19.00.54:547][725]LogModuleManager: Shutting down and abandoning module HTML5PlatformEditor (416)
[2017.06.17-19.00.54:547][725]LogModuleManager: Shutting down and abandoning module AndroidPlatformEditor (414)
[2017.06.17-19.00.54:547][725]LogModuleManager: Shutting down and abandoning module AndroidDeviceDetection (413)
[2017.06.17-19.00.54:868][725]LogModuleManager: Shutting down and abandoning module IOSRuntimeSettings (410)
[2017.06.17-19.00.54:868][725]LogModuleManager: Shutting down and abandoning module AndroidRuntimeSettings (408)
[2017.06.17-19.00.54:868][725]LogModuleManager: Shutting down and abandoning module InputBindingEditor (406)
[2017.06.17-19.00.54:868][725]LogModuleManager: Shutting down and abandoning module NiagaraEditor (404)
[2017.06.17-19.00.54:868][725]LogModuleManager: Shutting down and abandoning module MergeActors (402)
[2017.06.17-19.00.54:868][725]LogModuleManager: Shutting down and abandoning module SizeMap (400)
[2017.06.17-19.00.54:868][725]LogModuleManager: Shutting down and abandoning module TreeMap (398)
[2017.06.17-19.00.54:868][725]LogModuleManager: Shutting down and abandoning module ReferenceViewer (396)
[2017.06.17-19.00.54:868][725]LogModuleManager: Shutting down and abandoning module LocalizationDashboard (394)
[2017.06.17-19.00.54:868][725]LogModuleManager: Shutting down and abandoning module LocalizationService (393)
[2017.06.17-19.00.54:868][725]LogModuleManager: Shutting down and abandoning module HardwareTargeting (390)
[2017.06.17-19.00.54:868][725]LogModuleManager: Shutting down and abandoning module DeviceProfileEditor (388)
[2017.06.17-19.00.54:868][725]LogModuleManager: Shutting down and abandoning module UndoHistory (386)
[2017.06.17-19.00.54:868][725]LogModuleManager: Shutting down and abandoning module UserFeedback (384)
[2017.06.17-19.00.54:868][725]LogModuleManager: Shutting down and abandoning module XmlParser (382)
[2017.06.17-19.00.54:868][725]LogModuleManager: Shutting down and abandoning module Blutility (380)
[2017.06.17-19.00.54:868][725]LogModuleManager: Shutting down and abandoning module ProjectSettingsViewer (378)
[2017.06.17-19.00.54:868][725]LogModuleManager: Shutting down and abandoning module ProjectTargetPlatformEditor (377)
[2017.06.17-19.00.54:869][725]LogModuleManager: Shutting down and abandoning module EditorSettingsViewer (374)
[2017.06.17-19.00.54:869][725]LogModuleManager: Shutting down and abandoning module SettingsEditor (372)
[2017.06.17-19.00.54:869][725]LogModuleManager: Shutting down and abandoning module ProjectLauncher (370)
[2017.06.17-19.00.54:869][725]LogModuleManager: Shutting down and abandoning module SessionFrontend (368)
[2017.06.17-19.00.54:869][725]LogModuleManager: Shutting down and abandoning module ProfilerClient (366)
[2017.06.17-19.00.54:869][725]LogModuleManager: Shutting down and abandoning module DeviceManager (364)
[2017.06.17-19.00.54:869][725]LogModuleManager: Shutting down and abandoning module TargetDeviceServices (363)
[2017.06.17-19.00.54:899][725]LogModuleManager: Shutting down and abandoning module AutomationController (360)
[2017.06.17-19.00.54:899][725]LogModuleManager: Shutting down and abandoning module AutomationWindow (358)
[2017.06.17-19.00.54:899][725]LogModuleManager: Shutting down and abandoning module Layers (356)
[2017.06.17-19.00.54:899][725]LogModuleManager: Shutting down and abandoning module ComponentVisualizers (354)
[2017.06.17-19.00.54:899][725]LogModuleManager: Shutting down and abandoning module DetailCustomizations (352)
[2017.06.17-19.00.54:899][725]LogModuleManager: Shutting down and abandoning module PackagesDialog (350)
[2017.06.17-19.00.54:899][725]LogModuleManager: Shutting down and abandoning module Persona (348)
[2017.06.17-19.00.54:899][725]LogModuleManager: Shutting down and abandoning module AnimGraph (347)
[2017.06.17-19.00.54:899][725]LogModuleManager: Shutting down and abandoning module Kismet (344)
[2017.06.17-19.00.54:900][725]LogModuleManager: Shutting down and abandoning module GraphEditor (342)
[2017.06.17-19.00.54:900][725]LogModuleManager: Shutting down and abandoning module ClassViewer (340)
[2017.06.17-19.00.54:900][725]LogModuleManager: Shutting down and abandoning module Toolbox (338)
[2017.06.17-19.00.54:900][725]LogModuleManager: Shutting down and abandoning module ModuleUI (336)
[2017.06.17-19.00.54:900][725]LogModuleManager: Shutting down and abandoning module MovieSceneTools (334)
[2017.06.17-19.00.54:900][725]LogModuleManager: Shutting down and abandoning module OutputLog (332)
[2017.06.17-19.00.54:900][725]LogModuleManager: Shutting down and abandoning module GammaUI (330)
[2017.06.17-19.00.54:900][725]LogModuleManager: Shutting down and abandoning module Documentation (328)
[2017.06.17-19.00.54:900][725]LogModuleManager: Shutting down and abandoning module Niagara (326)
[2017.06.17-19.00.54:900][725]LogModuleManager: Shutting down and abandoning module StreamingPauseRendering (324)
[2017.06.17-19.00.54:900][725]LogModuleManager: Shutting down and abandoning module AnalyticsET (322)
[2017.06.17-19.00.54:900][725]LogModuleManager: Shutting down and abandoning module PortalServices (320)
[2017.06.17-19.00.54:900][725]LogModuleManager: Shutting down and abandoning module PortalRpc (318)
[2017.06.17-19.00.54:900][725]LogModuleManager: Shutting down and abandoning module MessagingRpc (316)
[2017.06.17-19.00.54:900][725]LogModuleManager: Shutting down and abandoning module AIModule (314)
[2017.06.17-19.00.54:900][725]LogModuleManager: Shutting down and abandoning module GameplayDebugger (313)
[2017.06.17-19.00.54:900][725]LogModuleManager: Shutting down and abandoning module AITestSuite (311)
[2017.06.17-19.00.54:900][725]LogModuleManager: Shutting down and abandoning module ProfilerService (308)
[2017.06.17-19.00.55:108][725]LogModuleManager: Shutting down and abandoning module TaskGraph (306)
[2017.06.17-19.00.55:108][725]LogModuleManager: Shutting down and abandoning module SteamVRController (304)
[2017.06.17-19.00.55:108][725]LogModuleManager: Shutting down and abandoning module SteamVR (302)
[2017.06.17-19.00.55:108][725]LogModuleManager: Shutting down and abandoning module SoundVisualizations (300)
[2017.06.17-19.00.55:108][725]LogModuleManager: Shutting down and abandoning module ProceduralMeshComponentEditor (298)
[2017.06.17-19.00.55:109][725]LogModuleManager: Shutting down and abandoning module ProceduralMeshComponent (296)
[2017.06.17-19.00.55:109][725]LogModuleManager: Shutting down and abandoning module OculusLibrary (294)
[2017.06.17-19.00.55:109][725]LogModuleManager: Shutting down and abandoning module OculusInput (292)
[2017.06.17-19.00.55:109][725]LogModuleManager: Shutting down and abandoning module MobilePatchingUtils (290)
[2017.06.17-19.00.55:109][725]LogModuleManager: Shutting down and abandoning module CustomMeshComponent (288)
[2017.06.17-19.00.55:109][725]LogModuleManager: Shutting down and abandoning module CableComponent (286)
[2017.06.17-19.00.55:109][725]LogModuleManager: Shutting down and abandoning module ArchVisCharacter (284)
[2017.06.17-19.00.55:109][725]LogModuleManager: Shutting down and abandoning module MediaPlayerEditor (280)
[2017.06.17-19.00.55:109][725]LogModuleManager: Shutting down and abandoning module HTML5Networking (278)
[2017.06.17-19.00.55:109][725]LogModuleManager: Shutting down and abandoning module AlembicImporter (276)
[2017.06.17-19.00.55:109][725]LogModuleManager: Shutting down and abandoning module AlembicLibrary (275)
[2017.06.17-19.00.55:109][725]LogModuleManager: Shutting down and abandoning module GeometryCache (274)
[2017.06.17-19.00.55:109][725]LogModuleManager: Shutting down and abandoning module GeometryCacheEd (273)
[2017.06.17-19.00.55:109][725]LogModuleManager: Shutting down and abandoning module SuperSearchEditor (268)
[2017.06.17-19.00.55:109][725]LogModuleManager: Shutting down and abandoning module SuperSearch (267)
[2017.06.17-19.00.55:109][725]LogModuleManager: Shutting down and abandoning module SpeedTreeImporter (264)
[2017.06.17-19.00.55:109][725]LogModuleManager: Shutting down and abandoning module PluginBrowser (262)
[2017.06.17-19.00.55:109][725]LogModuleManager: Shutting down and abandoning module MobileLauncherProfileWizard (260)
[2017.06.17-19.00.55:109][725]LogModuleManager: Shutting down and abandoning module EpicSurvey (258)
[2017.06.17-19.00.55:109][725]LogModuleManager: Shutting down and abandoning module VisualStudioSourceCodeAccess (256)
[2017.06.17-19.00.55:109][725]LogModuleManager: Shutting down and abandoning module DesktopPlatform (255)
[2017.06.17-19.00.55:109][725]LogModuleManager: Shutting down and abandoning module UObjectPlugin (252)
[2017.06.17-19.00.55:109][725]LogModuleManager: Shutting down and abandoning module SubversionSourceControl (250)
[2017.06.17-19.00.55:109][725]LogModuleManager: Shutting down and abandoning module PerforceSourceControl (248)
[2017.06.17-19.00.55:109][725]LogModuleManager: Shutting down and abandoning module GitSourceControl (246)
[2017.06.17-19.00.55:110][725]LogModuleManager: Shutting down and abandoning module SourceControl (245)
[2017.06.17-19.00.55:110][725]LogModuleManager: Shutting down and abandoning module LightPropagationVolumeEditor (242)
[2017.06.17-19.00.55:110][725]LogModuleManager: Shutting down and abandoning module PaperTiledImporter (240)
[2017.06.17-19.00.55:110][725]LogModuleManager: Shutting down and abandoning module PaperSpriteSheetImporter (238)
[2017.06.17-19.00.55:110][725]LogModuleManager: Shutting down and abandoning module Paper2DEditor (236)
[2017.06.17-19.00.55:110][725]LogModuleManager: Shutting down and abandoning module MeshPaint (235)
[2017.06.17-19.00.55:110][725]LogModuleManager: Shutting down and abandoning module LevelEditor (233)
[2017.06.17-19.00.55:111][725]LogModuleManager: Shutting down and abandoning module PixelInspectorModule (232)
[2017.06.17-19.00.55:111][725]LogModuleManager: Shutting down and abandoning module MainFrame (230)
[2017.06.17-19.00.55:111][725]LogModuleManager: Shutting down and abandoning module HotReload (229)
[2017.06.17-19.00.55:112][725]LogModuleManager: Shutting down and abandoning module ContentBrowser (225)
[2017.06.17-19.00.55:113][725]LogModuleManager: Shutting down and abandoning module PhysXVehiclesEditor (222)
[2017.06.17-19.00.55:113][725]LogModuleManager: Shutting down and abandoning module PhysXVehicles (220)
[2017.06.17-19.00.55:113][725]LogModuleManager: Shutting down and abandoning module LocationServicesBPLibrary (218)
[2017.06.17-19.00.55:114][725]LogModuleManager: Shutting down and abandoning module UdpMessaging (216)
[2017.06.17-19.00.55:222][725]LogModuleManager: Shutting down and abandoning module TcpMessaging (214)
[2017.06.17-19.00.55:322][725]LogModuleManager: Shutting down and abandoning module GameplayTagsEditor (212)
[2017.06.17-19.00.55:322][725]LogModuleManager: Shutting down and abandoning module FacialAnimationEditor (210)
[2017.06.17-19.00.55:322][725]LogModuleManager: Shutting down and abandoning module FacialAnimation (208)
[2017.06.17-19.00.55:322][725]LogModuleManager: Shutting down and abandoning module LightPropagationVolumeRuntime (206)
[2017.06.17-19.00.55:322][725]LogModuleManager: Shutting down and abandoning module Paper2D (204)
[2017.06.17-19.00.55:322][725]LogModuleManager: Shutting down and abandoning module WindowsMoviePlayer (202)
[2017.06.17-19.00.55:322][725]LogModuleManager: Shutting down and abandoning module WmfMedia (200)
[2017.06.17-19.00.55:324][725]LogModuleManager: Shutting down and abandoning module MfMedia (198)
[2017.06.17-19.00.55:324][725]LogModuleManager: Shutting down and abandoning module MediaAssets (196)
[2017.06.17-19.00.55:324][725]LogModuleManager: Shutting down and abandoning module GameLiveStreaming (194)
[2017.06.17-19.00.55:324][725]LogModuleManager: Shutting down and abandoning module VREditor (192)
[2017.06.17-19.00.55:324][725]LogModuleManager: Shutting down and abandoning module GameplayTasksEditor (190)
[2017.06.17-19.00.55:324][725]LogModuleManager: Shutting down and abandoning module BehaviorTreeEditor (188)
[2017.06.17-19.00.55:324][725]LogModuleManager: Shutting down and abandoning module FunctionalTesting (186)
[2017.06.17-19.00.55:324][725]LogModuleManager: Shutting down and abandoning module CollisionAnalyzer (184)
[2017.06.17-19.00.55:324][725]LogModuleManager: Shutting down and abandoning module UMG (182)
[2017.06.17-19.00.55:324][725]LogModuleManager: Shutting down and abandoning module UMGEditor (181)
[2017.06.17-19.00.55:324][725]LogModuleManager: Shutting down and abandoning module Sequencer (180)
[2017.06.17-19.00.55:324][725]LogModuleManager: Shutting down and abandoning module AssetTools (178)
[2017.06.17-19.00.55:324][725]LogModuleManager: Shutting down and abandoning module MessageLog (177)
[2017.06.17-19.00.55:324][725]LogModuleManager: Shutting down and abandoning module WorkspaceMenuStructure (176)
[2017.06.17-19.00.55:325][725]LogModuleManager: Shutting down and abandoning module SlateReflector (170)
[2017.06.17-19.00.55:325][725]LogModuleManager: Shutting down and abandoning module Slate (168)
[2017.06.17-19.00.55:325][725]LogModuleManager: Shutting down and abandoning module EditorStyle (166)
[2017.06.17-19.00.55:328][725]LogModuleManager: Shutting down and abandoning module SourceCodeAccess (164)
[2017.06.17-19.00.55:328][725]LogModuleManager: Shutting down and abandoning module HeadMountedDisplay (162)
[2017.06.17-19.00.55:328][725]LogModuleManager: Shutting down and abandoning module XAudio2 (160)
[2017.06.17-19.00.55:328][725]LogModuleManager: Shutting down and abandoning module Networking (158)
[2017.06.17-19.00.55:328][725]LogModuleManager: Shutting down and abandoning module Core (154)
[2017.06.17-19.00.55:328][725]LogModuleManager: Shutting down and abandoning module AssetRegistry (152)
[2017.06.17-19.00.55:498][725]LogDirectoryWatcher: A directory notification for '../../../Engine/Content/' was aborted.
[2017.06.17-19.00.55:498][725]LogDirectoryWatcher: A directory notification for 'E:/gremmlin daten/desktop/ue4/murmel game LD/murmel2/Content/' was aborted.
[2017.06.17-19.00.55:499][725]LogDirectoryWatcher: A directory notification for '../../../Engine/Plugins/2D/Paper2D/Content/' was aborted.
[2017.06.17-19.00.55:499][725]LogModuleManager: Shutting down and abandoning module DirectoryWatcher (151)
[2017.06.17-19.00.55:500][725]LogModuleManager: Shutting down and abandoning module KismetCompiler (148)
[2017.06.17-19.00.55:500][725]LogModuleManager: Shutting down and abandoning module PhysXFormats (146)
[2017.06.17-19.00.55:500][725]LogModuleManager: Shutting down and abandoning module MeshUtilities (144)
[2017.06.17-19.00.55:500][725]LogModuleManager: Shutting down and abandoning module SimplygonSwarm (143)
[2017.06.17-19.00.55:500][725]LogModuleManager: Shutting down and abandoning module SimplygonMeshReduction (141)
[2017.06.17-19.00.55:500][725]LogModuleManager: Shutting down and abandoning module QuadricMeshReduction (139)
[2017.06.17-19.00.55:500][725]LogModuleManager: Shutting down and abandoning module PropertyEditor (137)
[2017.06.17-19.00.55:500][725]LogModuleManager: Shutting down and abandoning module DerivedDataCache (134)
[2017.06.17-19.00.55:853][725]LogDerivedDataCache: Shutdown
[2017.06.17-19.00.55:853][725]LogModuleManager: Shutting down and abandoning module TargetPlatform (132)
[2017.06.17-19.00.55:853][725]LogModuleManager: Shutting down and abandoning module VulkanShaderFormat (131)
[2017.06.17-19.00.55:853][725]LogModuleManager: Shutting down and abandoning module ShaderFormatOpenGL (129)
[2017.06.17-19.00.55:853][725]LogModuleManager: Shutting down and abandoning module ShaderFormatD3D (127)
[2017.06.17-19.00.55:853][725]LogModuleManager: Shutting down and abandoning module MetalShaderFormat (125)
[2017.06.17-19.00.55:853][725]LogModuleManager: Shutting down and abandoning module TextureFormatUncompressed (123)
[2017.06.17-19.00.55:853][725]LogModuleManager: Shutting down and abandoning module TextureFormatPVR (121)
[2017.06.17-19.00.55:853][725]LogModuleManager: Shutting down and abandoning module TextureFormatDXT (119)
[2017.06.17-19.00.55:853][725]LogModuleManager: Shutting down and abandoning module TextureFormatIntelISPCTexComp (117)
[2017.06.17-19.00.55:853][725]LogModuleManager: Shutting down and abandoning module TextureFormatASTC (115)
[2017.06.17-19.00.55:853][725]LogModuleManager: Shutting down and abandoning module ImageWrapper (114)
[2017.06.17-19.00.55:853][725]LogModuleManager: Shutting down and abandoning module TextureFormatAndroid (111)
[2017.06.17-19.00.55:853][725]LogModuleManager: Shutting down and abandoning module AudioFormatOpus (109)
[2017.06.17-19.00.55:853][725]LogModuleManager: Shutting down and abandoning module AudioFormatOgg (107)
[2017.06.17-19.00.55:853][725]LogModuleManager: Shutting down and abandoning module AudioFormatADPCM (105)
[2017.06.17-19.00.55:853][725]LogModuleManager: Shutting down and abandoning module LinuxTargetPlatform (103)
[2017.06.17-19.00.55:853][725]LogModuleManager: Shutting down and abandoning module LinuxServerTargetPlatform (101)
[2017.06.17-19.00.55:853][725]LogModuleManager: Shutting down and abandoning module LinuxNoEditorTargetPlatform (99)
[2017.06.17-19.00.55:853][725]LogModuleManager: Shutting down and abandoning module LinuxClientTargetPlatform (97)
[2017.06.17-19.00.55:854][725]LogModuleManager: Shutting down and abandoning module TVOSTargetPlatform (95)
[2017.06.17-19.00.55:854][725]LogModuleManager: Shutting down and abandoning module Messaging (93)
[2017.06.17-19.00.55:854][725]LogModuleManager: Shutting down and abandoning module IOSTargetPlatform (91)
[2017.06.17-19.00.55:854][725]LogModuleManager: Shutting down and abandoning module HTML5TargetPlatform (89)
[2017.06.17-19.00.55:854][725]LogModuleManager: Shutting down and abandoning module Android_PVRTCTargetPlatform (87)
[2017.06.17-19.00.55:854][725]LogModuleManager: Shutting down and abandoning module Android_MultiTargetPlatform (85)
[2017.06.17-19.00.55:854][725]LogModuleManager: Shutting down and abandoning module Android_ETC2TargetPlatform (83)
[2017.06.17-19.00.55:854][725]LogModuleManager: Shutting down and abandoning module Android_ETC1TargetPlatform (81)
[2017.06.17-19.00.55:854][725]LogModuleManager: Shutting down and abandoning module Android_DXTTargetPlatform (79)
[2017.06.17-19.00.55:854][725]LogModuleManager: Shutting down and abandoning module Android_ATCTargetPlatform (77)
[2017.06.17-19.00.55:854][725]LogModuleManager: Shutting down and abandoning module Android_ASTCTargetPlatform (75)
[2017.06.17-19.00.55:854][725]LogModuleManager: Shutting down and abandoning module AndroidTargetPlatform (73)
[2017.06.17-19.00.55:854][725]LogModuleManager: Shutting down and abandoning module WindowsTargetPlatform (71)
[2017.06.17-19.00.55:854][725]LogModuleManager: Shutting down and abandoning module WindowsServerTargetPlatform (69)
[2017.06.17-19.00.55:854][725]LogModuleManager: Shutting down and abandoning module WindowsNoEditorTargetPlatform (67)
[2017.06.17-19.00.55:854][725]LogModuleManager: Shutting down and abandoning module WindowsClientTargetPlatform (65)
[2017.06.17-19.00.55:854][725]LogModuleManager: Shutting down and abandoning module MacTargetPlatform (63)
[2017.06.17-19.00.55:854][725]LogModuleManager: Shutting down and abandoning module MacServerTargetPlatform (61)
[2017.06.17-19.00.55:854][725]LogModuleManager: Shutting down and abandoning module MacNoEditorTargetPlatform (59)
[2017.06.17-19.00.55:854][725]LogModuleManager: Shutting down and abandoning module MacClientTargetPlatform (57)
[2017.06.17-19.00.55:854][725]LogModuleManager: Shutting down and abandoning module AllDesktopTargetPlatform (55)
[2017.06.17-19.00.55:854][725]LogModuleManager: Shutting down and abandoning module InputCore (52)
[2017.06.17-19.00.55:854][725]LogModuleManager: Shutting down and abandoning module Settings (50)
[2017.06.17-19.00.55:854][725]LogModuleManager: Shutting down and abandoning module OculusRift (48)
[2017.06.17-19.00.55:854][725]LogModuleManager: Shutting down and abandoning module GearVR (46)
[2017.06.17-19.00.55:854][725]LogModuleManager: Shutting down and abandoning module ExampleDeviceProfileSelector (44)
[2017.06.17-19.00.55:854][725]LogModuleManager: Shutting down and abandoning module OnlineBlueprintSupport (42)
[2017.06.17-19.00.55:854][725]LogModuleManager: Shutting down and abandoning module OnlineSubsystem (38)
[2017.06.17-19.00.55:854][725]LogOnline:Display: Unloading online subsystem: NULL
[2017.06.17-19.00.55:854][725]LogModuleManager: Shutting down and abandoning module XMPP (37)
[2017.06.17-19.00.55:854][725]LogModuleManager: Shutting down and abandoning module HTTP (35)
[2017.06.17-19.00.55:854][725]LogHttp:Display: Http module shutting down, but needs to wait on 1 outstanding Http requests:
[2017.06.17-19.00.55:854][725]LogHttp:Display: 	verb=[POST] url=[https://datarouter.ol.epicgames.com/datarouter/api/v1/public/data?SessionID=%7B7F7DD20B-4C36-CAB0-82D2-F199016EA28B%7D&AppID=UEEditor.Rocket.Release&AppVersion=4.15.2-3416026%2B%2B%2BUE4%2BRelease-4.15&UserID=9f92991940b45aea0d0d51ac7ef591ff%7Ccd437ad64441409d8b4a78bf36c71f5f%7C02707ce4-b108-440c-aa53-9f63a9d7cb30&AppEnvironment=datacollector-binary&UploadType=eteventstream] status=Processing
[2017.06.17-19.00.55:886][725]LogModuleManager: Shutting down and abandoning module SSL (34)
[2017.06.17-19.00.55:888][725]LogModuleManager: Shutting down and abandoning module AudioEditor (30)
[2017.06.17-19.00.55:888][725]LogModuleManager: Shutting down and abandoning module TextureCompressor (28)
[2017.06.17-19.00.55:888][725]LogModuleManager: Shutting down and abandoning module ShaderCore (26)
[2017.06.17-19.00.55:888][725]LogModuleManager: Shutting down and abandoning module Landscape (24)
[2017.06.17-19.00.55:888][725]LogModuleManager: Shutting down and abandoning module SlateRHIRenderer (22)
[2017.06.17-19.00.55:892][725]LogModuleManager: Shutting down and abandoning module OpenGLDrv (20)
[2017.06.17-19.00.55:892][725]LogModuleManager: Shutting down and abandoning module D3D11RHI (18)
[2017.06.17-19.00.55:892][725]LogModuleManager: Shutting down and abandoning module AnimGraphRuntime (16)
[2017.06.17-19.00.55:892][725]LogModuleManager: Shutting down and abandoning module Renderer (14)
[2017.06.17-19.00.55:892][725]LogModuleManager: Shutting down and abandoning module Engine (12)
[2017.06.17-19.00.55:892][725]LogModuleManager: Shutting down and abandoning module CoreUObject (10)
[2017.06.17-19.00.55:892][725]LogModuleManager: Shutting down and abandoning module NetworkFile (8)
[2017.06.17-19.00.55:892][725]LogModuleManager: Shutting down and abandoning module StreamingFile (6)
[2017.06.17-19.00.55:892][725]LogModuleManager: Shutting down and abandoning module SandboxFile (4)
[2017.06.17-19.00.55:892][725]LogModuleManager: Shutting down and abandoning module PakFile (2)
[2017.06.17-19.00.55:897][725]LogExit: Exiting.
[2017.06.17-19.00.55:906][725]Log file closed, 06/17/17 21:00:55
