Log file open, 06/17/17 21:11:20
LogInit:Display: Running engine for game: murmel2
LogPlatformFile: Not using cached read wrapper
LogInit:Display: RandInit(1436623244) SRandInit(1436623244).
LogTaskGraph: Started task graph with 5 named threads and 8 total threads with 1 sets of task threads.
LogStats: Stats thread started at 0.073577
LogInit: Using libcurl 7.47.1
LogInit:  - built for x86_64-pc-win32
LogInit:  - supports SSL with OpenSSL/1.0.2g
LogInit:  - supports HTTP deflate (compression) using libz 1.2.8
LogInit:  - other features:
LogInit:      CURL_VERSION_SSL
LogInit:      CURL_VERSION_LIBZ
LogInit:      CURL_VERSION_IPV6
LogInit:      CURL_VERSION_ASYNCHDNS
LogInit:      CURL_VERSION_LARGEFILE
LogInit:      CURL_VERSION_IDN
LogInit:  CurlRequestOptions (configurable via config and command line):
LogInit:  - bVerifyPeer = false  - Libcurl will NOT verify peer certificate
LogInit:  - bUseHttpProxy = false  - Libcurl will NOT use HTTP proxy
LogInit:  - bDontReuseConnections = false  - Libcurl will reuse connections
LogInit:  - CertBundlePath = nullptr  - Libcurl will use whatever was configured at build time.
LogInit: Build: ++UE4+Release-4.15-CL-3348071
LogInit: Engine Version: 4.15.1-3348071+++UE4+Release-4.15
LogInit: Compatible Engine Version: 4.15.0-3299760+++UE4+Release-4.15
LogInit: Net CL: 3299760
LogDevObjectVersion: Number of dev versions registered: 14
LogDevObjectVersion:   Dev-Blueprints (B0D832E4-1F89-4F0D-ACCF-7EB736FD4AA2): 8
LogDevObjectVersion:   Dev-Build (E1C64328-A22C-4D53-A36C-8E866417BD8C): 0
LogDevObjectVersion:   Dev-Core (375EC13C-06E4-48FB-B500-84F0262A717E): 2
LogDevObjectVersion:   Dev-Editor (E4B068ED-F494-42E9-A231-DA0B2E46BB41): 14
LogDevObjectVersion:   Dev-Framework (CFFC743F-43B0-4480-9391-14DF171D2073): 22
LogDevObjectVersion:   Dev-Mobile (B02B49B5-BB20-44E9-A304-32B752E40360): 0
LogDevObjectVersion:   Dev-Networking (A4E4105C-59A1-49B5-A7C5-40C4547EDFEE): 0
LogDevObjectVersion:   Dev-Online (39C831C9-5AE6-47DC-9A44-9C173E1C8E7C): 0
LogDevObjectVersion:   Dev-Physics (78F01B33-EBEA-4F98-B9B4-84EACCB95AA2): 0
LogDevObjectVersion:   Dev-Platform (6631380F-2D4D-43E0-8009-CF276956A95A): 0
LogDevObjectVersion:   Dev-Rendering (12F88B9F-8875-4AFC-A67C-D90C383ABD29): 12
LogDevObjectVersion:   Dev-Sequencer (7B5AE74C-D270-4C10-A958-57980B212A5A): 3
LogDevObjectVersion:   Dev-VR (D7296918-1DD6-4BDD-9DE2-64A83CC13884): 0
LogDevObjectVersion:   Dev-LoadTimes (C2A15278-BFE7-4AFE-6C17-90FF531DF755): 1
LogInit: Compiled (64-bit): Mar 15 2017 16:52:47
LogInit: Compiled with Visual C++: 19.00.23026.00
LogInit: Build Configuration: Development
LogInit: Branch Name: ++UE4+Release-4.15
LogInit: Command line: 
LogInit: Base directory: D:/Program Files/Epic Games/UE_4.15/Engine/Binaries/Win64/
LogInit: Installed Engine Build: 1
LogInit: Presizing for max 8388607 objects, including 0 objects not considered by GC, pre-allocating 0 bytes for permanent pool.
LogInit: Object subsystem initialized
[2017.06.17-19.11.20:930][  0]LogInit: Selected Device Profile: [Windows]
[2017.06.17-19.11.20:930][  0]LogInit: Applying CVar settings loaded from the selected device profile: [Windows]
[2017.06.17-19.11.20:942][  0]LogInit: Computer: MAINFRAME
[2017.06.17-19.11.20:942][  0]LogInit: User: soba
[2017.06.17-19.11.20:942][  0]LogInit: CPU Page size=65536, Cores=4
[2017.06.17-19.11.20:942][  0]LogInit: High frequency timer resolution =3.515618 MHz
[2017.06.17-19.11.20:942][  0]LogMemory: Memory total: Physical=15.9GB (16GB approx)
[2017.06.17-19.11.20:942][  0]LogMemory: Platform Memory Stats for Windows
[2017.06.17-19.11.20:942][  0]LogMemory: Process Physical Memory: 263.77 MB used, 263.77 MB peak
[2017.06.17-19.11.20:942][  0]LogMemory: Process Virtual Memory: 262.54 MB used, 262.54 MB peak
[2017.06.17-19.11.20:942][  0]LogMemory: Physical Memory: 5993.13 MB used,  10252.13 MB free, 16245.26 MB total
[2017.06.17-19.11.20:942][  0]LogMemory: Virtual Memory: 644.84 MB used,  10252.13 MB free, 134217728.00 MB total
[2017.06.17-19.11.20:996][  0]LogTextLocalizationManager: No translations for ('de-DE') exist, falling back to 'en' for localization and internationalization data.
[2017.06.17-19.11.21:553][  0]LogD3D11RHI: D3D11 adapters:
[2017.06.17-19.11.21:573][  0]LogD3D11RHI:    0. 'NVIDIA GeForce GTX 970' (Feature Level 11_0)
[2017.06.17-19.11.21:573][  0]LogD3D11RHI:       4058/0/8122 MB DedicatedVideo/DedicatedSystem/SharedSystem, Outputs:3, VendorId:0x10de
[2017.06.17-19.11.21:578][  0]LogD3D11RHI:    1. 'Intel(R) HD Graphics 4600' (Feature Level 11_0)
[2017.06.17-19.11.21:578][  0]LogD3D11RHI:       112/0/2048 MB DedicatedVideo/DedicatedSystem/SharedSystem, Outputs:0, VendorId:0x8086
[2017.06.17-19.11.21:579][  0]LogD3D11RHI:    2. 'Microsoft Basic Render Driver' (Feature Level 11_0)
[2017.06.17-19.11.21:579][  0]LogD3D11RHI:       0/0/8122 MB DedicatedVideo/DedicatedSystem/SharedSystem, Outputs:0, VendorId:0x1414
[2017.06.17-19.11.21:579][  0]LogD3D11RHI: Chosen D3D11 Adapter: 0
[2017.06.17-19.11.21:582][  0]LogD3D11RHI: Creating new Direct3DDevice
[2017.06.17-19.11.21:582][  0]LogD3D11RHI:     GPU DeviceId: 0x13c2 (for the marketing name, search the web for "GPU Device Id")
[2017.06.17-19.11.21:582][  0]LogWindows: EnumDisplayDevices:
[2017.06.17-19.11.21:582][  0]LogWindows:    0. 'NVIDIA GeForce GTX 970' (P:1 D:1)
[2017.06.17-19.11.21:582][  0]LogWindows:    1. 'NVIDIA GeForce GTX 970' (P:0 D:1)
[2017.06.17-19.11.21:582][  0]LogWindows:    2. 'NVIDIA GeForce GTX 970' (P:0 D:1)
[2017.06.17-19.11.21:582][  0]LogWindows:    3. 'NVIDIA GeForce GTX 970' (P:0 D:0)
[2017.06.17-19.11.21:583][  0]LogWindows:    4. 'Intel(R) HD Graphics 4600' (P:0 D:0)
[2017.06.17-19.11.21:583][  0]LogWindows:    5. 'Intel(R) HD Graphics 4600' (P:0 D:0)
[2017.06.17-19.11.21:583][  0]LogWindows:    6. 'Intel(R) HD Graphics 4600' (P:0 D:0)
[2017.06.17-19.11.21:583][  0]LogWindows: DebugString: PrimaryIsNotTheChoosenAdapter PrimaryIsNotTheChoosenAdapter PrimaryIsNotTheChoosenAdapter FoundDriverCount:4 
[2017.06.17-19.11.21:583][  0]LogD3D11RHI:     Adapter Name: NVIDIA GeForce GTX 970
[2017.06.17-19.11.21:583][  0]LogD3D11RHI:   Driver Version: 376.53 (internal:21.21.13.7653, unified:376.53)
[2017.06.17-19.11.21:583][  0]LogD3D11RHI:      Driver Date: 12-29-2016
[2017.06.17-19.11.21:583][  0]LogRHI: Texture pool is 1361 MB (70% of 1945 MB)
[2017.06.17-19.11.21:595][  0]LogD3D11RHI: Async texture creation enabled
[2017.06.17-19.11.21:605][  0]LogD3D11RHI: GPU Timing Frequency: 1000.000000 (Debug: 2 1)
[2017.06.17-19.11.21:606][  0]LogD3D11RHI: HDR output is supported on display 0 (NvId: 0x80061081).
[2017.06.17-19.11.21:607][  0]LogShaderCompilers: Guid format shader working directory is -1 characters bigger than the processId version (../../../../../../Projects/UE/MurmelGame Alpha/Intermediate/Shaders/WorkingDirectory/8360/).
[2017.06.17-19.11.21:607][  0]LogShaderCompilers: Cleaned the shader compiler working directory 'C:/Users/soba/AppData/Local/Temp/UnrealShaderWorkingDir/451979FE4B10C5A408F3699D6A8A54A1/'.
[2017.06.17-19.11.21:607][  0]LogShaderCompilers:Display: Using Local Shader Compiler.
[2017.06.17-19.11.22:488][  0]LogTemp:Display: Loaded TP AllDesktopTargetPlatform
[2017.06.17-19.11.22:525][  0]LogTemp:Display: Loaded TP MacClientTargetPlatform
[2017.06.17-19.11.22:564][  0]LogTemp:Display: Loaded TP MacNoEditorTargetPlatform
[2017.06.17-19.11.22:602][  0]LogTemp:Display: Loaded TP MacServerTargetPlatform
[2017.06.17-19.11.22:640][  0]LogTemp:Display: Loaded TP MacTargetPlatform
[2017.06.17-19.11.22:677][  0]LogTemp:Display: Loaded TP WindowsClientTargetPlatform
[2017.06.17-19.11.22:715][  0]LogTemp:Display: Loaded TP WindowsNoEditorTargetPlatform
[2017.06.17-19.11.22:751][  0]LogTemp:Display: Loaded TP WindowsServerTargetPlatform
[2017.06.17-19.11.22:779][  0]LogTemp:Display: Loaded TP WindowsTargetPlatform
[2017.06.17-19.11.22:816][  0]LogTemp:Display: Loaded TP AndroidTargetPlatform
[2017.06.17-19.11.22:854][  0]LogTemp:Display: Loaded TP Android_ASTCTargetPlatform
[2017.06.17-19.11.22:890][  0]LogTemp:Display: Loaded TP Android_ATCTargetPlatform
[2017.06.17-19.11.22:928][  0]LogTemp:Display: Loaded TP Android_DXTTargetPlatform
[2017.06.17-19.11.22:967][  0]LogTemp:Display: Loaded TP Android_ETC1TargetPlatform
[2017.06.17-19.11.23:004][  0]LogTemp:Display: Loaded TP Android_ETC2TargetPlatform
[2017.06.17-19.11.23:077][  0]LogTemp:Display: Loaded TP Android_MultiTargetPlatform
[2017.06.17-19.11.23:077][  0]LogTemp:Display: Loaded TP Android_PVRTCTargetPlatform
[2017.06.17-19.11.23:099][  0]LogTemp:Display: Loaded TP HTML5TargetPlatform
[2017.06.17-19.11.23:169][  0]LogTemp:Display: Loaded TP IOSTargetPlatform
[2017.06.17-19.11.23:193][  0]LogTemp:Display: Loaded TP TVOSTargetPlatform
[2017.06.17-19.11.23:231][  0]LogTemp:Display: Loaded TP LinuxClientTargetPlatform
[2017.06.17-19.11.23:270][  0]LogTemp:Display: Loaded TP LinuxNoEditorTargetPlatform
[2017.06.17-19.11.23:307][  0]LogTemp:Display: Loaded TP LinuxServerTargetPlatform
[2017.06.17-19.11.23:350][  0]LogTemp:Display: Loaded TP LinuxTargetPlatform
[2017.06.17-19.11.23:350][  0]LogTargetPlatformManager:Display: Building Assets For Windows
[2017.06.17-19.11.23:620][  0]LogDerivedDataCache:Display: Max Cache Size: 512 MB
[2017.06.17-19.11.23:665][  0]LogDerivedDataCache: Loaded boot cache 0.04s 50MB C:/Users/soba/AppData/Local/UnrealEngine/4.15/DerivedDataCache/Boot.ddc.
[2017.06.17-19.11.23:665][  0]LogDerivedDataCache:Display: Loaded Boot cache: C:/Users/soba/AppData/Local/UnrealEngine/4.15/DerivedDataCache/Boot.ddc
[2017.06.17-19.11.23:665][  0]LogDerivedDataCache: FDerivedDataBackendGraph:  Pak pak cache file ../../../../../../Projects/UE/MurmelGame Alpha/DerivedDataCache/DDC.ddp not found, will not use a pak cache.
[2017.06.17-19.11.23:665][  0]LogDerivedDataCache: Unable to find inner node Pak for hierarchical cache Hierarchy.
[2017.06.17-19.11.23:665][  0]LogDerivedDataCache: FDerivedDataBackendGraph:  CompressedPak pak cache file ../../../../../../Projects/UE/MurmelGame Alpha/DerivedDataCache/Compressed.ddp not found, will not use a pak cache.
[2017.06.17-19.11.23:665][  0]LogDerivedDataCache: Unable to find inner node CompressedPak for hierarchical cache Hierarchy.
[2017.06.17-19.11.23:681][  0]LogDerivedDataCache:Display: Pak cache opened for reading ../../../Engine/DerivedDataCache/Compressed.ddp.
[2017.06.17-19.11.23:693][  0]LogDerivedDataCache: Using Local data cache path C:/Users/soba/AppData/Local/UnrealEngine/Common/DerivedDataCache: Writable
[2017.06.17-19.11.23:701][  0]LogSlate: Using Freetype 2.6.0
[2017.06.17-19.11.23:701][  0]LogSlate: SlateFontCache - WITH_FREETYPE: 1, WITH_HARFBUZZ: 1
[2017.06.17-19.11.23:701][  0]LogSlate: SlateFontCache - WITH_FREETYPE: 1, WITH_HARFBUZZ: 1
[2017.06.17-19.11.23:910][  0]LogInit: Selected Device Profile: [Windows]
[2017.06.17-19.11.23:912][  0]LogContentStreaming: Texture pool size is 0.00 MB
[2017.06.17-19.11.24:070][  0]LogMeshUtilities: Using QuadricMeshReduction for automatic static mesh reduction
[2017.06.17-19.11.24:096][  0]LogSimplygon: Simplygon DLL not present - disabling.
[2017.06.17-19.11.24:125][  0]LogMeshUtilities: Using SimplygonSwarm for distributed automatic mesh merging
[2017.06.17-19.11.24:125][  0]LogMeshUtilities: No automatic skeletal mesh reduction module available
[2017.06.17-19.11.24:125][  0]LogMeshUtilities: No automatic mesh merging module available
[2017.06.17-19.11.24:522][  0]LogNetVersion: GetLocalNetworkVersion: CL: 3299760, ProjectName: murmel2, ProjectVersion: , EngineNetworkVersion: 2, GameNetworkVersion: 0, NetworkChecksum: 3639395430
[2017.06.17-19.11.24:559][  0]LogAssetRegistry: FAssetRegistry took 0.0215 seconds to start up
[2017.06.17-19.11.24:582][  0]LogPackageLocalizationCache: Processed 3 localized package path(s) for 1 prioritized culture(s) in 0.009939 seconds
[2017.06.17-19.11.24:587][  0]LogUObjectArray: 32493 objects as part of root set at end of initial load.
[2017.06.17-19.11.24:587][  0]LogUObjectAllocator: 7077032 out of 0 bytes used by permanent object pool.
[2017.06.17-19.11.24:587][  0]LogUObjectArray: CloseDisregardForGC: 0/0 objects in disregard for GC pool
[2017.06.17-19.11.24:624][  0]LogInit: WinSock: version 1.1 (2.2), MaxSocks=32767, MaxUdp=65467
[2017.06.17-19.11.25:717][  0]LogTcpMessaging: Initializing TcpMessaging bridge
[2017.06.17-19.11.25:746][  0]LogUdpMessaging: Initializing bridge on interface 0.0.0.0:0 to multicast group 230.0.0.1:6666.
[2017.06.17-19.11.26:053][  0]LogMaterial: Uniform references updated for custom material expression Custom.
[2017.06.17-19.11.26:306][  0]SourceControl: Info Source control is disabled
[2017.06.17-19.11.26:329][  0]SourceControl: Info Source control is disabled
[2017.06.17-19.11.26:362][  0]SourceControl: Info Source control is disabled
[2017.06.17-19.11.26:391][  0]SourceControl: Info Source control is disabled
[2017.06.17-19.11.26:577][  0]LogLinker:Warning: Can't find file '/Game/RollingBP/RollingOverview'
[2017.06.17-19.11.26:577][  0]LogLinker:Warning: Can't find file '/Game/RollingBP/RollingOverview'
[2017.06.17-19.11.26:577][  0]LogUObjectGlobals:Warning: Failed to find object 'Class /Game/RollingBP/RollingOverview.RollingOverview_C'
[2017.06.17-19.11.27:201][  0]LogEngine: Initializing Engine...
[2017.06.17-19.11.27:201][  0]LogHMD: Failed to initialize OpenVR with code 110
[2017.06.17-19.11.27:366][  0]LogAIModule: Creating AISystem for world Untitled
[2017.06.17-19.11.27:375][  0]LogInit: XAudio2 using 'Speakers (Realtek High Definition Audio)' : 2 channels at 48 kHz using 32 bits per sample (channel mask 0x3)
[2017.06.17-19.11.27:397][  0]LogInit: FAudioDevice initialized.
[2017.06.17-19.11.27:420][  0]LogDerivedDataCache: Saved boot cache 0.02s 50MB C:/Users/soba/AppData/Local/UnrealEngine/4.15/DerivedDataCache/Boot.ddc.
[2017.06.17-19.11.27:429][  0]LogInit: Texture streaming: Enabled
[2017.06.17-19.11.27:490][  0]LogEngineSessionManager: EngineSessionManager initialized
[2017.06.17-19.11.27:548][  0]LogInit: Transaction tracking system initialized
[2017.06.17-19.11.27:756][  0]BlueprintLog: New page: Editor Load
[2017.06.17-19.11.28:291][  0]LocalizationService: Info Localization service is disabled
[2017.06.17-19.11.28:696][  0]LogConsoleResponse:Display: 
[2017.06.17-19.11.28:793][  0]LogCook:Display: Max memory allowance for cook 16384mb min free memory 0mb
[2017.06.17-19.11.28:793][  0]LogCook:Display: Mobile HDR setting 1
[2017.06.17-19.11.29:431][  0]LogFileCache: Scanning file cache for directory 'D:/Projects/UE/MurmelGame Alpha/Content/' took 0.01s
[2017.06.17-19.11.29:431][  0]SourceControl: Info Source control is disabled
[2017.06.17-19.11.29:431][  0]Cmd: MAP LOAD FILE="../../../Engine/Content/Maps/Templates/Template_Default.umap" TEMPLATE=1 SHOWPROGRESS=1 FEATURELEVEL=3
[2017.06.17-19.11.29:431][  0]LightingResults: New page: Lighting Build
[2017.06.17-19.11.29:456][  0]MapCheck: New page: Map Check
[2017.06.17-19.11.29:456][  0]LightingResults: New page: Lighting Build
[2017.06.17-19.11.29:623][  0]LogAIModule: Creating AISystem for world Untitled_1
[2017.06.17-19.11.29:639][  0]LogActorComponent: RegisterComponentWithWorld: (/Temp/Untitled_1.Untitled_1:PersistentLevel.WorldSettings_1.StaticMeshComponent0) Trying to register component with IsPendingKill() == true. Aborting.
[2017.06.17-19.11.29:643][  0]LogEditorServer: Finished looking for orphan Actors (0.000 secs)
[2017.06.17-19.11.29:646][  0]Cmd: MAP CHECKDEP NOCLEARLOG
[2017.06.17-19.11.29:671][  0]MapCheck: Info Map check complete: 0 Error(s), 0 Warning(s), took 25.124ms to complete.
[2017.06.17-19.11.29:671][  0]LogFileHelpers: Loading map 'Template_Default' took 0.241
[2017.06.17-19.11.29:748][  0]LogWindowsTextInputMethodSystem:Display: IME system now deactivated.
[2017.06.17-19.11.29:854][  0]LogCollectionManager: Loaded 1 collections in 0.002004 seconds
[2017.06.17-19.11.29:923][  0]LogFileCache: Scanning file cache for directory 'D:/Projects/UE/MurmelGame Alpha/Saved/Collections/' took 0.01s
[2017.06.17-19.11.29:923][  0]LogFileCache: Scanning file cache for directory 'D:/Projects/UE/MurmelGame Alpha/Content/Developers/soba/Collections/' took 0.01s
[2017.06.17-19.11.29:923][  0]LogFileCache: Scanning file cache for directory 'D:/Projects/UE/MurmelGame Alpha/Content/Collections/' took 0.01s
[2017.06.17-19.11.29:923][  0]LogCollectionManager: Rebuilt the GUID cache for 1 collections in 0.000004 seconds
[2017.06.17-19.11.29:923][  0]LogCollectionManager: Rebuilt the hierarchy cache for 1 collections in 0.000000 seconds
[2017.06.17-19.11.29:931][  0]LogContentBrowser: Native class hierarchy populated in 0.0073 seconds. Added 2246 classes and 456 folders.
[2017.06.17-19.11.29:933][  0]LogStats: UGameplayTagsManager::ConstructGameplayTagTree: Construct from data asset -  0.000 s
[2017.06.17-19.11.29:933][  0]LogStats: UGameplayTagsManager::ConstructGameplayTagTree: GameplayTagTreeChangedEvent.Broadcast -  0.000 s
[2017.06.17-19.11.29:972][  0]LogContentBrowser: Native class hierarchy updated for 'WidgetCarousel' in 0.0005 seconds. Added 0 classes and 0 folders.
[2017.06.17-19.11.30:000][  0]LogContentBrowser: Native class hierarchy updated for 'AddContentDialog' in 0.0004 seconds. Added 0 classes and 0 folders.
[2017.06.17-19.11.30:028][  0]LogContentBrowser: Native class hierarchy updated for 'SceneOutliner' in 0.0004 seconds. Added 1 classes and 2 folders.
[2017.06.17-19.11.30:106][  0]LogCrashTracker: Crashtracker disabled due to settings.
[2017.06.17-19.11.30:111][  0]LogUObjectGlobals:Warning: Failed to find object 'Class None.'
[2017.06.17-19.11.30:159][  0]LogContentBrowser: Native class hierarchy updated for 'HierarchicalLODOutliner' in 0.0004 seconds. Added 1 classes and 2 folders.
[2017.06.17-19.11.30:159][  0]LogLoad: (Engine Initialization) Total time: 10.89 seconds
[2017.06.17-19.11.30:159][  0]LogLoad: (Engine Initialization) Total Blueprint compile time: 0.06 seconds
[2017.06.17-19.11.30:159][  0]LogExternalProfiler: No external profilers were discovered.  External profiling features will not be available.
[2017.06.17-19.11.30:170][  0]LogOcInput: OculusInput pre-init called
[2017.06.17-19.11.30:182][  0]LogContentStreaming: Texture pool size now 1000 MB
[2017.06.17-19.11.30:182][  0]LogSlate: Took 0.000160 seconds to synchronously load lazily loaded font '../../../Engine/Content/Slate/Fonts/Roboto-Regular.ttf' (155K)
[2017.06.17-19.11.30:185][  0]LogSlate: Took 0.000169 seconds to synchronously load lazily loaded font '../../../Engine/Content/Slate/Fonts/Roboto-Bold.ttf' (160K)
[2017.06.17-19.11.30:190][  0]LogSlate: Took 0.000157 seconds to synchronously load lazily loaded font '../../../Engine/Content/Editor/Slate/Fonts/FontAwesome.ttf' (139K)
[2017.06.17-19.11.30:339][  0]LogRenderer: Reallocating scene render targets to support 1228x660 NumSamples 1 (Frame:2).
[2017.06.17-19.11.34:300][465]LogSlate: Took 0.000141 seconds to synchronously load lazily loaded font '../../../Engine/Content/Slate/Fonts/Roboto-Light.ttf' (159K)
[2017.06.17-19.11.38:950][  2]LogCollectionManager: Rebuilt the object cache for 1 collections in 0.000012 seconds (found 0 objects)
[2017.06.17-19.11.41:448][295]LogSlate: Took 0.000190 seconds to synchronously load lazily loaded font '../../../Engine/Content/Slate/Fonts/Roboto-Light.ttf' (159K)
[2017.06.17-19.11.41:504][295]LogLinker:Warning: Can't find file '/Game/meshes/vorsprung'
[2017.06.17-19.11.41:504][295]LogLinker:Warning: Can't find file for asset '/Game/meshes/vorsprung' while loading ../../../../../../Projects/UE/MurmelGame Alpha/Content/maps/vulcano.umap.
[2017.06.17-19.11.41:504][295]LoadErrors:Error: Error /Game/maps/vulcano : Can't find file for asset. /Game/meshes/vorsprung
[2017.06.17-19.11.41:504][295]LogLinker:Warning: Can't find file '/Game/meshes/vorsprung'
[2017.06.17-19.11.41:504][295]LogLinker:Warning: Can't find file for asset '/Game/meshes/vorsprung' while loading ../../../../../../Projects/UE/MurmelGame Alpha/Content/maps/vulcano.umap.
[2017.06.17-19.11.41:504][295]LogLinker:Warning: Can't find file '/Game/meshes/vorsprung'
[2017.06.17-19.11.41:505][295]LogLinker:Warning: Can't find file for asset '/Game/meshes/vorsprung' while loading NULL.
[2017.06.17-19.11.41:505][295]LogLinker:Warning: Can't find file '/Game/meshes/vorsprung'
[2017.06.17-19.11.41:505][295]LogLinker:Warning: Can't find file for asset '/Game/meshes/vorsprung' while loading NULL.
[2017.06.17-19.11.41:514][295]LogLinker:Warning: Can't find file '/Game/meshes/vorsprung'
[2017.06.17-19.11.41:514][295]LoadErrors: Info Failed to load /Game/meshes/vorsprung.vorsprung Referenced by LandscapeSplineSegment_6
[2017.06.17-19.11.41:514][295]LogLinker:Warning: Can't find file for asset '/Game/meshes/vorsprung' while loading NULL.
[2017.06.17-19.11.41:514][295]LogLinker:Warning: Can't find file '/Game/meshes/vorsprung'
[2017.06.17-19.11.41:514][295]LoadErrors: Info Failed to load /Game/meshes/vorsprung.vorsprung Referenced by LandscapeSplineSegment_7
[2017.06.17-19.11.41:514][295]LogLinker:Warning: Can't find file for asset '/Game/meshes/vorsprung' while loading NULL.
[2017.06.17-19.11.41:514][295]LogLinker:Warning: Can't find file '/Game/meshes/vorsprung'
[2017.06.17-19.11.41:514][295]LoadErrors: Info Failed to load /Game/meshes/vorsprung.vorsprung Referenced by LandscapeSplineSegment_8
[2017.06.17-19.11.41:515][295]LogLinker:Warning: Can't find file for asset '/Game/meshes/vorsprung' while loading NULL.
[2017.06.17-19.11.41:515][295]LogLinker:Warning: Can't find file '/Game/meshes/vorsprung'
[2017.06.17-19.11.41:515][295]LoadErrors: Info Failed to load /Game/meshes/vorsprung.vorsprung Referenced by Landscape_0
[2017.06.17-19.11.41:515][295]LogLinker:Warning: Can't find file for asset '/Game/meshes/vorsprung' while loading NULL.
[2017.06.17-19.11.41:515][295]LogLinker:Warning: Can't find file '/Game/meshes/vorsprung'
[2017.06.17-19.11.41:515][295]LogLinker:Warning: Can't find file for asset '/Game/meshes/vorsprung' while loading NULL.
[2017.06.17-19.11.41:515][295]LogLinker:Warning: Can't find file '/Game/meshes/vorsprung'
[2017.06.17-19.11.41:515][295]LogLinker:Warning: Can't find file for asset '/Game/meshes/vorsprung' while loading NULL.
[2017.06.17-19.11.41:516][295]LogLinker:Warning: Can't find file '/Game/meshes/vorsprung'
[2017.06.17-19.11.41:516][295]LogLinker:Warning: Can't find file for asset '/Game/meshes/vorsprung' while loading NULL.
[2017.06.17-19.11.41:516][295]LogLinker:Warning: Can't find file '/Game/meshes/vorsprung'
[2017.06.17-19.11.41:516][295]LogLinker:Warning: Can't find file for asset '/Game/meshes/vorsprung' while loading NULL.
[2017.06.17-19.11.41:516][295]LogLinker:Warning: Can't find file '/Game/meshes/vorsprung'
[2017.06.17-19.11.41:516][295]LogLinker:Warning: Can't find file for asset '/Game/meshes/vorsprung' while loading NULL.
[2017.06.17-19.11.41:516][295]LogLinker:Warning: Can't find file '/Game/meshes/vorsprung'
[2017.06.17-19.11.41:516][295]LogLinker:Warning: Can't find file for asset '/Game/meshes/vorsprung' while loading NULL.
[2017.06.17-19.11.41:517][295]LogLinker:Warning: Can't find file '/Game/meshes/vorsprung'
[2017.06.17-19.11.41:517][295]LogLinker:Warning: Can't find file for asset '/Game/meshes/vorsprung' while loading NULL.
[2017.06.17-19.11.41:517][295]LogLinker:Warning: Can't find file '/Game/meshes/vorsprung'
[2017.06.17-19.11.41:517][295]LogLinker:Warning: Can't find file for asset '/Game/meshes/vorsprung' while loading NULL.
[2017.06.17-19.11.41:533][295]LogTexture:Display: Building textures: tileable_rock_klein_DSCN1973_NormalMap (BGRA8, 667X500) - 81 MB total VRAM
[2017.06.17-19.11.41:562][295]LogPhysics:Warning: PHYSX: (D:\Build\++UE4+Release-4.15+PhysX_Compile\Sync\Engine\Source\ThirdParty\PhysX\PhysX_3.4\Source\PhysXCooking\src\convex\QuickHullConvexHullLib.cpp 842) eINTERNAL_ERROR : QuickHullConvexHullLib::findSimplex: Simplex input points appers to be almost at the same place
[2017.06.17-19.11.41:562][295]LogPhysics:Warning: PHYSX: (D:\Build\++UE4+Release-4.15+PhysX_Compile\Sync\Engine\Source\ThirdParty\PhysX\PhysX_3.4\Source\PhysXCooking\src\convex\QuickHullConvexHullLib.cpp 842) eINTERNAL_ERROR : QuickHullConvexHullLib::findSimplex: Simplex input points appers to be almost at the same place
[2017.06.17-19.11.41:562][295]LogPhysics:Warning: Failed to cook convex: /Game/maps/vulcano.vulcano:PersistentLevel.Landscape_0.SplineMeshComponent_101 0 (FlipX:0). The remaining elements will not get cooked.
[2017.06.17-19.11.41:562][295]LogPhysics:Warning: PHYSX: (D:\Build\++UE4+Release-4.15+PhysX_Compile\Sync\Engine\Source\ThirdParty\PhysX\PhysX_3.4\Source\PhysXCooking\src\convex\QuickHullConvexHullLib.cpp 842) eINTERNAL_ERROR : QuickHullConvexHullLib::findSimplex: Simplex input points appers to be almost at the same place
[2017.06.17-19.11.41:562][295]LogPhysics:Warning: PHYSX: (D:\Build\++UE4+Release-4.15+PhysX_Compile\Sync\Engine\Source\ThirdParty\PhysX\PhysX_3.4\Source\PhysXCooking\src\convex\QuickHullConvexHullLib.cpp 842) eINTERNAL_ERROR : QuickHullConvexHullLib::findSimplex: Simplex input points appers to be almost at the same place
[2017.06.17-19.11.41:562][295]LogPhysics:Warning: Failed to cook convex: /Game/maps/vulcano.vulcano:PersistentLevel.Landscape_0.SplineMeshComponent_101 0 (FlipX:1). The remaining elements will not get cooked.
[2017.06.17-19.11.41:563][295]LogPhysics:Warning: PHYSX: (D:\Build\++UE4+Release-4.15+PhysX_Compile\Sync\Engine\Source\ThirdParty\PhysX\PhysX_3.4\Source\PhysXCooking\src\convex\QuickHullConvexHullLib.cpp 842) eINTERNAL_ERROR : QuickHullConvexHullLib::findSimplex: Simplex input points appers to be almost at the same place
[2017.06.17-19.11.41:563][295]LogPhysics:Warning: PHYSX: (D:\Build\++UE4+Release-4.15+PhysX_Compile\Sync\Engine\Source\ThirdParty\PhysX\PhysX_3.4\Source\PhysXCooking\src\convex\QuickHullConvexHullLib.cpp 842) eINTERNAL_ERROR : QuickHullConvexHullLib::findSimplex: Simplex input points appers to be almost at the same place
[2017.06.17-19.11.41:563][295]LogPhysics:Warning: Failed to cook convex: /Game/maps/vulcano.vulcano:PersistentLevel.Landscape_0.SplineMeshComponent_102 0 (FlipX:0). The remaining elements will not get cooked.
[2017.06.17-19.11.41:563][295]LogPhysics:Warning: PHYSX: (D:\Build\++UE4+Release-4.15+PhysX_Compile\Sync\Engine\Source\ThirdParty\PhysX\PhysX_3.4\Source\PhysXCooking\src\convex\QuickHullConvexHullLib.cpp 842) eINTERNAL_ERROR : QuickHullConvexHullLib::findSimplex: Simplex input points appers to be almost at the same place
[2017.06.17-19.11.41:563][295]LogPhysics:Warning: PHYSX: (D:\Build\++UE4+Release-4.15+PhysX_Compile\Sync\Engine\Source\ThirdParty\PhysX\PhysX_3.4\Source\PhysXCooking\src\convex\QuickHullConvexHullLib.cpp 842) eINTERNAL_ERROR : QuickHullConvexHullLib::findSimplex: Simplex input points appers to be almost at the same place
[2017.06.17-19.11.41:563][295]LogPhysics:Warning: Failed to cook convex: /Game/maps/vulcano.vulcano:PersistentLevel.Landscape_0.SplineMeshComponent_102 0 (FlipX:1). The remaining elements will not get cooked.
[2017.06.17-19.11.41:564][295]LogPhysics:Warning: PHYSX: (D:\Build\++UE4+Release-4.15+PhysX_Compile\Sync\Engine\Source\ThirdParty\PhysX\PhysX_3.4\Source\PhysXCooking\src\convex\QuickHullConvexHullLib.cpp 842) eINTERNAL_ERROR : QuickHullConvexHullLib::findSimplex: Simplex input points appers to be almost at the same place
[2017.06.17-19.11.41:564][295]LogPhysics:Warning: PHYSX: (D:\Build\++UE4+Release-4.15+PhysX_Compile\Sync\Engine\Source\ThirdParty\PhysX\PhysX_3.4\Source\PhysXCooking\src\convex\QuickHullConvexHullLib.cpp 842) eINTERNAL_ERROR : QuickHullConvexHullLib::findSimplex: Simplex input points appers to be almost at the same place
[2017.06.17-19.11.41:564][295]LogPhysics:Warning: Failed to cook convex: /Game/maps/vulcano.vulcano:PersistentLevel.Landscape_0.SplineMeshComponent_103 0 (FlipX:0). The remaining elements will not get cooked.
[2017.06.17-19.11.41:564][295]LogPhysics:Warning: PHYSX: (D:\Build\++UE4+Release-4.15+PhysX_Compile\Sync\Engine\Source\ThirdParty\PhysX\PhysX_3.4\Source\PhysXCooking\src\convex\QuickHullConvexHullLib.cpp 842) eINTERNAL_ERROR : QuickHullConvexHullLib::findSimplex: Simplex input points appers to be almost at the same place
[2017.06.17-19.11.41:564][295]LogPhysics:Warning: PHYSX: (D:\Build\++UE4+Release-4.15+PhysX_Compile\Sync\Engine\Source\ThirdParty\PhysX\PhysX_3.4\Source\PhysXCooking\src\convex\QuickHullConvexHullLib.cpp 842) eINTERNAL_ERROR : QuickHullConvexHullLib::findSimplex: Simplex input points appers to be almost at the same place
[2017.06.17-19.11.41:564][295]LogPhysics:Warning: Failed to cook convex: /Game/maps/vulcano.vulcano:PersistentLevel.Landscape_0.SplineMeshComponent_103 0 (FlipX:1). The remaining elements will not get cooked.
[2017.06.17-19.11.41:565][295]LogPhysics:Warning: PHYSX: (D:\Build\++UE4+Release-4.15+PhysX_Compile\Sync\Engine\Source\ThirdParty\PhysX\PhysX_3.4\Source\PhysXCooking\src\convex\QuickHullConvexHullLib.cpp 842) eINTERNAL_ERROR : QuickHullConvexHullLib::findSimplex: Simplex input points appers to be almost at the same place
[2017.06.17-19.11.41:565][295]LogPhysics:Warning: PHYSX: (D:\Build\++UE4+Release-4.15+PhysX_Compile\Sync\Engine\Source\ThirdParty\PhysX\PhysX_3.4\Source\PhysXCooking\src\convex\QuickHullConvexHullLib.cpp 842) eINTERNAL_ERROR : QuickHullConvexHullLib::findSimplex: Simplex input points appers to be almost at the same place
[2017.06.17-19.11.41:565][295]LogPhysics:Warning: Failed to cook convex: /Game/maps/vulcano.vulcano:PersistentLevel.Landscape_0.SplineMeshComponent_104 0 (FlipX:0). The remaining elements will not get cooked.
[2017.06.17-19.11.41:565][295]LogPhysics:Warning: PHYSX: (D:\Build\++UE4+Release-4.15+PhysX_Compile\Sync\Engine\Source\ThirdParty\PhysX\PhysX_3.4\Source\PhysXCooking\src\convex\QuickHullConvexHullLib.cpp 842) eINTERNAL_ERROR : QuickHullConvexHullLib::findSimplex: Simplex input points appers to be almost at the same place
[2017.06.17-19.11.41:565][295]LogPhysics:Warning: PHYSX: (D:\Build\++UE4+Release-4.15+PhysX_Compile\Sync\Engine\Source\ThirdParty\PhysX\PhysX_3.4\Source\PhysXCooking\src\convex\QuickHullConvexHullLib.cpp 842) eINTERNAL_ERROR : QuickHullConvexHullLib::findSimplex: Simplex input points appers to be almost at the same place
[2017.06.17-19.11.41:565][295]LogPhysics:Warning: Failed to cook convex: /Game/maps/vulcano.vulcano:PersistentLevel.Landscape_0.SplineMeshComponent_104 0 (FlipX:1). The remaining elements will not get cooked.
[2017.06.17-19.11.41:565][295]LogPhysics:Warning: PHYSX: (D:\Build\++UE4+Release-4.15+PhysX_Compile\Sync\Engine\Source\ThirdParty\PhysX\PhysX_3.4\Source\PhysXCooking\src\convex\QuickHullConvexHullLib.cpp 842) eINTERNAL_ERROR : QuickHullConvexHullLib::findSimplex: Simplex input points appers to be almost at the same place
[2017.06.17-19.11.41:565][295]LogPhysics:Warning: PHYSX: (D:\Build\++UE4+Release-4.15+PhysX_Compile\Sync\Engine\Source\ThirdParty\PhysX\PhysX_3.4\Source\PhysXCooking\src\convex\QuickHullConvexHullLib.cpp 842) eINTERNAL_ERROR : QuickHullConvexHullLib::findSimplex: Simplex input points appers to be almost at the same place
[2017.06.17-19.11.41:565][295]LogPhysics:Warning: Failed to cook convex: /Game/maps/vulcano.vulcano:PersistentLevel.Landscape_0.SplineMeshComponent_105 0 (FlipX:0). The remaining elements will not get cooked.
[2017.06.17-19.11.41:565][295]LogPhysics:Warning: PHYSX: (D:\Build\++UE4+Release-4.15+PhysX_Compile\Sync\Engine\Source\ThirdParty\PhysX\PhysX_3.4\Source\PhysXCooking\src\convex\QuickHullConvexHullLib.cpp 842) eINTERNAL_ERROR : QuickHullConvexHullLib::findSimplex: Simplex input points appers to be almost at the same place
[2017.06.17-19.11.41:565][295]LogPhysics:Warning: PHYSX: (D:\Build\++UE4+Release-4.15+PhysX_Compile\Sync\Engine\Source\ThirdParty\PhysX\PhysX_3.4\Source\PhysXCooking\src\convex\QuickHullConvexHullLib.cpp 842) eINTERNAL_ERROR : QuickHullConvexHullLib::findSimplex: Simplex input points appers to be almost at the same place
[2017.06.17-19.11.41:565][295]LogPhysics:Warning: Failed to cook convex: /Game/maps/vulcano.vulcano:PersistentLevel.Landscape_0.SplineMeshComponent_105 0 (FlipX:1). The remaining elements will not get cooked.
[2017.06.17-19.11.41:566][295]LogPhysics:Warning: PHYSX: (D:\Build\++UE4+Release-4.15+PhysX_Compile\Sync\Engine\Source\ThirdParty\PhysX\PhysX_3.4\Source\PhysXCooking\src\convex\QuickHullConvexHullLib.cpp 842) eINTERNAL_ERROR : QuickHullConvexHullLib::findSimplex: Simplex input points appers to be almost at the same place
[2017.06.17-19.11.41:566][295]LogPhysics:Warning: PHYSX: (D:\Build\++UE4+Release-4.15+PhysX_Compile\Sync\Engine\Source\ThirdParty\PhysX\PhysX_3.4\Source\PhysXCooking\src\convex\QuickHullConvexHullLib.cpp 842) eINTERNAL_ERROR : QuickHullConvexHullLib::findSimplex: Simplex input points appers to be almost at the same place
[2017.06.17-19.11.41:566][295]LogPhysics:Warning: Failed to cook convex: /Game/maps/vulcano.vulcano:PersistentLevel.Landscape_0.SplineMeshComponent_106 0 (FlipX:0). The remaining elements will not get cooked.
[2017.06.17-19.11.41:566][295]LogPhysics:Warning: PHYSX: (D:\Build\++UE4+Release-4.15+PhysX_Compile\Sync\Engine\Source\ThirdParty\PhysX\PhysX_3.4\Source\PhysXCooking\src\convex\QuickHullConvexHullLib.cpp 842) eINTERNAL_ERROR : QuickHullConvexHullLib::findSimplex: Simplex input points appers to be almost at the same place
[2017.06.17-19.11.41:566][295]LogPhysics:Warning: PHYSX: (D:\Build\++UE4+Release-4.15+PhysX_Compile\Sync\Engine\Source\ThirdParty\PhysX\PhysX_3.4\Source\PhysXCooking\src\convex\QuickHullConvexHullLib.cpp 842) eINTERNAL_ERROR : QuickHullConvexHullLib::findSimplex: Simplex input points appers to be almost at the same place
[2017.06.17-19.11.41:566][295]LogPhysics:Warning: Failed to cook convex: /Game/maps/vulcano.vulcano:PersistentLevel.Landscape_0.SplineMeshComponent_106 0 (FlipX:1). The remaining elements will not get cooked.
[2017.06.17-19.11.41:567][295]LogPhysics:Warning: PHYSX: (D:\Build\++UE4+Release-4.15+PhysX_Compile\Sync\Engine\Source\ThirdParty\PhysX\PhysX_3.4\Source\PhysXCooking\src\convex\QuickHullConvexHullLib.cpp 842) eINTERNAL_ERROR : QuickHullConvexHullLib::findSimplex: Simplex input points appers to be almost at the same place
[2017.06.17-19.11.41:567][295]LogPhysics:Warning: PHYSX: (D:\Build\++UE4+Release-4.15+PhysX_Compile\Sync\Engine\Source\ThirdParty\PhysX\PhysX_3.4\Source\PhysXCooking\src\convex\QuickHullConvexHullLib.cpp 842) eINTERNAL_ERROR : QuickHullConvexHullLib::findSimplex: Simplex input points appers to be almost at the same place
[2017.06.17-19.11.41:567][295]LogPhysics:Warning: Failed to cook convex: /Game/maps/vulcano.vulcano:PersistentLevel.Landscape_0.SplineMeshComponent_107 0 (FlipX:0). The remaining elements will not get cooked.
[2017.06.17-19.11.41:567][295]LogPhysics:Warning: PHYSX: (D:\Build\++UE4+Release-4.15+PhysX_Compile\Sync\Engine\Source\ThirdParty\PhysX\PhysX_3.4\Source\PhysXCooking\src\convex\QuickHullConvexHullLib.cpp 842) eINTERNAL_ERROR : QuickHullConvexHullLib::findSimplex: Simplex input points appers to be almost at the same place
[2017.06.17-19.11.41:567][295]LogPhysics:Warning: PHYSX: (D:\Build\++UE4+Release-4.15+PhysX_Compile\Sync\Engine\Source\ThirdParty\PhysX\PhysX_3.4\Source\PhysXCooking\src\convex\QuickHullConvexHullLib.cpp 842) eINTERNAL_ERROR : QuickHullConvexHullLib::findSimplex: Simplex input points appers to be almost at the same place
[2017.06.17-19.11.41:567][295]LogPhysics:Warning: Failed to cook convex: /Game/maps/vulcano.vulcano:PersistentLevel.Landscape_0.SplineMeshComponent_107 0 (FlipX:1). The remaining elements will not get cooked.
[2017.06.17-19.11.41:568][295]LogPhysics:Warning: PHYSX: (D:\Build\++UE4+Release-4.15+PhysX_Compile\Sync\Engine\Source\ThirdParty\PhysX\PhysX_3.4\Source\PhysXCooking\src\convex\QuickHullConvexHullLib.cpp 842) eINTERNAL_ERROR : QuickHullConvexHullLib::findSimplex: Simplex input points appers to be almost at the same place
[2017.06.17-19.11.41:568][295]LogPhysics:Warning: PHYSX: (D:\Build\++UE4+Release-4.15+PhysX_Compile\Sync\Engine\Source\ThirdParty\PhysX\PhysX_3.4\Source\PhysXCooking\src\convex\QuickHullConvexHullLib.cpp 842) eINTERNAL_ERROR : QuickHullConvexHullLib::findSimplex: Simplex input points appers to be almost at the same place
[2017.06.17-19.11.41:568][295]LogPhysics:Warning: Failed to cook convex: /Game/maps/vulcano.vulcano:PersistentLevel.Landscape_0.SplineMeshComponent_94 0 (FlipX:0). The remaining elements will not get cooked.
[2017.06.17-19.11.41:568][295]LogPhysics:Warning: PHYSX: (D:\Build\++UE4+Release-4.15+PhysX_Compile\Sync\Engine\Source\ThirdParty\PhysX\PhysX_3.4\Source\PhysXCooking\src\convex\QuickHullConvexHullLib.cpp 842) eINTERNAL_ERROR : QuickHullConvexHullLib::findSimplex: Simplex input points appers to be almost at the same place
[2017.06.17-19.11.41:568][295]LogPhysics:Warning: PHYSX: (D:\Build\++UE4+Release-4.15+PhysX_Compile\Sync\Engine\Source\ThirdParty\PhysX\PhysX_3.4\Source\PhysXCooking\src\convex\QuickHullConvexHullLib.cpp 842) eINTERNAL_ERROR : QuickHullConvexHullLib::findSimplex: Simplex input points appers to be almost at the same place
[2017.06.17-19.11.41:568][295]LogPhysics:Warning: Failed to cook convex: /Game/maps/vulcano.vulcano:PersistentLevel.Landscape_0.SplineMeshComponent_94 0 (FlipX:1). The remaining elements will not get cooked.
[2017.06.17-19.11.41:568][295]LogPhysics:Warning: PHYSX: (D:\Build\++UE4+Release-4.15+PhysX_Compile\Sync\Engine\Source\ThirdParty\PhysX\PhysX_3.4\Source\PhysXCooking\src\convex\QuickHullConvexHullLib.cpp 842) eINTERNAL_ERROR : QuickHullConvexHullLib::findSimplex: Simplex input points appers to be almost at the same place
[2017.06.17-19.11.41:568][295]LogPhysics:Warning: PHYSX: (D:\Build\++UE4+Release-4.15+PhysX_Compile\Sync\Engine\Source\ThirdParty\PhysX\PhysX_3.4\Source\PhysXCooking\src\convex\QuickHullConvexHullLib.cpp 842) eINTERNAL_ERROR : QuickHullConvexHullLib::findSimplex: Simplex input points appers to be almost at the same place
[2017.06.17-19.11.41:568][295]LogPhysics:Warning: Failed to cook convex: /Game/maps/vulcano.vulcano:PersistentLevel.Landscape_0.SplineMeshComponent_98 0 (FlipX:0). The remaining elements will not get cooked.
[2017.06.17-19.11.41:568][295]LogPhysics:Warning: PHYSX: (D:\Build\++UE4+Release-4.15+PhysX_Compile\Sync\Engine\Source\ThirdParty\PhysX\PhysX_3.4\Source\PhysXCooking\src\convex\QuickHullConvexHullLib.cpp 842) eINTERNAL_ERROR : QuickHullConvexHullLib::findSimplex: Simplex input points appers to be almost at the same place
[2017.06.17-19.11.41:568][295]LogPhysics:Warning: PHYSX: (D:\Build\++UE4+Release-4.15+PhysX_Compile\Sync\Engine\Source\ThirdParty\PhysX\PhysX_3.4\Source\PhysXCooking\src\convex\QuickHullConvexHullLib.cpp 842) eINTERNAL_ERROR : QuickHullConvexHullLib::findSimplex: Simplex input points appers to be almost at the same place
[2017.06.17-19.11.41:568][295]LogPhysics:Warning: Failed to cook convex: /Game/maps/vulcano.vulcano:PersistentLevel.Landscape_0.SplineMeshComponent_98 0 (FlipX:1). The remaining elements will not get cooked.
[2017.06.17-19.11.41:577][295]LogTexture:Display: Building textures: tileable_rock_klein_DSCN1973 (BGRA8, 667X500) - 82 MB total VRAM
[2017.06.17-19.11.41:605][295]LogMaterial: Missing cached shader map for material vorsprung_mat_1, compiling. 
[2017.06.17-19.11.41:606][295]LogTemp:Display: Added material ShaderMap 0x000002658DCBDD00 with Material 0x000002658DCB2680 to ShaderMapsBeingCompiled
[2017.06.17-19.11.41:651][295]LogTemp:Display: Kicking off shader compilation for vorsprung_mat_1, GameThreadShaderMap 0x000002658DCBDD00
[2017.06.17-19.11.41:654][295]LogMaterial: Missing cached shader map for material vorsprung_mat_1, compiling. 
[2017.06.17-19.11.41:655][295]LogTemp:Display: Added material ShaderMap 0x00000265907EFC80 with Material 0x00000265AF649900 to ShaderMapsBeingCompiled
[2017.06.17-19.11.41:694][295]LogTemp:Display: Kicking off shader compilation for vorsprung_mat_1, GameThreadShaderMap 0x00000265907EFC80
[2017.06.17-19.11.41:695][295]LogTexture:Display: Building textures: Texture2D_0 (BGRA8, 128X128) - 83 MB total VRAM
[2017.06.17-19.11.41:703][295]LogMaterial: Missing cached shader map for material Material_001, compiling. 
[2017.06.17-19.11.41:704][295]LogTemp:Display: Added material ShaderMap 0x000002658FFDE400 with Material 0x0000026596D53280 to ShaderMapsBeingCompiled
[2017.06.17-19.11.41:726][295]LogTemp:Display: Kicking off shader compilation for Material_001, GameThreadShaderMap 0x000002658FFDE400
[2017.06.17-19.11.41:745][295]LogTexture:Display: Building textures: HQ_Lightmap0_1 (AutoDXT, 128X128) - 83 MB total VRAM
[2017.06.17-19.11.41:769][295]LogTexture:Display: Building textures: HQ_Lightmap0_2 (AutoDXT, 256X256) - 83 MB total VRAM
[2017.06.17-19.11.41:773][295]LogTexture:Display: Building textures: HQ_Lightmap1_3 (AutoDXT, 128X128) - 83 MB total VRAM
[2017.06.17-19.11.41:775][295]LogTexture:Display: Building textures: HQ_Lightmap1_4 (AutoDXT, 256X256) - 83 MB total VRAM
[2017.06.17-19.11.41:778][295]LogTexture:Display: Building textures: LQ_Lightmap_0_1 (DXT1, 128X128) - 83 MB total VRAM
[2017.06.17-19.11.41:780][295]LogTexture:Display: Building textures: LQ_Lightmap_0_2 (DXT1, 256X256) - 83 MB total VRAM
[2017.06.17-19.11.41:782][295]LogTexture:Display: Building textures: LQ_Lightmap_1_3 (DXT1, 128X128) - 83 MB total VRAM
[2017.06.17-19.11.41:783][295]LogTexture:Display: Building textures: LQ_Lightmap_1_4 (DXT1, 256X256) - 83 MB total VRAM
[2017.06.17-19.11.41:786][295]LogAIModule: Creating AISystem for world vulcano
[2017.06.17-19.11.41:815][295]Cmd: MAP LOAD FILE="../../../../../../Projects/UE/MurmelGame Alpha/Content/maps/vulcano.umap" TEMPLATE=0 SHOWPROGRESS=1 FEATURELEVEL=3
[2017.06.17-19.11.41:815][295]LightingResults: New page: Lighting Build
[2017.06.17-19.11.41:817][295]LoadErrors: New page: Loading map: vulcano.umap
[2017.06.17-19.11.41:817][295]MapCheck: New page: Map Check
[2017.06.17-19.11.41:817][295]LightingResults: New page: Lighting Build
[2017.06.17-19.11.41:927][295]LogEditorServer: Finished looking for orphan Actors (0.000 secs)
[2017.06.17-19.11.41:974][295]Cmd: MAP CHECKDEP NOCLEARLOG
[2017.06.17-19.11.42:007][295]MapCheck: Info Map check complete: 0 Error(s), 0 Warning(s), took 33.77ms to complete.
[2017.06.17-19.11.42:008][295]LogFileHelpers: Loading map 'vulcano' took 0.194
[2017.06.17-19.11.43:078][399]LogAssetRegistry: Asset discovery search completed in 18.5405 seconds
[2017.06.17-19.11.43:078][399]LogCollectionManager: Fixed up redirectors for 1 collections in 0.000002 seconds (updated 0 objects)
[2017.06.17-19.11.43:957][483]LogTemp: Repeting last play command: New Editor Window (PIE)
[2017.06.17-19.11.43:982][483]LogBlueprintUserMessages: Early PlayInEditor Detection: Level '/Game/maps/vulcano.vulcano:PersistentLevel' has LevelScriptBlueprint '/Game/maps/vulcano.vulcano:PersistentLevel.vulcano' with GeneratedClass '/Game/maps/vulcano.vulcano_C' with ClassGeneratedBy '/Game/maps/vulcano.vulcano:PersistentLevel.vulcano'
[2017.06.17-19.11.43:982][483]LogPlayLevel: PlayLevel: No blueprints needed recompiling
[2017.06.17-19.11.43:982][483]PIE: New page: PIE session: vulcano (Jun 17, 2017, 11:11:43 PM)
[2017.06.17-19.11.43:982][483]LogPlayLevel: Creating play world package: /Game/maps/UEDPIE_0_vulcano
[2017.06.17-19.11.43:989][483]LogPlayLevel: PIE: StaticDuplicateObject took: (0.006500s)
[2017.06.17-19.11.43:990][483]LogAIModule: Creating AISystem for world vulcano
[2017.06.17-19.11.43:990][483]LogPlayLevel: PIE: World Init took: (0.000844s)
[2017.06.17-19.11.43:990][483]LogPlayLevel: PIE: Created PIE world by copying editor world from /Game/maps/vulcano.vulcano to /Game/maps/UEDPIE_0_vulcano.vulcano (0.007655s)
[2017.06.17-19.11.44:009][483]LogInit: XAudio2 using 'Speakers (Realtek High Definition Audio)' : 2 channels at 48 kHz using 32 bits per sample (channel mask 0x3)
[2017.06.17-19.11.44:024][483]LogInit: FAudioDevice initialized.
[2017.06.17-19.11.44:128][483]LogLoad: Game class is 'game_mode_C'
[2017.06.17-19.11.44:130][483]LogWorld: Bringing World /Game/maps/UEDPIE_0_vulcano.vulcano up for play (max tick rate 0) at 2017.06.17-21.11.44
[2017.06.17-19.11.44:131][483]LogWorld: Bringing up level for play took: 0.001471
[2017.06.17-19.11.44:169][483]LogContentBrowser: Native class hierarchy updated for 'MovieSceneCapture' in 0.0009 seconds. Added 11 classes and 0 folders.
[2017.06.17-19.11.44:169][483]LogGameMode:Display: Match State Changed from EnteringMap to WaitingToStart
[2017.06.17-19.11.44:169][483]LogGameState: Match State Changed from EnteringMap to WaitingToStart
[2017.06.17-19.11.44:169][483]LogGameMode:Display: Match State Changed from WaitingToStart to InProgress
[2017.06.17-19.11.44:170][483]LogGameState: Match State Changed from WaitingToStart to InProgress
[2017.06.17-19.11.44:175][483]PIE: Info Play in editor start time for /Game/maps/UEDPIE_0_vulcano 0.97
[2017.06.17-19.11.44:175][483]LogBlueprintUserMessages: Late PlayInEditor Detection: Level '/Game/maps/vulcano.vulcano:PersistentLevel' has LevelScriptBlueprint '/Game/maps/vulcano.vulcano:PersistentLevel.vulcano' with GeneratedClass '/Game/maps/vulcano.vulcano_C' with ClassGeneratedBy '/Game/maps/vulcano.vulcano:PersistentLevel.vulcano'
[2017.06.17-19.11.44:254][483]LogRenderer: Reallocating scene render targets to support 1292x756 NumSamples 1 (Frame:1441).
[2017.06.17-19.11.46:194][658]LogTemp:Display: Finished compile of shader map 0x000002658DCBDD00
[2017.06.17-19.11.46:194][658]LogTemp:Display: Shader map vorsprung_mat_1 complete, GameThreadShaderMap 0x000002658DCBDD00, marking material vorsprung_mat_1 as finished
[2017.06.17-19.11.46:194][658]LogTemp:Display: Marking material as finished 0x000002658DCB2680
[2017.06.17-19.11.49:089][941]LogTemp:Display: Finished compile of shader map 0x00000265907EFC80
[2017.06.17-19.11.49:089][941]LogTemp:Display: Shader map vorsprung_mat_1 complete, GameThreadShaderMap 0x00000265907EFC80, marking material vorsprung_mat_1 as finished
[2017.06.17-19.11.49:090][941]LogTemp:Display: Marking material as finished 0x00000265AF649900
[2017.06.17-19.11.49:765][ 15]LogTemp:Display: Finished compile of shader map 0x000002658FFDE400
[2017.06.17-19.11.49:765][ 15]LogTemp:Display: Shader map Material_001 complete, GameThreadShaderMap 0x000002658FFDE400, marking material Material_001 as finished
[2017.06.17-19.11.49:765][ 15]LogTemp:Display: Marking material as finished 0x0000026596D53280
[2017.06.17-19.12.26:465][367]LogBlueprintUserMessages: Early EndPlayMap Detection: Level '/Game/maps/vulcano.vulcano:PersistentLevel' has LevelScriptBlueprint '/Game/maps/vulcano.vulcano:PersistentLevel.vulcano' with GeneratedClass '/Game/maps/vulcano.vulcano_C' with ClassGeneratedBy '/Game/maps/vulcano.vulcano:PersistentLevel.vulcano'
[2017.06.17-19.12.26:514][367]LogBlueprintUserMessages: Late EndPlayMap Detection: Level '/Game/maps/vulcano.vulcano:PersistentLevel' has LevelScriptBlueprint '/Game/maps/vulcano.vulcano:PersistentLevel.vulcano' with GeneratedClass '/Game/maps/vulcano.vulcano_C' with ClassGeneratedBy '/Game/maps/vulcano.vulcano:PersistentLevel.vulcano'
