Log file open, 06/18/17 02:45:43
LogInit:Display: Running engine for game: murmel2
LogPlatformFile: Not using cached read wrapper
LogInit:Display: RandInit(-1041733806) SRandInit(-1041733806).
LogTaskGraph: Started task graph with 5 named threads and 8 total threads with 1 sets of task threads.
LogStats: Stats thread started at 0.074967
LogInit: Using libcurl 7.47.1
LogInit:  - built for x86_64-pc-win32
LogInit:  - supports SSL with OpenSSL/1.0.2g
LogInit:  - supports HTTP deflate (compression) using libz 1.2.8
LogInit:  - other features:
LogInit:      CURL_VERSION_SSL
LogInit:      CURL_VERSION_LIBZ
LogInit:      CURL_VERSION_IPV6
LogInit:      CURL_VERSION_ASYNCHDNS
LogInit:      CURL_VERSION_LARGEFILE
LogInit:      CURL_VERSION_IDN
LogInit:  CurlRequestOptions (configurable via config and command line):
LogInit:  - bVerifyPeer = false  - Libcurl will NOT verify peer certificate
LogInit:  - bUseHttpProxy = false  - Libcurl will NOT use HTTP proxy
LogInit:  - bDontReuseConnections = false  - Libcurl will reuse connections
LogInit:  - CertBundlePath = nullptr  - Libcurl will use whatever was configured at build time.
LogInit: Build: ++UE4+Release-4.15-CL-3348071
LogInit: Engine Version: 4.15.1-3348071+++UE4+Release-4.15
LogInit: Compatible Engine Version: 4.15.0-3299760+++UE4+Release-4.15
LogInit: Net CL: 3299760
LogDevObjectVersion: Number of dev versions registered: 14
LogDevObjectVersion:   Dev-Blueprints (B0D832E4-1F89-4F0D-ACCF-7EB736FD4AA2): 8
LogDevObjectVersion:   Dev-Build (E1C64328-A22C-4D53-A36C-8E866417BD8C): 0
LogDevObjectVersion:   Dev-Core (375EC13C-06E4-48FB-B500-84F0262A717E): 2
LogDevObjectVersion:   Dev-Editor (E4B068ED-F494-42E9-A231-DA0B2E46BB41): 14
LogDevObjectVersion:   Dev-Framework (CFFC743F-43B0-4480-9391-14DF171D2073): 22
LogDevObjectVersion:   Dev-Mobile (B02B49B5-BB20-44E9-A304-32B752E40360): 0
LogDevObjectVersion:   Dev-Networking (A4E4105C-59A1-49B5-A7C5-40C4547EDFEE): 0
LogDevObjectVersion:   Dev-Online (39C831C9-5AE6-47DC-9A44-9C173E1C8E7C): 0
LogDevObjectVersion:   Dev-Physics (78F01B33-EBEA-4F98-B9B4-84EACCB95AA2): 0
LogDevObjectVersion:   Dev-Platform (6631380F-2D4D-43E0-8009-CF276956A95A): 0
LogDevObjectVersion:   Dev-Rendering (12F88B9F-8875-4AFC-A67C-D90C383ABD29): 12
LogDevObjectVersion:   Dev-Sequencer (7B5AE74C-D270-4C10-A958-57980B212A5A): 3
LogDevObjectVersion:   Dev-VR (D7296918-1DD6-4BDD-9DE2-64A83CC13884): 0
LogDevObjectVersion:   Dev-LoadTimes (C2A15278-BFE7-4AFE-6C17-90FF531DF755): 1
LogInit: Compiled (64-bit): Mar 15 2017 16:52:47
LogInit: Compiled with Visual C++: 19.00.23026.00
LogInit: Build Configuration: Development
LogInit: Branch Name: ++UE4+Release-4.15
LogInit: Command line: 
LogInit: Base directory: D:/Program Files/Epic Games/UE_4.15/Engine/Binaries/Win64/
LogInit: Installed Engine Build: 1
LogInit: Presizing for max 8388607 objects, including 0 objects not considered by GC, pre-allocating 0 bytes for permanent pool.
LogInit: Object subsystem initialized
[2017.06.18-00.45.44:552][  0]LogInit: Selected Device Profile: [Windows]
[2017.06.18-00.45.44:552][  0]LogInit: Applying CVar settings loaded from the selected device profile: [Windows]
[2017.06.18-00.45.44:561][  0]LogInit: Computer: MAINFRAME
[2017.06.18-00.45.44:561][  0]LogInit: User: soba
[2017.06.18-00.45.44:561][  0]LogInit: CPU Page size=65536, Cores=4
[2017.06.18-00.45.44:561][  0]LogInit: High frequency timer resolution =3.515618 MHz
[2017.06.18-00.45.44:562][  0]LogMemory: Memory total: Physical=15.9GB (16GB approx)
[2017.06.18-00.45.44:562][  0]LogMemory: Platform Memory Stats for Windows
[2017.06.18-00.45.44:562][  0]LogMemory: Process Physical Memory: 263.94 MB used, 263.94 MB peak
[2017.06.18-00.45.44:562][  0]LogMemory: Process Virtual Memory: 262.60 MB used, 262.60 MB peak
[2017.06.18-00.45.44:562][  0]LogMemory: Physical Memory: 6265.20 MB used,  9980.06 MB free, 16245.26 MB total
[2017.06.18-00.45.44:562][  0]LogMemory: Virtual Memory: 644.84 MB used,  9980.06 MB free, 134217728.00 MB total
[2017.06.18-00.45.44:619][  0]LogTextLocalizationManager: No translations for ('de-DE') exist, falling back to 'en' for localization and internationalization data.
[2017.06.18-00.45.45:191][  0]LogD3D11RHI: D3D11 adapters:
[2017.06.18-00.45.45:214][  0]LogD3D11RHI:    0. 'NVIDIA GeForce GTX 970' (Feature Level 11_0)
[2017.06.18-00.45.45:214][  0]LogD3D11RHI:       4058/0/8122 MB DedicatedVideo/DedicatedSystem/SharedSystem, Outputs:3, VendorId:0x10de
[2017.06.18-00.45.45:219][  0]LogD3D11RHI:    1. 'Intel(R) HD Graphics 4600' (Feature Level 11_0)
[2017.06.18-00.45.45:219][  0]LogD3D11RHI:       112/0/2048 MB DedicatedVideo/DedicatedSystem/SharedSystem, Outputs:0, VendorId:0x8086
[2017.06.18-00.45.45:220][  0]LogD3D11RHI:    2. 'Microsoft Basic Render Driver' (Feature Level 11_0)
[2017.06.18-00.45.45:220][  0]LogD3D11RHI:       0/0/8122 MB DedicatedVideo/DedicatedSystem/SharedSystem, Outputs:0, VendorId:0x1414
[2017.06.18-00.45.45:220][  0]LogD3D11RHI: Chosen D3D11 Adapter: 0
[2017.06.18-00.45.45:224][  0]LogD3D11RHI: Creating new Direct3DDevice
[2017.06.18-00.45.45:224][  0]LogD3D11RHI:     GPU DeviceId: 0x13c2 (for the marketing name, search the web for "GPU Device Id")
[2017.06.18-00.45.45:224][  0]LogWindows: EnumDisplayDevices:
[2017.06.18-00.45.45:224][  0]LogWindows:    0. 'NVIDIA GeForce GTX 970' (P:1 D:1)
[2017.06.18-00.45.45:224][  0]LogWindows:    1. 'NVIDIA GeForce GTX 970' (P:0 D:1)
[2017.06.18-00.45.45:224][  0]LogWindows:    2. 'NVIDIA GeForce GTX 970' (P:0 D:1)
[2017.06.18-00.45.45:225][  0]LogWindows:    3. 'NVIDIA GeForce GTX 970' (P:0 D:0)
[2017.06.18-00.45.45:225][  0]LogWindows:    4. 'Intel(R) HD Graphics 4600' (P:0 D:0)
[2017.06.18-00.45.45:225][  0]LogWindows:    5. 'Intel(R) HD Graphics 4600' (P:0 D:0)
[2017.06.18-00.45.45:225][  0]LogWindows:    6. 'Intel(R) HD Graphics 4600' (P:0 D:0)
[2017.06.18-00.45.45:225][  0]LogWindows: DebugString: PrimaryIsNotTheChoosenAdapter PrimaryIsNotTheChoosenAdapter PrimaryIsNotTheChoosenAdapter FoundDriverCount:4 
[2017.06.18-00.45.45:225][  0]LogD3D11RHI:     Adapter Name: NVIDIA GeForce GTX 970
[2017.06.18-00.45.45:225][  0]LogD3D11RHI:   Driver Version: 376.53 (internal:21.21.13.7653, unified:376.53)
[2017.06.18-00.45.45:225][  0]LogD3D11RHI:      Driver Date: 12-29-2016
[2017.06.18-00.45.45:225][  0]LogRHI: Texture pool is 1361 MB (70% of 1945 MB)
[2017.06.18-00.45.45:239][  0]LogD3D11RHI: Async texture creation enabled
[2017.06.18-00.45.45:249][  0]LogD3D11RHI: GPU Timing Frequency: 1000.000000 (Debug: 2 1)
[2017.06.18-00.45.45:251][  0]LogD3D11RHI: HDR output is supported on display 0 (NvId: 0x80061081).
[2017.06.18-00.45.45:251][  0]LogShaderCompilers: Guid format shader working directory is -1 characters bigger than the processId version (../../../../../../Projects/UE/MurmelGame Alpha/Intermediate/Shaders/WorkingDirectory/8688/).
[2017.06.18-00.45.45:251][  0]LogShaderCompilers: Cleaned the shader compiler working directory 'C:/Users/soba/AppData/Local/Temp/UnrealShaderWorkingDir/6D86C3F942F860F8BACA97AE18C31C28/'.
[2017.06.18-00.45.45:251][  0]LogShaderCompilers:Display: Using Local Shader Compiler.
[2017.06.18-00.45.46:192][  0]LogTemp:Display: Loaded TP AllDesktopTargetPlatform
[2017.06.18-00.45.46:232][  0]LogTemp:Display: Loaded TP MacClientTargetPlatform
[2017.06.18-00.45.46:272][  0]LogTemp:Display: Loaded TP MacNoEditorTargetPlatform
[2017.06.18-00.45.46:312][  0]LogTemp:Display: Loaded TP MacServerTargetPlatform
[2017.06.18-00.45.46:352][  0]LogTemp:Display: Loaded TP MacTargetPlatform
[2017.06.18-00.45.46:392][  0]LogTemp:Display: Loaded TP WindowsClientTargetPlatform
[2017.06.18-00.45.46:432][  0]LogTemp:Display: Loaded TP WindowsNoEditorTargetPlatform
[2017.06.18-00.45.46:471][  0]LogTemp:Display: Loaded TP WindowsServerTargetPlatform
[2017.06.18-00.45.46:503][  0]LogTemp:Display: Loaded TP WindowsTargetPlatform
[2017.06.18-00.45.46:544][  0]LogTemp:Display: Loaded TP AndroidTargetPlatform
[2017.06.18-00.45.46:583][  0]LogTemp:Display: Loaded TP Android_ASTCTargetPlatform
[2017.06.18-00.45.46:621][  0]LogTemp:Display: Loaded TP Android_ATCTargetPlatform
[2017.06.18-00.45.46:660][  0]LogTemp:Display: Loaded TP Android_DXTTargetPlatform
[2017.06.18-00.45.46:700][  0]LogTemp:Display: Loaded TP Android_ETC1TargetPlatform
[2017.06.18-00.45.46:739][  0]LogTemp:Display: Loaded TP Android_ETC2TargetPlatform
[2017.06.18-00.45.46:818][  0]LogTemp:Display: Loaded TP Android_MultiTargetPlatform
[2017.06.18-00.45.46:818][  0]LogTemp:Display: Loaded TP Android_PVRTCTargetPlatform
[2017.06.18-00.45.46:842][  0]LogTemp:Display: Loaded TP HTML5TargetPlatform
[2017.06.18-00.45.46:917][  0]LogTemp:Display: Loaded TP IOSTargetPlatform
[2017.06.18-00.45.46:945][  0]LogTemp:Display: Loaded TP TVOSTargetPlatform
[2017.06.18-00.45.46:986][  0]LogTemp:Display: Loaded TP LinuxClientTargetPlatform
[2017.06.18-00.45.47:024][  0]LogTemp:Display: Loaded TP LinuxNoEditorTargetPlatform
[2017.06.18-00.45.47:063][  0]LogTemp:Display: Loaded TP LinuxServerTargetPlatform
[2017.06.18-00.45.47:103][  0]LogTemp:Display: Loaded TP LinuxTargetPlatform
[2017.06.18-00.45.47:103][  0]LogTargetPlatformManager:Display: Building Assets For Windows
[2017.06.18-00.45.47:400][  0]LogDerivedDataCache:Display: Max Cache Size: 512 MB
[2017.06.18-00.45.47:449][  0]LogDerivedDataCache: Loaded boot cache 0.05s 50MB C:/Users/soba/AppData/Local/UnrealEngine/4.15/DerivedDataCache/Boot.ddc.
[2017.06.18-00.45.47:449][  0]LogDerivedDataCache:Display: Loaded Boot cache: C:/Users/soba/AppData/Local/UnrealEngine/4.15/DerivedDataCache/Boot.ddc
[2017.06.18-00.45.47:449][  0]LogDerivedDataCache: FDerivedDataBackendGraph:  Pak pak cache file ../../../../../../Projects/UE/MurmelGame Alpha/DerivedDataCache/DDC.ddp not found, will not use a pak cache.
[2017.06.18-00.45.47:449][  0]LogDerivedDataCache: Unable to find inner node Pak for hierarchical cache Hierarchy.
[2017.06.18-00.45.47:449][  0]LogDerivedDataCache: FDerivedDataBackendGraph:  CompressedPak pak cache file ../../../../../../Projects/UE/MurmelGame Alpha/DerivedDataCache/Compressed.ddp not found, will not use a pak cache.
[2017.06.18-00.45.47:449][  0]LogDerivedDataCache: Unable to find inner node CompressedPak for hierarchical cache Hierarchy.
[2017.06.18-00.45.47:467][  0]LogDerivedDataCache:Display: Pak cache opened for reading ../../../Engine/DerivedDataCache/Compressed.ddp.
[2017.06.18-00.45.47:479][  0]LogDerivedDataCache: Using Local data cache path C:/Users/soba/AppData/Local/UnrealEngine/Common/DerivedDataCache: Writable
[2017.06.18-00.45.47:489][  0]LogSlate: Using Freetype 2.6.0
[2017.06.18-00.45.47:489][  0]LogSlate: SlateFontCache - WITH_FREETYPE: 1, WITH_HARFBUZZ: 1
[2017.06.18-00.45.47:489][  0]LogSlate: SlateFontCache - WITH_FREETYPE: 1, WITH_HARFBUZZ: 1
[2017.06.18-00.45.47:740][  0]LogInit: Selected Device Profile: [Windows]
[2017.06.18-00.45.47:743][  0]LogContentStreaming: Texture pool size is 0.00 MB
[2017.06.18-00.45.47:905][  0]LogMeshUtilities: Using QuadricMeshReduction for automatic static mesh reduction
[2017.06.18-00.45.47:935][  0]LogSimplygon: Simplygon DLL not present - disabling.
[2017.06.18-00.45.47:965][  0]LogMeshUtilities: Using SimplygonSwarm for distributed automatic mesh merging
[2017.06.18-00.45.47:965][  0]LogMeshUtilities: No automatic skeletal mesh reduction module available
[2017.06.18-00.45.47:965][  0]LogMeshUtilities: No automatic mesh merging module available
[2017.06.18-00.45.48:403][  0]LogNetVersion: GetLocalNetworkVersion: CL: 3299760, ProjectName: murmel2, ProjectVersion: , EngineNetworkVersion: 2, GameNetworkVersion: 0, NetworkChecksum: 3639395430
[2017.06.18-00.45.48:441][  0]LogAssetRegistry: FAssetRegistry took 0.0215 seconds to start up
[2017.06.18-00.45.48:469][  0]LogPackageLocalizationCache: Processed 3 localized package path(s) for 1 prioritized culture(s) in 0.010601 seconds
[2017.06.18-00.45.48:474][  0]LogUObjectArray: 32494 objects as part of root set at end of initial load.
[2017.06.18-00.45.48:474][  0]LogUObjectAllocator: 7077256 out of 0 bytes used by permanent object pool.
[2017.06.18-00.45.48:474][  0]LogUObjectArray: CloseDisregardForGC: 0/0 objects in disregard for GC pool
[2017.06.18-00.45.48:516][  0]LogInit: WinSock: version 1.1 (2.2), MaxSocks=32767, MaxUdp=65467
[2017.06.18-00.45.49:673][  0]LogTcpMessaging: Initializing TcpMessaging bridge
[2017.06.18-00.45.49:703][  0]LogUdpMessaging: Initializing bridge on interface 0.0.0.0:0 to multicast group 230.0.0.1:6666.
[2017.06.18-00.45.50:024][  0]LogMaterial: Uniform references updated for custom material expression Custom.
[2017.06.18-00.45.50:282][  0]SourceControl: Info Source control is disabled
[2017.06.18-00.45.50:868][  0]LogLinker:Warning: Can't find file '/Game/RollingBP/RollingOverview'
[2017.06.18-00.45.50:868][  0]LogLinker:Warning: Can't find file '/Game/RollingBP/RollingOverview'
[2017.06.18-00.45.50:868][  0]LogUObjectGlobals:Warning: Failed to find object 'Class /Game/RollingBP/RollingOverview.RollingOverview_C'
[2017.06.18-00.45.51:540][  0]LogEngine: Initializing Engine...
[2017.06.18-00.45.51:540][  0]LogHMD: Failed to initialize OpenVR with code 110
[2017.06.18-00.45.51:720][  0]LogAIModule: Creating AISystem for world Untitled
[2017.06.18-00.45.51:730][  0]LogInit: XAudio2 using 'Speakers (Realtek High Definition Audio)' : 2 channels at 48 kHz using 32 bits per sample (channel mask 0x3)
[2017.06.18-00.45.51:740][  0]LogInit: FAudioDevice initialized.
[2017.06.18-00.45.51:765][  0]LogDerivedDataCache: Saved boot cache 0.02s 50MB C:/Users/soba/AppData/Local/UnrealEngine/4.15/DerivedDataCache/Boot.ddc.
[2017.06.18-00.45.51:775][  0]LogInit: Texture streaming: Enabled
[2017.06.18-00.45.51:839][  0]LogEngineSessionManager: EngineSessionManager initialized
[2017.06.18-00.45.51:901][  0]LogInit: Transaction tracking system initialized
[2017.06.18-00.45.52:125][  0]BlueprintLog: New page: Editor Load
[2017.06.18-00.45.52:701][  0]LocalizationService: Info Localization service is disabled
[2017.06.18-00.45.53:137][  0]LogConsoleResponse:Display: 
[2017.06.18-00.45.53:241][  0]LogCook:Display: Max memory allowance for cook 16384mb min free memory 0mb
[2017.06.18-00.45.53:241][  0]LogCook:Display: Mobile HDR setting 1
[2017.06.18-00.45.53:492][  0]LogFileCache: Scanning file cache for directory 'D:/Projects/UE/MurmelGame Alpha/Content/' took 0.01s
[2017.06.18-00.45.54:007][  0]Cmd: MAP LOAD FILE="../../../Engine/Content/Maps/Templates/Template_Default.umap" TEMPLATE=1 SHOWPROGRESS=1 FEATURELEVEL=3
[2017.06.18-00.45.54:008][  0]LightingResults: New page: Lighting Build
[2017.06.18-00.45.54:035][  0]MapCheck: New page: Map Check
[2017.06.18-00.45.54:035][  0]LightingResults: New page: Lighting Build
[2017.06.18-00.45.54:206][  0]LogAIModule: Creating AISystem for world Untitled_1
[2017.06.18-00.45.54:223][  0]LogActorComponent: RegisterComponentWithWorld: (/Temp/Untitled_1.Untitled_1:PersistentLevel.WorldSettings_1.StaticMeshComponent0) Trying to register component with IsPendingKill() == true. Aborting.
[2017.06.18-00.45.54:227][  0]LogEditorServer: Finished looking for orphan Actors (0.000 secs)
[2017.06.18-00.45.54:231][  0]Cmd: MAP CHECKDEP NOCLEARLOG
[2017.06.18-00.45.54:258][  0]MapCheck: Info Map check complete: 0 Error(s), 0 Warning(s), took 26.558ms to complete.
[2017.06.18-00.45.54:258][  0]LogFileHelpers: Loading map 'Template_Default' took 0.250
[2017.06.18-00.45.54:327][  0]LogWindowsTextInputMethodSystem:Display: IME system now deactivated.
[2017.06.18-00.45.54:450][  0]LogCollectionManager: Loaded 1 collections in 0.001810 seconds
[2017.06.18-00.45.54:524][  0]LogFileCache: Scanning file cache for directory 'D:/Projects/UE/MurmelGame Alpha/Saved/Collections/' took 0.01s
[2017.06.18-00.45.54:524][  0]LogFileCache: Scanning file cache for directory 'D:/Projects/UE/MurmelGame Alpha/Content/Developers/soba/Collections/' took 0.01s
[2017.06.18-00.45.54:524][  0]LogFileCache: Scanning file cache for directory 'D:/Projects/UE/MurmelGame Alpha/Content/Collections/' took 0.01s
[2017.06.18-00.45.54:524][  0]LogCollectionManager: Rebuilt the GUID cache for 1 collections in 0.000003 seconds
[2017.06.18-00.45.54:524][  0]LogCollectionManager: Rebuilt the hierarchy cache for 1 collections in 0.000000 seconds
[2017.06.18-00.45.54:532][  0]LogContentBrowser: Native class hierarchy populated in 0.0077 seconds. Added 2246 classes and 456 folders.
[2017.06.18-00.45.54:535][  0]LogStats: UGameplayTagsManager::ConstructGameplayTagTree: Construct from data asset -  0.000 s
[2017.06.18-00.45.54:535][  0]LogStats: UGameplayTagsManager::ConstructGameplayTagTree: GameplayTagTreeChangedEvent.Broadcast -  0.000 s
[2017.06.18-00.45.54:574][  0]LogContentBrowser: Native class hierarchy updated for 'WidgetCarousel' in 0.0004 seconds. Added 0 classes and 0 folders.
[2017.06.18-00.45.54:602][  0]LogContentBrowser: Native class hierarchy updated for 'AddContentDialog' in 0.0004 seconds. Added 0 classes and 0 folders.
[2017.06.18-00.45.54:631][  0]LogContentBrowser: Native class hierarchy updated for 'SceneOutliner' in 0.0007 seconds. Added 1 classes and 2 folders.
[2017.06.18-00.45.54:713][  0]LogCrashTracker: Crashtracker disabled due to settings.
[2017.06.18-00.45.54:719][  0]LogUObjectGlobals:Warning: Failed to find object 'Class None.'
[2017.06.18-00.45.54:769][  0]LogContentBrowser: Native class hierarchy updated for 'HierarchicalLODOutliner' in 0.0006 seconds. Added 1 classes and 2 folders.
[2017.06.18-00.45.54:770][  0]LogLoad: (Engine Initialization) Total time: 11.86 seconds
[2017.06.18-00.45.54:770][  0]LogLoad: (Engine Initialization) Total Blueprint compile time: 0.07 seconds
[2017.06.18-00.45.54:770][  0]LogExternalProfiler: No external profilers were discovered.  External profiling features will not be available.
[2017.06.18-00.45.54:779][  0]LogOcInput: OculusInput pre-init called
[2017.06.18-00.45.54:800][  0]SourceControl: Info On branch master
[2017.06.18-00.45.54:800][  0]SourceControl: Info Your branch is up-to-date with 'origin/master'.
[2017.06.18-00.45.54:800][  0]SourceControl: Info Changes not staged for commit:
[2017.06.18-00.45.54:800][  0]SourceControl: Info   (use "git add/rm <file>..." to update what will be committed)
[2017.06.18-00.45.54:800][  0]SourceControl: Info   (use "git checkout -- <file>..." to discard changes in working directory)
[2017.06.18-00.45.54:800][  0]SourceControl: Info 	modified:   Saved/AutoScreenshot.png
[2017.06.18-00.45.54:800][  0]SourceControl: Info 	modified:   Saved/Config/Windows/EditorPerProjectUserSettings.ini
[2017.06.18-00.45.54:800][  0]SourceControl: Info 	deleted:    Saved/Logs/murmel2-backup-2017.06.16-23.44.53.log
[2017.06.18-00.45.54:800][  0]SourceControl: Info 	modified:   Saved/Logs/murmel2.log
[2017.06.18-00.45.54:800][  0]SourceControl: Info Untracked files:
[2017.06.18-00.45.54:800][  0]SourceControl: Info   (use "git add <file>..." to include in what will be committed)
[2017.06.18-00.45.54:800][  0]SourceControl: Info 	Saved/Logs/UE4CC-Windows-01D76A374149971F641E639C014ECC82/
[2017.06.18-00.45.54:800][  0]SourceControl: Info 	Saved/Logs/murmel2-backup-2017.06.18-02.45.43.log
[2017.06.18-00.45.54:800][  0]SourceControl: Info no changes added to commit (use "git add" and/or "git commit -a")
[2017.06.18-00.45.54:800][  0]LogContentStreaming: Texture pool size now 1000 MB
[2017.06.18-00.45.54:801][  0]LogSlate: Took 0.000216 seconds to synchronously load lazily loaded font '../../../Engine/Content/Slate/Fonts/Roboto-Regular.ttf' (155K)
[2017.06.18-00.45.54:804][  0]LogSlate: Took 0.000165 seconds to synchronously load lazily loaded font '../../../Engine/Content/Slate/Fonts/Roboto-Bold.ttf' (160K)
[2017.06.18-00.45.54:808][  0]LogSlate: Took 0.000143 seconds to synchronously load lazily loaded font '../../../Engine/Content/Editor/Slate/Fonts/FontAwesome.ttf' (139K)
[2017.06.18-00.45.54:955][  0]LogSlate: Took 0.000211 seconds to synchronously load lazily loaded font '../../../Engine/Content/Slate/Fonts/Roboto-Light.ttf' (159K)
[2017.06.18-00.45.54:988][  0]LogRenderer: Reallocating scene render targets to support 1124x660 NumSamples 1 (Frame:2).
[2017.06.18-00.45.55:038][  1]LogAssetRegistry: Asset discovery search completed in 6.6195 seconds
[2017.06.18-00.45.55:038][  1]LogCollectionManager: Rebuilt the object cache for 1 collections in 0.000004 seconds (found 0 objects)
[2017.06.18-00.45.55:038][  1]LogCollectionManager: Fixed up redirectors for 1 collections in 0.000015 seconds (updated 0 objects)
[2017.06.18-00.45.58:072][350]LogSlate: Took 0.000173 seconds to synchronously load lazily loaded font '../../../Engine/Content/Slate/Fonts/Roboto-Light.ttf' (159K)
[2017.06.18-00.45.58:194][350]LogAIModule: Creating AISystem for world Volcano
[2017.06.18-00.45.58:196][350]LogMaterial:Warning: Material /Game/Artwork/materials/Kristall_M.Kristall_M needed to have new flag set bUsedWithInstancedStaticMeshes !
[2017.06.18-00.45.58:199][350]LogMaterial: Missing cached shader map for material Kristall_M, compiling. 
[2017.06.18-00.45.58:200][350]LogTemp:Display: Added material ShaderMap 0x000001732DFDEE80 with Material 0x000001732E2CFA00 to ShaderMapsBeingCompiled
[2017.06.18-00.45.58:242][350]LogTemp:Display: Kicking off shader compilation for Kristall_M, GameThreadShaderMap 0x000001732DFDEE80
[2017.06.18-00.45.58:243][350]MapCheck:Warning: Warning Kristall_M Material /Game/Artwork/materials/Kristall_M.Kristall_M was missing the usage flag bUsedWithInstancedStaticMeshes. If the material asset is not re-saved, it may not render correctly when run outside the editor. Fix
[2017.06.18-00.45.58:261][350]LogMaterial: 0.00 seconds spent updating 1 materials, 1 interfaces, 0 instances, 0 with static permutations.
[2017.06.18-00.45.58:284][350]Cmd: MAP LOAD FILE="../../../../../../Projects/UE/MurmelGame Alpha/Content/maps/Volcano.umap" TEMPLATE=0 SHOWPROGRESS=1 FEATURELEVEL=3
[2017.06.18-00.45.58:284][350]LightingResults: New page: Lighting Build
[2017.06.18-00.45.58:286][350]LoadErrors: New page: Loading map: Volcano.umap
[2017.06.18-00.45.58:287][350]MapCheck: New page: Map Check
[2017.06.18-00.45.58:287][350]LightingResults: New page: Lighting Build
[2017.06.18-00.45.58:374][350]LogEditorServer: Finished looking for orphan Actors (0.000 secs)
[2017.06.18-00.45.58:426][350]Cmd: MAP CHECKDEP NOCLEARLOG
[2017.06.18-00.45.58:470][350]MapCheck: Info Map check complete: 0 Error(s), 0 Warning(s), took 43.393ms to complete.
[2017.06.18-00.45.58:471][350]LogFileHelpers: Loading map 'Volcano' took 0.188
[2017.06.18-00.46.15:869][116]LogTemp:Display: Finished compile of shader map 0x000001732DFDEE80
[2017.06.18-00.46.15:869][116]LogTemp:Display: Shader map Kristall_M complete, GameThreadShaderMap 0x000001732DFDEE80, marking material Kristall_M as finished
[2017.06.18-00.46.15:869][116]LogTemp:Display: Marking material as finished 0x000001732E2CFA00
[2017.06.18-01.29.28:235][ 87]LogTemp: Repeting last play command: Selected Viewport
[2017.06.18-01.29.28:257][ 87]LogBlueprintUserMessages: Early PlayInEditor Detection: Level '/Game/maps/Volcano.Volcano:PersistentLevel' has LevelScriptBlueprint '/Game/maps/Volcano.Volcano:PersistentLevel.Volcano' with GeneratedClass '/Game/maps/Volcano.Volcano_C' with ClassGeneratedBy '/Game/maps/Volcano.Volcano:PersistentLevel.Volcano'
[2017.06.18-01.29.28:257][ 87]LogPlayLevel: PlayLevel: No blueprints needed recompiling
[2017.06.18-01.29.28:257][ 87]PIE: New page: PIE session: Volcano (Jun 18, 2017, 5:29:28 AM)
[2017.06.18-01.29.28:257][ 87]LogPlayLevel: Creating play world package: /Game/maps/UEDPIE_0_Volcano
[2017.06.18-01.29.28:262][ 87]LogPlayLevel: PIE: StaticDuplicateObject took: (0.004739s)
[2017.06.18-01.29.28:262][ 87]LogAIModule: Creating AISystem for world Volcano
[2017.06.18-01.29.28:262][ 87]LogPlayLevel: PIE: World Init took: (0.000635s)
[2017.06.18-01.29.28:263][ 87]LogPlayLevel: PIE: Created PIE world by copying editor world from /Game/maps/Volcano.Volcano to /Game/maps/UEDPIE_0_Volcano.Volcano (0.005619s)
[2017.06.18-01.29.28:277][ 87]LogInit: XAudio2 using 'Speakers (Realtek High Definition Audio)' : 2 channels at 48 kHz using 32 bits per sample (channel mask 0x3)
[2017.06.18-01.29.28:284][ 87]LogInit: FAudioDevice initialized.
[2017.06.18-01.29.28:336][ 87]LogLoad: Game class is 'game_mode_C'
[2017.06.18-01.29.28:339][ 87]LogWorld: Bringing World /Game/maps/UEDPIE_0_Volcano.Volcano up for play (max tick rate 0) at 2017.06.18-03.29.28
[2017.06.18-01.29.28:339][ 87]LogWorld: Bringing up level for play took: 0.001467
[2017.06.18-01.29.28:365][ 87]LogContentBrowser: Native class hierarchy updated for 'MovieSceneCapture' in 0.0006 seconds. Added 11 classes and 0 folders.
[2017.06.18-01.29.28:365][ 87]LogGameMode:Display: Match State Changed from EnteringMap to WaitingToStart
[2017.06.18-01.29.28:365][ 87]LogGameState: Match State Changed from EnteringMap to WaitingToStart
[2017.06.18-01.29.28:365][ 87]LogGameMode:Display: Match State Changed from WaitingToStart to InProgress
[2017.06.18-01.29.28:366][ 87]LogGameState: Match State Changed from WaitingToStart to InProgress
[2017.06.18-01.29.28:366][ 87]PIE: Info Play in editor start time for /Game/maps/UEDPIE_0_Volcano -0.838
[2017.06.18-01.29.28:366][ 87]LogBlueprintUserMessages: Late PlayInEditor Detection: Level '/Game/maps/Volcano.Volcano:PersistentLevel' has LevelScriptBlueprint '/Game/maps/Volcano.Volcano:PersistentLevel.Volcano' with GeneratedClass '/Game/maps/Volcano.Volcano_C' with ClassGeneratedBy '/Game/maps/Volcano.Volcano:PersistentLevel.Volcano'
[2017.06.18-01.30.19:644][199]LogBlueprintUserMessages: Early EndPlayMap Detection: Level '/Game/maps/Volcano.Volcano:PersistentLevel' has LevelScriptBlueprint '/Game/maps/Volcano.Volcano:PersistentLevel.Volcano' with GeneratedClass '/Game/maps/Volcano.Volcano_C' with ClassGeneratedBy '/Game/maps/Volcano.Volcano:PersistentLevel.Volcano'
[2017.06.18-01.30.19:674][199]LogBlueprintUserMessages: Late EndPlayMap Detection: Level '/Game/maps/Volcano.Volcano:PersistentLevel' has LevelScriptBlueprint '/Game/maps/Volcano.Volcano:PersistentLevel.Volcano' with GeneratedClass '/Game/maps/Volcano.Volcano_C' with ClassGeneratedBy '/Game/maps/Volcano.Volcano:PersistentLevel.Volcano'
[2017.06.18-01.30.20:728][323]LogTemp: Repeting last play command: Selected Viewport
[2017.06.18-01.30.20:748][323]LogBlueprintUserMessages: Early PlayInEditor Detection: Level '/Game/maps/Volcano.Volcano:PersistentLevel' has LevelScriptBlueprint '/Game/maps/Volcano.Volcano:PersistentLevel.Volcano' with GeneratedClass '/Game/maps/Volcano.Volcano_C' with ClassGeneratedBy '/Game/maps/Volcano.Volcano:PersistentLevel.Volcano'
[2017.06.18-01.30.20:748][323]LogPlayLevel: PlayLevel: No blueprints needed recompiling
[2017.06.18-01.30.20:748][323]PIE: New page: PIE session: Volcano (Jun 18, 2017, 5:30:20 AM)
[2017.06.18-01.30.20:748][323]LogPlayLevel: Creating play world package: /Game/maps/UEDPIE_0_Volcano
[2017.06.18-01.30.20:754][323]LogPlayLevel: PIE: StaticDuplicateObject took: (0.005177s)
[2017.06.18-01.30.20:754][323]LogAIModule: Creating AISystem for world Volcano
[2017.06.18-01.30.20:754][323]LogPlayLevel: PIE: World Init took: (0.000518s)
[2017.06.18-01.30.20:754][323]LogPlayLevel: PIE: Created PIE world by copying editor world from /Game/maps/Volcano.Volcano to /Game/maps/UEDPIE_0_Volcano.Volcano (0.006011s)
[2017.06.18-01.30.20:766][323]LogInit: XAudio2 using 'Speakers (Realtek High Definition Audio)' : 2 channels at 48 kHz using 32 bits per sample (channel mask 0x3)
[2017.06.18-01.30.20:774][323]LogInit: FAudioDevice initialized.
[2017.06.18-01.30.20:808][323]LogLoad: Game class is 'game_mode_C'
[2017.06.18-01.30.20:810][323]LogWorld: Bringing World /Game/maps/UEDPIE_0_Volcano.Volcano up for play (max tick rate 0) at 2017.06.18-03.30.20
[2017.06.18-01.30.20:810][323]LogWorld: Bringing up level for play took: 0.001182
[2017.06.18-01.30.20:811][323]LogGameMode:Display: Match State Changed from EnteringMap to WaitingToStart
[2017.06.18-01.30.20:811][323]LogGameState: Match State Changed from EnteringMap to WaitingToStart
[2017.06.18-01.30.20:811][323]LogGameMode:Display: Match State Changed from WaitingToStart to InProgress
[2017.06.18-01.30.20:811][323]LogGameState: Match State Changed from WaitingToStart to InProgress
[2017.06.18-01.30.20:811][323]PIE: Info Play in editor start time for /Game/maps/UEDPIE_0_Volcano -0.393
[2017.06.18-01.30.20:811][323]LogBlueprintUserMessages: Late PlayInEditor Detection: Level '/Game/maps/Volcano.Volcano:PersistentLevel' has LevelScriptBlueprint '/Game/maps/Volcano.Volcano:PersistentLevel.Volcano' with GeneratedClass '/Game/maps/Volcano.Volcano_C' with ClassGeneratedBy '/Game/maps/Volcano.Volcano:PersistentLevel.Volcano'
[2017.06.18-01.30.34:586][963]LogBlueprintUserMessages: Early EndPlayMap Detection: Level '/Game/maps/Volcano.Volcano:PersistentLevel' has LevelScriptBlueprint '/Game/maps/Volcano.Volcano:PersistentLevel.Volcano' with GeneratedClass '/Game/maps/Volcano.Volcano_C' with ClassGeneratedBy '/Game/maps/Volcano.Volcano:PersistentLevel.Volcano'
[2017.06.18-01.30.34:617][963]LogBlueprintUserMessages: Late EndPlayMap Detection: Level '/Game/maps/Volcano.Volcano:PersistentLevel' has LevelScriptBlueprint '/Game/maps/Volcano.Volcano:PersistentLevel.Volcano' with GeneratedClass '/Game/maps/Volcano.Volcano_C' with ClassGeneratedBy '/Game/maps/Volcano.Volcano:PersistentLevel.Volcano'
[2017.06.18-01.30.36:355][164]LogTemp: Repeting last play command: Selected Viewport
[2017.06.18-01.30.36:375][164]LogBlueprintUserMessages: Early PlayInEditor Detection: Level '/Game/maps/Volcano.Volcano:PersistentLevel' has LevelScriptBlueprint '/Game/maps/Volcano.Volcano:PersistentLevel.Volcano' with GeneratedClass '/Game/maps/Volcano.Volcano_C' with ClassGeneratedBy '/Game/maps/Volcano.Volcano:PersistentLevel.Volcano'
[2017.06.18-01.30.36:375][164]LogPlayLevel: PlayLevel: No blueprints needed recompiling
[2017.06.18-01.30.36:375][164]PIE: New page: PIE session: Volcano (Jun 18, 2017, 5:30:36 AM)
[2017.06.18-01.30.36:375][164]LogPlayLevel: Creating play world package: /Game/maps/UEDPIE_0_Volcano
[2017.06.18-01.30.36:380][164]LogPlayLevel: PIE: StaticDuplicateObject took: (0.004455s)
[2017.06.18-01.30.36:380][164]LogAIModule: Creating AISystem for world Volcano
[2017.06.18-01.30.36:380][164]LogPlayLevel: PIE: World Init took: (0.000496s)
[2017.06.18-01.30.36:381][164]LogPlayLevel: PIE: Created PIE world by copying editor world from /Game/maps/Volcano.Volcano to /Game/maps/UEDPIE_0_Volcano.Volcano (0.005109s)
[2017.06.18-01.30.36:393][164]LogInit: XAudio2 using 'Speakers (Realtek High Definition Audio)' : 2 channels at 48 kHz using 32 bits per sample (channel mask 0x3)
[2017.06.18-01.30.36:399][164]LogInit: FAudioDevice initialized.
[2017.06.18-01.30.36:430][164]LogLoad: Game class is 'game_mode_C'
[2017.06.18-01.30.36:432][164]LogWorld: Bringing World /Game/maps/UEDPIE_0_Volcano.Volcano up for play (max tick rate 0) at 2017.06.18-03.30.36
[2017.06.18-01.30.36:432][164]LogWorld: Bringing up level for play took: 0.001291
[2017.06.18-01.30.36:432][164]LogGameMode:Display: Match State Changed from EnteringMap to WaitingToStart
[2017.06.18-01.30.36:432][164]LogGameState: Match State Changed from EnteringMap to WaitingToStart
[2017.06.18-01.30.36:432][164]LogGameMode:Display: Match State Changed from WaitingToStart to InProgress
[2017.06.18-01.30.36:433][164]LogGameState: Match State Changed from WaitingToStart to InProgress
[2017.06.18-01.30.36:433][164]PIE: Info Play in editor start time for /Game/maps/UEDPIE_0_Volcano -0.772
[2017.06.18-01.30.36:433][164]LogBlueprintUserMessages: Late PlayInEditor Detection: Level '/Game/maps/Volcano.Volcano:PersistentLevel' has LevelScriptBlueprint '/Game/maps/Volcano.Volcano:PersistentLevel.Volcano' with GeneratedClass '/Game/maps/Volcano.Volcano_C' with ClassGeneratedBy '/Game/maps/Volcano.Volcano:PersistentLevel.Volcano'
[2017.06.18-01.30.39:999][587]LogBlueprintUserMessages: Early EndPlayMap Detection: Level '/Game/maps/Volcano.Volcano:PersistentLevel' has LevelScriptBlueprint '/Game/maps/Volcano.Volcano:PersistentLevel.Volcano' with GeneratedClass '/Game/maps/Volcano.Volcano_C' with ClassGeneratedBy '/Game/maps/Volcano.Volcano:PersistentLevel.Volcano'
[2017.06.18-01.30.40:028][587]LogBlueprintUserMessages: Late EndPlayMap Detection: Level '/Game/maps/Volcano.Volcano:PersistentLevel' has LevelScriptBlueprint '/Game/maps/Volcano.Volcano:PersistentLevel.Volcano' with GeneratedClass '/Game/maps/Volcano.Volcano_C' with ClassGeneratedBy '/Game/maps/Volcano.Volcano:PersistentLevel.Volcano'
[2017.06.18-01.30.40:774][674]LogTemp: Repeting last play command: Selected Viewport
[2017.06.18-01.30.40:794][674]LogBlueprintUserMessages: Early PlayInEditor Detection: Level '/Game/maps/Volcano.Volcano:PersistentLevel' has LevelScriptBlueprint '/Game/maps/Volcano.Volcano:PersistentLevel.Volcano' with GeneratedClass '/Game/maps/Volcano.Volcano_C' with ClassGeneratedBy '/Game/maps/Volcano.Volcano:PersistentLevel.Volcano'
[2017.06.18-01.30.40:794][674]LogPlayLevel: PlayLevel: No blueprints needed recompiling
[2017.06.18-01.30.40:795][674]PIE: New page: PIE session: Volcano (Jun 18, 2017, 5:30:40 AM)
[2017.06.18-01.30.40:795][674]LogPlayLevel: Creating play world package: /Game/maps/UEDPIE_0_Volcano
[2017.06.18-01.30.40:799][674]LogPlayLevel: PIE: StaticDuplicateObject took: (0.004123s)
[2017.06.18-01.30.40:799][674]LogAIModule: Creating AISystem for world Volcano
[2017.06.18-01.30.40:799][674]LogPlayLevel: PIE: World Init took: (0.000490s)
[2017.06.18-01.30.40:799][674]LogPlayLevel: PIE: Created PIE world by copying editor world from /Game/maps/Volcano.Volcano to /Game/maps/UEDPIE_0_Volcano.Volcano (0.004794s)
[2017.06.18-01.30.40:814][674]LogInit: XAudio2 using 'Speakers (Realtek High Definition Audio)' : 2 channels at 48 kHz using 32 bits per sample (channel mask 0x3)
[2017.06.18-01.30.40:822][674]LogInit: FAudioDevice initialized.
[2017.06.18-01.30.40:856][674]LogLoad: Game class is 'game_mode_C'
[2017.06.18-01.30.40:859][674]LogWorld: Bringing World /Game/maps/UEDPIE_0_Volcano.Volcano up for play (max tick rate 0) at 2017.06.18-03.30.40
[2017.06.18-01.30.40:859][674]LogWorld: Bringing up level for play took: 0.001391
[2017.06.18-01.30.40:859][674]LogGameMode:Display: Match State Changed from EnteringMap to WaitingToStart
[2017.06.18-01.30.40:859][674]LogGameState: Match State Changed from EnteringMap to WaitingToStart
[2017.06.18-01.30.40:859][674]LogGameMode:Display: Match State Changed from WaitingToStart to InProgress
[2017.06.18-01.30.40:859][674]LogGameState: Match State Changed from WaitingToStart to InProgress
[2017.06.18-01.30.40:860][674]PIE: Info Play in editor start time for /Game/maps/UEDPIE_0_Volcano -0.345
[2017.06.18-01.30.40:860][674]LogBlueprintUserMessages: Late PlayInEditor Detection: Level '/Game/maps/Volcano.Volcano:PersistentLevel' has LevelScriptBlueprint '/Game/maps/Volcano.Volcano:PersistentLevel.Volcano' with GeneratedClass '/Game/maps/Volcano.Volcano_C' with ClassGeneratedBy '/Game/maps/Volcano.Volcano:PersistentLevel.Volcano'
[2017.06.18-01.30.51:545][941]LogBlueprintUserMessages: Early EndPlayMap Detection: Level '/Game/maps/Volcano.Volcano:PersistentLevel' has LevelScriptBlueprint '/Game/maps/Volcano.Volcano:PersistentLevel.Volcano' with GeneratedClass '/Game/maps/Volcano.Volcano_C' with ClassGeneratedBy '/Game/maps/Volcano.Volcano:PersistentLevel.Volcano'
[2017.06.18-01.30.51:580][941]LogBlueprintUserMessages: Late EndPlayMap Detection: Level '/Game/maps/Volcano.Volcano:PersistentLevel' has LevelScriptBlueprint '/Game/maps/Volcano.Volcano:PersistentLevel.Volcano' with GeneratedClass '/Game/maps/Volcano.Volcano_C' with ClassGeneratedBy '/Game/maps/Volcano.Volcano:PersistentLevel.Volcano'
[2017.06.18-01.30.52:411][ 37]LogTemp: Repeting last play command: Selected Viewport
[2017.06.18-01.30.52:431][ 37]LogBlueprintUserMessages: Early PlayInEditor Detection: Level '/Game/maps/Volcano.Volcano:PersistentLevel' has LevelScriptBlueprint '/Game/maps/Volcano.Volcano:PersistentLevel.Volcano' with GeneratedClass '/Game/maps/Volcano.Volcano_C' with ClassGeneratedBy '/Game/maps/Volcano.Volcano:PersistentLevel.Volcano'
[2017.06.18-01.30.52:431][ 37]LogPlayLevel: PlayLevel: No blueprints needed recompiling
[2017.06.18-01.30.52:431][ 37]PIE: New page: PIE session: Volcano (Jun 18, 2017, 5:30:52 AM)
[2017.06.18-01.30.52:432][ 37]LogPlayLevel: Creating play world package: /Game/maps/UEDPIE_0_Volcano
[2017.06.18-01.30.52:436][ 37]LogPlayLevel: PIE: StaticDuplicateObject took: (0.004286s)
[2017.06.18-01.30.52:437][ 37]LogAIModule: Creating AISystem for world Volcano
[2017.06.18-01.30.52:437][ 37]LogPlayLevel: PIE: World Init took: (0.000527s)
[2017.06.18-01.30.52:437][ 37]LogPlayLevel: PIE: Created PIE world by copying editor world from /Game/maps/Volcano.Volcano to /Game/maps/UEDPIE_0_Volcano.Volcano (0.004988s)
[2017.06.18-01.30.52:450][ 37]LogInit: XAudio2 using 'Speakers (Realtek High Definition Audio)' : 2 channels at 48 kHz using 32 bits per sample (channel mask 0x3)
[2017.06.18-01.30.52:458][ 37]LogInit: FAudioDevice initialized.
[2017.06.18-01.30.52:487][ 37]LogLoad: Game class is 'game_mode_C'
[2017.06.18-01.30.52:490][ 37]LogWorld: Bringing World /Game/maps/UEDPIE_0_Volcano.Volcano up for play (max tick rate 0) at 2017.06.18-03.30.52
[2017.06.18-01.30.52:490][ 37]LogWorld: Bringing up level for play took: 0.001410
[2017.06.18-01.30.52:490][ 37]LogGameMode:Display: Match State Changed from EnteringMap to WaitingToStart
[2017.06.18-01.30.52:490][ 37]LogGameState: Match State Changed from EnteringMap to WaitingToStart
[2017.06.18-01.30.52:490][ 37]LogGameMode:Display: Match State Changed from WaitingToStart to InProgress
[2017.06.18-01.30.52:491][ 37]LogGameState: Match State Changed from WaitingToStart to InProgress
[2017.06.18-01.30.52:491][ 37]PIE: Info Play in editor start time for /Game/maps/UEDPIE_0_Volcano -0.714
[2017.06.18-01.30.52:491][ 37]LogBlueprintUserMessages: Late PlayInEditor Detection: Level '/Game/maps/Volcano.Volcano:PersistentLevel' has LevelScriptBlueprint '/Game/maps/Volcano.Volcano:PersistentLevel.Volcano' with GeneratedClass '/Game/maps/Volcano.Volcano_C' with ClassGeneratedBy '/Game/maps/Volcano.Volcano:PersistentLevel.Volcano'
[2017.06.18-01.31.18:901][190]LogBlueprintUserMessages: Early EndPlayMap Detection: Level '/Game/maps/Volcano.Volcano:PersistentLevel' has LevelScriptBlueprint '/Game/maps/Volcano.Volcano:PersistentLevel.Volcano' with GeneratedClass '/Game/maps/Volcano.Volcano_C' with ClassGeneratedBy '/Game/maps/Volcano.Volcano:PersistentLevel.Volcano'
[2017.06.18-01.31.18:933][190]LogBlueprintUserMessages: Late EndPlayMap Detection: Level '/Game/maps/Volcano.Volcano:PersistentLevel' has LevelScriptBlueprint '/Game/maps/Volcano.Volcano:PersistentLevel.Volcano' with GeneratedClass '/Game/maps/Volcano.Volcano_C' with ClassGeneratedBy '/Game/maps/Volcano.Volcano:PersistentLevel.Volcano'
