Log file open, 06/18/17 02:38:36
LogInit:Display: Running engine for game: murmel2
LogPlatformFile: Not using cached read wrapper
LogInit:Display: RandInit(1749591423) SRandInit(1749591423).
LogTaskGraph: Started task graph with 5 named threads and 8 total threads with 1 sets of task threads.
LogStats: Stats thread started at 0.076917
LogInit: Using libcurl 7.47.1
LogInit:  - built for x86_64-pc-win32
LogInit:  - supports SSL with OpenSSL/1.0.2g
LogInit:  - supports HTTP deflate (compression) using libz 1.2.8
LogInit:  - other features:
LogInit:      CURL_VERSION_SSL
LogInit:      CURL_VERSION_LIBZ
LogInit:      CURL_VERSION_IPV6
LogInit:      CURL_VERSION_ASYNCHDNS
LogInit:      CURL_VERSION_LARGEFILE
LogInit:      CURL_VERSION_IDN
LogInit:  CurlRequestOptions (configurable via config and command line):
LogInit:  - bVerifyPeer = false  - Libcurl will NOT verify peer certificate
LogInit:  - bUseHttpProxy = false  - Libcurl will NOT use HTTP proxy
LogInit:  - bDontReuseConnections = false  - Libcurl will reuse connections
LogInit:  - CertBundlePath = nullptr  - Libcurl will use whatever was configured at build time.
LogInit: Build: ++UE4+Release-4.15-CL-3348071
LogInit: Engine Version: 4.15.1-3348071+++UE4+Release-4.15
LogInit: Compatible Engine Version: 4.15.0-3299760+++UE4+Release-4.15
LogInit: Net CL: 3299760
LogDevObjectVersion: Number of dev versions registered: 14
LogDevObjectVersion:   Dev-Blueprints (B0D832E4-1F89-4F0D-ACCF-7EB736FD4AA2): 8
LogDevObjectVersion:   Dev-Build (E1C64328-A22C-4D53-A36C-8E866417BD8C): 0
LogDevObjectVersion:   Dev-Core (375EC13C-06E4-48FB-B500-84F0262A717E): 2
LogDevObjectVersion:   Dev-Editor (E4B068ED-F494-42E9-A231-DA0B2E46BB41): 14
LogDevObjectVersion:   Dev-Framework (CFFC743F-43B0-4480-9391-14DF171D2073): 22
LogDevObjectVersion:   Dev-Mobile (B02B49B5-BB20-44E9-A304-32B752E40360): 0
LogDevObjectVersion:   Dev-Networking (A4E4105C-59A1-49B5-A7C5-40C4547EDFEE): 0
LogDevObjectVersion:   Dev-Online (39C831C9-5AE6-47DC-9A44-9C173E1C8E7C): 0
LogDevObjectVersion:   Dev-Physics (78F01B33-EBEA-4F98-B9B4-84EACCB95AA2): 0
LogDevObjectVersion:   Dev-Platform (6631380F-2D4D-43E0-8009-CF276956A95A): 0
LogDevObjectVersion:   Dev-Rendering (12F88B9F-8875-4AFC-A67C-D90C383ABD29): 12
LogDevObjectVersion:   Dev-Sequencer (7B5AE74C-D270-4C10-A958-57980B212A5A): 3
LogDevObjectVersion:   Dev-VR (D7296918-1DD6-4BDD-9DE2-64A83CC13884): 0
LogDevObjectVersion:   Dev-LoadTimes (C2A15278-BFE7-4AFE-6C17-90FF531DF755): 1
LogInit: Compiled (64-bit): Mar 15 2017 16:52:47
LogInit: Compiled with Visual C++: 19.00.23026.00
LogInit: Build Configuration: Development
LogInit: Branch Name: ++UE4+Release-4.15
LogInit: Command line: 
LogInit: Base directory: D:/Program Files/Epic Games/UE_4.15/Engine/Binaries/Win64/
LogInit: Installed Engine Build: 1
LogInit: Presizing for max 8388607 objects, including 0 objects not considered by GC, pre-allocating 0 bytes for permanent pool.
LogInit: Object subsystem initialized
[2017.06.18-00.38.36:827][  0]LogInit: Selected Device Profile: [Windows]
[2017.06.18-00.38.36:827][  0]LogInit: Applying CVar settings loaded from the selected device profile: [Windows]
[2017.06.18-00.38.36:837][  0]LogInit: Computer: MAINFRAME
[2017.06.18-00.38.36:837][  0]LogInit: User: soba
[2017.06.18-00.38.36:837][  0]LogInit: CPU Page size=65536, Cores=4
[2017.06.18-00.38.36:837][  0]LogInit: High frequency timer resolution =3.515618 MHz
[2017.06.18-00.38.36:838][  0]LogMemory: Memory total: Physical=15.9GB (16GB approx)
[2017.06.18-00.38.36:838][  0]LogMemory: Platform Memory Stats for Windows
[2017.06.18-00.38.36:838][  0]LogMemory: Process Physical Memory: 264.00 MB used, 264.00 MB peak
[2017.06.18-00.38.36:838][  0]LogMemory: Process Virtual Memory: 262.70 MB used, 262.70 MB peak
[2017.06.18-00.38.36:838][  0]LogMemory: Physical Memory: 5963.60 MB used,  10281.66 MB free, 16245.26 MB total
[2017.06.18-00.38.36:838][  0]LogMemory: Virtual Memory: 644.84 MB used,  10281.66 MB free, 134217728.00 MB total
[2017.06.18-00.38.36:896][  0]LogTextLocalizationManager: No translations for ('de-DE') exist, falling back to 'en' for localization and internationalization data.
[2017.06.18-00.38.37:478][  0]LogD3D11RHI: D3D11 adapters:
[2017.06.18-00.38.37:501][  0]LogD3D11RHI:    0. 'NVIDIA GeForce GTX 970' (Feature Level 11_0)
[2017.06.18-00.38.37:501][  0]LogD3D11RHI:       4058/0/8122 MB DedicatedVideo/DedicatedSystem/SharedSystem, Outputs:3, VendorId:0x10de
[2017.06.18-00.38.37:506][  0]LogD3D11RHI:    1. 'Intel(R) HD Graphics 4600' (Feature Level 11_0)
[2017.06.18-00.38.37:506][  0]LogD3D11RHI:       112/0/2048 MB DedicatedVideo/DedicatedSystem/SharedSystem, Outputs:0, VendorId:0x8086
[2017.06.18-00.38.37:507][  0]LogD3D11RHI:    2. 'Microsoft Basic Render Driver' (Feature Level 11_0)
[2017.06.18-00.38.37:507][  0]LogD3D11RHI:       0/0/8122 MB DedicatedVideo/DedicatedSystem/SharedSystem, Outputs:0, VendorId:0x1414
[2017.06.18-00.38.37:507][  0]LogD3D11RHI: Chosen D3D11 Adapter: 0
[2017.06.18-00.38.37:510][  0]LogD3D11RHI: Creating new Direct3DDevice
[2017.06.18-00.38.37:510][  0]LogD3D11RHI:     GPU DeviceId: 0x13c2 (for the marketing name, search the web for "GPU Device Id")
[2017.06.18-00.38.37:510][  0]LogWindows: EnumDisplayDevices:
[2017.06.18-00.38.37:510][  0]LogWindows:    0. 'NVIDIA GeForce GTX 970' (P:1 D:1)
[2017.06.18-00.38.37:510][  0]LogWindows:    1. 'NVIDIA GeForce GTX 970' (P:0 D:1)
[2017.06.18-00.38.37:510][  0]LogWindows:    2. 'NVIDIA GeForce GTX 970' (P:0 D:1)
[2017.06.18-00.38.37:510][  0]LogWindows:    3. 'NVIDIA GeForce GTX 970' (P:0 D:0)
[2017.06.18-00.38.37:511][  0]LogWindows:    4. 'Intel(R) HD Graphics 4600' (P:0 D:0)
[2017.06.18-00.38.37:511][  0]LogWindows:    5. 'Intel(R) HD Graphics 4600' (P:0 D:0)
[2017.06.18-00.38.37:511][  0]LogWindows:    6. 'Intel(R) HD Graphics 4600' (P:0 D:0)
[2017.06.18-00.38.37:511][  0]LogWindows: DebugString: PrimaryIsNotTheChoosenAdapter PrimaryIsNotTheChoosenAdapter PrimaryIsNotTheChoosenAdapter FoundDriverCount:4 
[2017.06.18-00.38.37:511][  0]LogD3D11RHI:     Adapter Name: NVIDIA GeForce GTX 970
[2017.06.18-00.38.37:511][  0]LogD3D11RHI:   Driver Version: 376.53 (internal:21.21.13.7653, unified:376.53)
[2017.06.18-00.38.37:511][  0]LogD3D11RHI:      Driver Date: 12-29-2016
[2017.06.18-00.38.37:511][  0]LogRHI: Texture pool is 1361 MB (70% of 1945 MB)
[2017.06.18-00.38.37:524][  0]LogD3D11RHI: Async texture creation enabled
[2017.06.18-00.38.37:534][  0]LogD3D11RHI: GPU Timing Frequency: 1000.000000 (Debug: 2 1)
[2017.06.18-00.38.37:536][  0]LogD3D11RHI: HDR output is supported on display 0 (NvId: 0x80061081).
[2017.06.18-00.38.37:536][  0]LogShaderCompilers: Guid format shader working directory is -1 characters bigger than the processId version (../../../../../../Projects/UE/MurmelGame Alpha/Intermediate/Shaders/WorkingDirectory/6356/).
[2017.06.18-00.38.37:536][  0]LogShaderCompilers: Cleaned the shader compiler working directory 'C:/Users/soba/AppData/Local/Temp/UnrealShaderWorkingDir/414945624F7D001CDB5592974C3BD479/'.
[2017.06.18-00.38.37:536][  0]LogShaderCompilers:Display: Using Local Shader Compiler.
[2017.06.18-00.38.38:456][  0]LogTemp:Display: Loaded TP AllDesktopTargetPlatform
[2017.06.18-00.38.38:496][  0]LogTemp:Display: Loaded TP MacClientTargetPlatform
[2017.06.18-00.38.38:536][  0]LogTemp:Display: Loaded TP MacNoEditorTargetPlatform
[2017.06.18-00.38.38:576][  0]LogTemp:Display: Loaded TP MacServerTargetPlatform
[2017.06.18-00.38.38:616][  0]LogTemp:Display: Loaded TP MacTargetPlatform
[2017.06.18-00.38.38:655][  0]LogTemp:Display: Loaded TP WindowsClientTargetPlatform
[2017.06.18-00.38.38:695][  0]LogTemp:Display: Loaded TP WindowsNoEditorTargetPlatform
[2017.06.18-00.38.38:735][  0]LogTemp:Display: Loaded TP WindowsServerTargetPlatform
[2017.06.18-00.38.38:765][  0]LogTemp:Display: Loaded TP WindowsTargetPlatform
[2017.06.18-00.38.38:804][  0]LogTemp:Display: Loaded TP AndroidTargetPlatform
[2017.06.18-00.38.38:842][  0]LogTemp:Display: Loaded TP Android_ASTCTargetPlatform
[2017.06.18-00.38.38:879][  0]LogTemp:Display: Loaded TP Android_ATCTargetPlatform
[2017.06.18-00.38.38:919][  0]LogTemp:Display: Loaded TP Android_DXTTargetPlatform
[2017.06.18-00.38.38:957][  0]LogTemp:Display: Loaded TP Android_ETC1TargetPlatform
[2017.06.18-00.38.38:995][  0]LogTemp:Display: Loaded TP Android_ETC2TargetPlatform
[2017.06.18-00.38.39:071][  0]LogTemp:Display: Loaded TP Android_MultiTargetPlatform
[2017.06.18-00.38.39:071][  0]LogTemp:Display: Loaded TP Android_PVRTCTargetPlatform
[2017.06.18-00.38.39:095][  0]LogTemp:Display: Loaded TP HTML5TargetPlatform
[2017.06.18-00.38.39:170][  0]LogTemp:Display: Loaded TP IOSTargetPlatform
[2017.06.18-00.38.39:198][  0]LogTemp:Display: Loaded TP TVOSTargetPlatform
[2017.06.18-00.38.39:239][  0]LogTemp:Display: Loaded TP LinuxClientTargetPlatform
[2017.06.18-00.38.39:277][  0]LogTemp:Display: Loaded TP LinuxNoEditorTargetPlatform
[2017.06.18-00.38.39:315][  0]LogTemp:Display: Loaded TP LinuxServerTargetPlatform
[2017.06.18-00.38.39:355][  0]LogTemp:Display: Loaded TP LinuxTargetPlatform
[2017.06.18-00.38.39:355][  0]LogTargetPlatformManager:Display: Building Assets For Windows
[2017.06.18-00.38.39:642][  0]LogDerivedDataCache:Display: Max Cache Size: 512 MB
[2017.06.18-00.38.39:690][  0]LogDerivedDataCache: Loaded boot cache 0.05s 50MB C:/Users/soba/AppData/Local/UnrealEngine/4.15/DerivedDataCache/Boot.ddc.
[2017.06.18-00.38.39:690][  0]LogDerivedDataCache:Display: Loaded Boot cache: C:/Users/soba/AppData/Local/UnrealEngine/4.15/DerivedDataCache/Boot.ddc
[2017.06.18-00.38.39:690][  0]LogDerivedDataCache: FDerivedDataBackendGraph:  Pak pak cache file ../../../../../../Projects/UE/MurmelGame Alpha/DerivedDataCache/DDC.ddp not found, will not use a pak cache.
[2017.06.18-00.38.39:690][  0]LogDerivedDataCache: Unable to find inner node Pak for hierarchical cache Hierarchy.
[2017.06.18-00.38.39:690][  0]LogDerivedDataCache: FDerivedDataBackendGraph:  CompressedPak pak cache file ../../../../../../Projects/UE/MurmelGame Alpha/DerivedDataCache/Compressed.ddp not found, will not use a pak cache.
[2017.06.18-00.38.39:690][  0]LogDerivedDataCache: Unable to find inner node CompressedPak for hierarchical cache Hierarchy.
[2017.06.18-00.38.39:707][  0]LogDerivedDataCache:Display: Pak cache opened for reading ../../../Engine/DerivedDataCache/Compressed.ddp.
[2017.06.18-00.38.39:719][  0]LogDerivedDataCache: Using Local data cache path C:/Users/soba/AppData/Local/UnrealEngine/Common/DerivedDataCache: Writable
[2017.06.18-00.38.39:727][  0]LogSlate: Using Freetype 2.6.0
[2017.06.18-00.38.39:728][  0]LogSlate: SlateFontCache - WITH_FREETYPE: 1, WITH_HARFBUZZ: 1
[2017.06.18-00.38.39:728][  0]LogSlate: SlateFontCache - WITH_FREETYPE: 1, WITH_HARFBUZZ: 1
[2017.06.18-00.38.39:966][  0]LogInit: Selected Device Profile: [Windows]
[2017.06.18-00.38.39:969][  0]LogContentStreaming: Texture pool size is 0.00 MB
[2017.06.18-00.38.40:131][  0]LogMeshUtilities: Using QuadricMeshReduction for automatic static mesh reduction
[2017.06.18-00.38.40:160][  0]LogSimplygon: Simplygon DLL not present - disabling.
[2017.06.18-00.38.40:191][  0]LogMeshUtilities: Using SimplygonSwarm for distributed automatic mesh merging
[2017.06.18-00.38.40:191][  0]LogMeshUtilities: No automatic skeletal mesh reduction module available
[2017.06.18-00.38.40:191][  0]LogMeshUtilities: No automatic mesh merging module available
[2017.06.18-00.38.40:628][  0]LogNetVersion: GetLocalNetworkVersion: CL: 3299760, ProjectName: murmel2, ProjectVersion: , EngineNetworkVersion: 2, GameNetworkVersion: 0, NetworkChecksum: 3639395430
[2017.06.18-00.38.40:665][  0]LogAssetRegistry: FAssetRegistry took 0.0210 seconds to start up
[2017.06.18-00.38.40:690][  0]LogPackageLocalizationCache: Processed 3 localized package path(s) for 1 prioritized culture(s) in 0.009971 seconds
[2017.06.18-00.38.40:696][  0]LogUObjectArray: 32494 objects as part of root set at end of initial load.
[2017.06.18-00.38.40:696][  0]LogUObjectAllocator: 7077256 out of 0 bytes used by permanent object pool.
[2017.06.18-00.38.40:696][  0]LogUObjectArray: CloseDisregardForGC: 0/0 objects in disregard for GC pool
[2017.06.18-00.38.40:738][  0]LogInit: WinSock: version 1.1 (2.2), MaxSocks=32767, MaxUdp=65467
[2017.06.18-00.38.41:873][  0]LogTcpMessaging: Initializing TcpMessaging bridge
[2017.06.18-00.38.41:903][  0]LogUdpMessaging: Initializing bridge on interface 0.0.0.0:0 to multicast group 230.0.0.1:6666.
[2017.06.18-00.38.42:219][  0]LogMaterial: Uniform references updated for custom material expression Custom.
[2017.06.18-00.38.42:478][  0]SourceControl: Info Source control is disabled
[2017.06.18-00.38.43:060][  0]LogLinker:Warning: Can't find file '/Game/RollingBP/RollingOverview'
[2017.06.18-00.38.43:060][  0]LogLinker:Warning: Can't find file '/Game/RollingBP/RollingOverview'
[2017.06.18-00.38.43:060][  0]LogUObjectGlobals:Warning: Failed to find object 'Class /Game/RollingBP/RollingOverview.RollingOverview_C'
[2017.06.18-00.38.43:702][  0]LogEngine: Initializing Engine...
[2017.06.18-00.38.43:702][  0]LogHMD: Failed to initialize OpenVR with code 110
[2017.06.18-00.38.43:873][  0]LogAIModule: Creating AISystem for world Untitled
[2017.06.18-00.38.43:883][  0]LogInit: XAudio2 using 'Speakers (Realtek High Definition Audio)' : 2 channels at 48 kHz using 32 bits per sample (channel mask 0x3)
[2017.06.18-00.38.43:893][  0]LogInit: FAudioDevice initialized.
[2017.06.18-00.38.43:918][  0]LogDerivedDataCache: Saved boot cache 0.03s 50MB C:/Users/soba/AppData/Local/UnrealEngine/4.15/DerivedDataCache/Boot.ddc.
[2017.06.18-00.38.43:945][  0]LogInit: Texture streaming: Enabled
[2017.06.18-00.38.44:008][  0]LogEngineSessionManager: EngineSessionManager initialized
[2017.06.18-00.38.44:064][  0]LogInit: Transaction tracking system initialized
[2017.06.18-00.38.44:281][  0]BlueprintLog: New page: Editor Load
[2017.06.18-00.38.44:831][  0]LocalizationService: Info Localization service is disabled
[2017.06.18-00.38.45:258][  0]LogConsoleResponse:Display: 
[2017.06.18-00.38.45:358][  0]LogCook:Display: Max memory allowance for cook 16384mb min free memory 0mb
[2017.06.18-00.38.45:358][  0]LogCook:Display: Mobile HDR setting 1
[2017.06.18-00.38.45:984][  0]LogFileCache: Scanning file cache for directory 'D:/Projects/UE/MurmelGame Alpha/Content/' took 0.01s
[2017.06.18-00.38.46:125][  0]Cmd: MAP LOAD FILE="../../../Engine/Content/Maps/Templates/Template_Default.umap" TEMPLATE=1 SHOWPROGRESS=1 FEATURELEVEL=3
[2017.06.18-00.38.46:126][  0]LightingResults: New page: Lighting Build
[2017.06.18-00.38.46:151][  0]MapCheck: New page: Map Check
[2017.06.18-00.38.46:151][  0]LightingResults: New page: Lighting Build
[2017.06.18-00.38.46:320][  0]LogAIModule: Creating AISystem for world Untitled_1
[2017.06.18-00.38.46:338][  0]LogActorComponent: RegisterComponentWithWorld: (/Temp/Untitled_1.Untitled_1:PersistentLevel.WorldSettings_1.StaticMeshComponent0) Trying to register component with IsPendingKill() == true. Aborting.
[2017.06.18-00.38.46:341][  0]LogEditorServer: Finished looking for orphan Actors (0.000 secs)
[2017.06.18-00.38.46:344][  0]Cmd: MAP CHECKDEP NOCLEARLOG
[2017.06.18-00.38.46:370][  0]MapCheck: Info Map check complete: 0 Error(s), 0 Warning(s), took 25.795ms to complete.
[2017.06.18-00.38.46:370][  0]LogFileHelpers: Loading map 'Template_Default' took 0.244
[2017.06.18-00.38.46:438][  0]LogWindowsTextInputMethodSystem:Display: IME system now deactivated.
[2017.06.18-00.38.46:556][  0]LogCollectionManager: Loaded 1 collections in 0.001218 seconds
[2017.06.18-00.38.46:627][  0]LogFileCache: Scanning file cache for directory 'D:/Projects/UE/MurmelGame Alpha/Saved/Collections/' took 0.01s
[2017.06.18-00.38.46:627][  0]LogFileCache: Scanning file cache for directory 'D:/Projects/UE/MurmelGame Alpha/Content/Developers/soba/Collections/' took 0.01s
[2017.06.18-00.38.46:627][  0]LogFileCache: Scanning file cache for directory 'D:/Projects/UE/MurmelGame Alpha/Content/Collections/' took 0.01s
[2017.06.18-00.38.46:627][  0]LogCollectionManager: Rebuilt the GUID cache for 1 collections in 0.000003 seconds
[2017.06.18-00.38.46:627][  0]LogCollectionManager: Rebuilt the hierarchy cache for 1 collections in 0.000000 seconds
[2017.06.18-00.38.46:636][  0]LogContentBrowser: Native class hierarchy populated in 0.0086 seconds. Added 2246 classes and 456 folders.
[2017.06.18-00.38.46:638][  0]LogStats: UGameplayTagsManager::ConstructGameplayTagTree: Construct from data asset -  0.000 s
[2017.06.18-00.38.46:638][  0]LogStats: UGameplayTagsManager::ConstructGameplayTagTree: GameplayTagTreeChangedEvent.Broadcast -  0.000 s
[2017.06.18-00.38.46:677][  0]LogContentBrowser: Native class hierarchy updated for 'WidgetCarousel' in 0.0005 seconds. Added 0 classes and 0 folders.
[2017.06.18-00.38.46:707][  0]LogContentBrowser: Native class hierarchy updated for 'AddContentDialog' in 0.0004 seconds. Added 0 classes and 0 folders.
[2017.06.18-00.38.46:736][  0]LogContentBrowser: Native class hierarchy updated for 'SceneOutliner' in 0.0004 seconds. Added 1 classes and 2 folders.
[2017.06.18-00.38.46:821][  0]LogCrashTracker: Crashtracker disabled due to settings.
[2017.06.18-00.38.46:826][  0]LogUObjectGlobals:Warning: Failed to find object 'Class None.'
[2017.06.18-00.38.46:875][  0]LogContentBrowser: Native class hierarchy updated for 'HierarchicalLODOutliner' in 0.0004 seconds. Added 1 classes and 2 folders.
[2017.06.18-00.38.46:876][  0]LogLoad: (Engine Initialization) Total time: 11.67 seconds
[2017.06.18-00.38.46:876][  0]LogLoad: (Engine Initialization) Total Blueprint compile time: 0.07 seconds
[2017.06.18-00.38.46:876][  0]LogExternalProfiler: No external profilers were discovered.  External profiling features will not be available.
[2017.06.18-00.38.46:885][  0]LogOcInput: OculusInput pre-init called
[2017.06.18-00.38.46:905][  0]SourceControl: Info On branch master
[2017.06.18-00.38.46:905][  0]SourceControl: Info Your branch is ahead of 'origin/master' by 1 commit.
[2017.06.18-00.38.46:905][  0]SourceControl: Info   (use "git push" to publish your local commits)
[2017.06.18-00.38.46:905][  0]SourceControl: Info Changes not staged for commit:
[2017.06.18-00.38.46:905][  0]SourceControl: Info   (use "git add/rm <file>..." to update what will be committed)
[2017.06.18-00.38.46:905][  0]SourceControl: Info   (use "git checkout -- <file>..." to discard changes in working directory)
[2017.06.18-00.38.46:905][  0]SourceControl: Info 	modified:   "Content/Artwork/materials/Kristall_Gr\303\274n.uasset"
[2017.06.18-00.38.46:905][  0]SourceControl: Info 	modified:   Intermediate/CachedAssetRegistry.bin
[2017.06.18-00.38.46:905][  0]SourceControl: Info 	modified:   Saved/AutoScreenshot.png
[2017.06.18-00.38.46:905][  0]SourceControl: Info 	modified:   Saved/Autosaves/PackageRestoreData.json
[2017.06.18-00.38.46:905][  0]SourceControl: Info 	modified:   Saved/Config/Windows/EditorPerProjectUserSettings.ini
[2017.06.18-00.38.46:905][  0]SourceControl: Info 	deleted:    Saved/Logs/murmel2-backup-2017.06.16-20.41.33.log
[2017.06.18-00.38.46:905][  0]SourceControl: Info 	modified:   Saved/Logs/murmel2.log
[2017.06.18-00.38.46:905][  0]SourceControl: Info Untracked files:
[2017.06.18-00.38.46:905][  0]SourceControl: Info   (use "git add <file>..." to include in what will be committed)
[2017.06.18-00.38.46:905][  0]SourceControl: Info 	"Saved/Backup/Kristall_Gr\303\274n_2017-06-18-02-09-14.uasset"
[2017.06.18-00.38.46:905][  0]SourceControl: Info 	Saved/Backup/Kristall_Rot_2017-06-18-02-10-58.uasset
[2017.06.18-00.38.46:905][  0]SourceControl: Info 	Saved/Backup/Rock_M_2017-06-18-01-55-24.uasset
[2017.06.18-00.38.46:905][  0]SourceControl: Info 	Saved/Backup/Volcano_2017-06-18-01-52-48.umap
[2017.06.18-00.38.46:905][  0]SourceControl: Info 	Saved/Backup/Volcano_2017-06-18-01-58-06.umap
[2017.06.18-00.38.46:905][  0]SourceControl: Info 	Saved/Backup/Volcano_2017-06-18-02-03-13.umap
[2017.06.18-00.38.46:905][  0]SourceControl: Info 	Saved/Backup/Volcano_2017-06-18-02-08-54.umap
[2017.06.18-00.38.46:905][  0]SourceControl: Info 	Saved/Backup/Volcano_2017-06-18-02-26-49.umap
[2017.06.18-00.38.46:905][  0]SourceControl: Info 	Saved/Backup/Volcano_Rock_Inst_2017-06-18-01-57-51.uasset
[2017.06.18-00.38.46:905][  0]SourceControl: Info 	Saved/Backup/Volcano_Rock_Inst_2017-06-18-02-10-58.uasset
[2017.06.18-00.38.46:905][  0]SourceControl: Info 	Saved/Logs/UE4CC-Windows-DF9FB0FF49ED92BAB2334FB91C39A87D/
[2017.06.18-00.38.46:905][  0]SourceControl: Info 	Saved/Logs/murmel2-backup-2017.06.18-02.38.36.log
[2017.06.18-00.38.46:905][  0]SourceControl: Info no changes added to commit (use "git add" and/or "git commit -a")
[2017.06.18-00.38.46:905][  0]LogContentStreaming: Texture pool size now 1000 MB
[2017.06.18-00.38.46:906][  0]LogSlate: Took 0.000189 seconds to synchronously load lazily loaded font '../../../Engine/Content/Slate/Fonts/Roboto-Regular.ttf' (155K)
[2017.06.18-00.38.46:909][  0]LogSlate: Took 0.000221 seconds to synchronously load lazily loaded font '../../../Engine/Content/Slate/Fonts/Roboto-Bold.ttf' (160K)
[2017.06.18-00.38.46:913][  0]LogSlate: Took 0.000157 seconds to synchronously load lazily loaded font '../../../Engine/Content/Editor/Slate/Fonts/FontAwesome.ttf' (139K)
[2017.06.18-00.38.47:030][  0]LogSlate: Took 0.000168 seconds to synchronously load lazily loaded font '../../../Engine/Content/Slate/Fonts/Roboto-Light.ttf' (159K)
[2017.06.18-00.38.47:061][  0]LogRenderer: Reallocating scene render targets to support 1124x660 NumSamples 1 (Frame:2).
[2017.06.18-00.38.47:108][  1]LogAssetRegistry: Asset discovery search completed in 6.4644 seconds
[2017.06.18-00.38.47:108][  1]LogCollectionManager: Rebuilt the object cache for 1 collections in 0.000004 seconds (found 0 objects)
[2017.06.18-00.38.47:108][  1]LogCollectionManager: Fixed up redirectors for 1 collections in 0.000014 seconds (updated 0 objects)
[2017.06.18-00.38.47:929][ 92]LogSlate: Took 0.000179 seconds to synchronously load lazily loaded font '../../../Engine/Content/Slate/Fonts/Roboto-Light.ttf' (159K)
[2017.06.18-00.38.54:594][871]LogSlate: Took 0.000135 seconds to synchronously load lazily loaded font '../../../Engine/Content/Slate/Fonts/Roboto-Light.ttf' (159K)
[2017.06.18-00.38.54:717][871]LogAIModule: Creating AISystem for world Volcano
[2017.06.18-00.38.54:719][871]LogMaterial:Warning: Material /Game/Artwork/materials/Kristall_M.Kristall_M needed to have new flag set bUsedWithInstancedStaticMeshes !
[2017.06.18-00.38.54:722][871]LogMaterial: Missing cached shader map for material Kristall_M, compiling. 
[2017.06.18-00.38.54:723][871]LogTemp:Display: Added material ShaderMap 0x000001EE17A56B00 with Material 0x000001EE07CD0100 to ShaderMapsBeingCompiled
[2017.06.18-00.38.54:765][871]LogTemp:Display: Kicking off shader compilation for Kristall_M, GameThreadShaderMap 0x000001EE17A56B00
[2017.06.18-00.38.54:766][871]MapCheck:Warning: Warning Kristall_M Material /Game/Artwork/materials/Kristall_M.Kristall_M was missing the usage flag bUsedWithInstancedStaticMeshes. If the material asset is not re-saved, it may not render correctly when run outside the editor. Fix
[2017.06.18-00.38.54:784][871]LogMaterial: 0.00 seconds spent updating 1 materials, 1 interfaces, 0 instances, 0 with static permutations.
[2017.06.18-00.38.54:810][871]Cmd: MAP LOAD FILE="../../../../../../Projects/UE/MurmelGame Alpha/Content/maps/Volcano.umap" TEMPLATE=0 SHOWPROGRESS=1 FEATURELEVEL=3
[2017.06.18-00.38.54:810][871]LightingResults: New page: Lighting Build
[2017.06.18-00.38.54:813][871]LoadErrors: New page: Loading map: Volcano.umap
[2017.06.18-00.38.54:813][871]MapCheck: New page: Map Check
[2017.06.18-00.38.54:813][871]LightingResults: New page: Lighting Build
[2017.06.18-00.38.54:904][871]LogEditorServer: Finished looking for orphan Actors (0.000 secs)
[2017.06.18-00.38.54:960][871]Cmd: MAP CHECKDEP NOCLEARLOG
[2017.06.18-00.38.55:000][871]MapCheck: Info Map check complete: 0 Error(s), 0 Warning(s), took 39.716ms to complete.
[2017.06.18-00.38.55:001][871]LogFileHelpers: Loading map 'Volcano' took 0.192
[2017.06.18-00.39.11:660][526]LogTemp:Display: Finished compile of shader map 0x000001EE17A56B00
[2017.06.18-00.39.11:660][526]LogTemp:Display: Shader map Kristall_M complete, GameThreadShaderMap 0x000001EE17A56B00, marking material Kristall_M as finished
[2017.06.18-00.39.11:660][526]LogTemp:Display: Marking material as finished 0x000001EE07CD0100
[2017.06.18-00.43.41:737][334]LogWindowsTextInputMethodSystem:Display: IME system now deactivated.
[2017.06.18-00.43.41:965][335]Cmd: QUIT_EDITOR
[2017.06.18-00.43.42:013][335]LogExit: Preparing to exit.
[2017.06.18-00.43.43:126][335]LogDirectoryWatcher: A directory notification for 'D:/Projects/UE/MurmelGame Alpha/Content/' was aborted.
[2017.06.18-00.43.43:140][335]LogExit: Editor shut down
[2017.06.18-00.43.43:140][335]LogExit: Transaction tracking system shut down
[2017.06.18-00.43.43:194][335]LogObj: Freed 0b from 0 cluster array pools.
[2017.06.18-00.43.43:194][335]LogExit: Object subsystem successfully closed.
[2017.06.18-00.43.43:229][335]LogD3D11RHI: Shutdown
[2017.06.18-00.43.43:229][335]LogD3D11RHI: CleanupD3DDevice
[2017.06.18-00.43.43:280][335]LogD3D11RHI: ~FD3D11DynamicRHI
[2017.06.18-00.43.43:286][335]LogModuleManager: Shutting down and abandoning module HierarchicalLODOutliner (500)
[2017.06.18-00.43.43:286][335]LogModuleManager: Shutting down and abandoning module CrashTracker (498)
[2017.06.18-00.43.43:286][335]LogModuleManager: Shutting down and abandoning module SceneOutliner (496)
[2017.06.18-00.43.43:286][335]LogModuleManager: Shutting down and abandoning module AddContentDialog (494)
[2017.06.18-00.43.43:286][335]LogDirectoryWatcher: A directory notification for 'D:/Program Files/Epic Games/UE_4.15/FeaturePacks/' was aborted.
[2017.06.18-00.43.43:286][335]LogModuleManager: Shutting down and abandoning module WidgetCarousel (493)
[2017.06.18-00.43.43:286][335]LogModuleManager: Shutting down and abandoning module EditorWidgets (490)
[2017.06.18-00.43.43:286][335]LogModuleManager: Shutting down and abandoning module CollectionManager (488)
[2017.06.18-00.43.43:287][335]LogDirectoryWatcher: A directory notification for 'D:/Projects/UE/MurmelGame Alpha/Content/Collections/' was aborted.
[2017.06.18-00.43.43:287][335]LogDirectoryWatcher: A directory notification for 'D:/Projects/UE/MurmelGame Alpha/Content/Developers/soba/Collections/' was aborted.
[2017.06.18-00.43.43:287][335]LogDirectoryWatcher: A directory notification for 'D:/Projects/UE/MurmelGame Alpha/Saved/Collections/' was aborted.
[2017.06.18-00.43.43:287][335]LogModuleManager: Shutting down and abandoning module StatsViewer (486)
[2017.06.18-00.43.43:287][335]LogModuleManager: Shutting down and abandoning module FoliageEdit (484)
[2017.06.18-00.43.43:287][335]LogModuleManager: Shutting down and abandoning module LandscapeEditor (482)
[2017.06.18-00.43.43:287][335]LogModuleManager: Shutting down and abandoning module SceneDepthPickerMode (480)
[2017.06.18-00.43.43:287][335]LogModuleManager: Shutting down and abandoning module ActorPickerMode (478)
[2017.06.18-00.43.43:287][335]LogModuleManager: Shutting down and abandoning module GeometryMode (476)
[2017.06.18-00.43.43:287][335]LogModuleManager: Shutting down and abandoning module TextureAlignMode (474)
[2017.06.18-00.43.43:287][335]LogModuleManager: Shutting down and abandoning module BspMode (472)
[2017.06.18-00.43.43:287][335]LogModuleManager: Shutting down and abandoning module HardwareSurvey (470)
[2017.06.18-00.43.43:287][335]LogModuleManager: Shutting down and abandoning module SequenceRecorderSections (468)
[2017.06.18-00.43.43:287][335]LogModuleManager: Shutting down and abandoning module AutomationWorker (466)
[2017.06.18-00.43.43:287][335]LogModuleManager: Shutting down and abandoning module MatineeToLevelSequence (464)
[2017.06.18-00.43.43:287][335]LogModuleManager: Shutting down and abandoning module LevelSequenceEditor (462)
[2017.06.18-00.43.43:287][335]LogModuleManager: Shutting down and abandoning module PlacementMode (461)
[2017.06.18-00.43.43:287][335]LogModuleManager: Shutting down and abandoning module WmfMediaFactory (458)
[2017.06.18-00.43.43:287][335]LogModuleManager: Shutting down and abandoning module WmfMediaEditor (456)
[2017.06.18-00.43.43:287][335]LogModuleManager: Shutting down and abandoning module MfMediaFactory (454)
[2017.06.18-00.43.43:287][335]LogModuleManager: Shutting down and abandoning module MfMediaEditor (452)
[2017.06.18-00.43.43:287][335]LogModuleManager: Shutting down and abandoning module AvfMediaFactory (450)
[2017.06.18-00.43.43:287][335]LogModuleManager: Shutting down and abandoning module AvfMediaEditor (448)
[2017.06.18-00.43.43:287][335]LogModuleManager: Shutting down and abandoning module AndroidMediaFactory (446)
[2017.06.18-00.43.43:287][335]LogModuleManager: Shutting down and abandoning module Media (445)
[2017.06.18-00.43.43:287][335]LogModuleManager: Shutting down and abandoning module AndroidMediaEditor (442)
[2017.06.18-00.43.43:287][335]LogModuleManager: Shutting down and abandoning module CharacterAI (440)
[2017.06.18-00.43.43:287][335]LogModuleManager: Shutting down and abandoning module AudioCapture (438)
[2017.06.18-00.43.43:287][335]LogModuleManager: Shutting down and abandoning module SequenceRecorder (437)
[2017.06.18-00.43.43:287][335]LogModuleManager: Shutting down and abandoning module SmartSnapping (434)
[2017.06.18-00.43.43:287][335]LogModuleManager: Shutting down and abandoning module SessionServices (432)
[2017.06.18-00.43.43:287][335]LogModuleManager: Shutting down and abandoning module ViewportSnapping (430)
[2017.06.18-00.43.43:287][335]LogModuleManager: Shutting down and abandoning module ViewportInteraction (428)
[2017.06.18-00.43.43:287][335]LogModuleManager: Shutting down and abandoning module LogVisualizer (426)
[2017.06.18-00.43.43:287][335]LogModuleManager: Shutting down and abandoning module IntroTutorials (424)
[2017.06.18-00.43.43:287][335]LogModuleManager: Shutting down and abandoning module GameProjectGeneration (423)
[2017.06.18-00.43.43:287][335]LogModuleManager: Shutting down and abandoning module EditorLiveStreaming (420)
[2017.06.18-00.43.43:287][335]LogModuleManager: Shutting down and abandoning module IOSPlatformEditor (418)
[2017.06.18-00.43.43:287][335]LogModuleManager: Shutting down and abandoning module HTML5PlatformEditor (416)
[2017.06.18-00.43.43:287][335]LogModuleManager: Shutting down and abandoning module AndroidPlatformEditor (414)
[2017.06.18-00.43.43:288][335]LogModuleManager: Shutting down and abandoning module AndroidDeviceDetection (413)
[2017.06.18-00.43.44:185][335]LogModuleManager: Shutting down and abandoning module IOSRuntimeSettings (410)
[2017.06.18-00.43.44:185][335]LogModuleManager: Shutting down and abandoning module AndroidRuntimeSettings (408)
[2017.06.18-00.43.44:185][335]LogModuleManager: Shutting down and abandoning module InputBindingEditor (406)
[2017.06.18-00.43.44:186][335]LogModuleManager: Shutting down and abandoning module NiagaraEditor (404)
[2017.06.18-00.43.44:186][335]LogModuleManager: Shutting down and abandoning module MergeActors (402)
[2017.06.18-00.43.44:186][335]LogModuleManager: Shutting down and abandoning module SizeMap (400)
[2017.06.18-00.43.44:186][335]LogModuleManager: Shutting down and abandoning module TreeMap (398)
[2017.06.18-00.43.44:186][335]LogModuleManager: Shutting down and abandoning module ReferenceViewer (396)
[2017.06.18-00.43.44:186][335]LogModuleManager: Shutting down and abandoning module LocalizationDashboard (394)
[2017.06.18-00.43.44:186][335]LogModuleManager: Shutting down and abandoning module LocalizationService (393)
[2017.06.18-00.43.44:186][335]LogModuleManager: Shutting down and abandoning module HardwareTargeting (390)
[2017.06.18-00.43.44:186][335]LogModuleManager: Shutting down and abandoning module DeviceProfileEditor (388)
[2017.06.18-00.43.44:186][335]LogModuleManager: Shutting down and abandoning module UndoHistory (386)
[2017.06.18-00.43.44:186][335]LogModuleManager: Shutting down and abandoning module UserFeedback (384)
[2017.06.18-00.43.44:186][335]LogModuleManager: Shutting down and abandoning module XmlParser (382)
[2017.06.18-00.43.44:186][335]LogModuleManager: Shutting down and abandoning module Blutility (380)
[2017.06.18-00.43.44:186][335]LogModuleManager: Shutting down and abandoning module ProjectSettingsViewer (378)
[2017.06.18-00.43.44:186][335]LogModuleManager: Shutting down and abandoning module ProjectTargetPlatformEditor (377)
[2017.06.18-00.43.44:186][335]LogModuleManager: Shutting down and abandoning module EditorSettingsViewer (374)
[2017.06.18-00.43.44:186][335]LogModuleManager: Shutting down and abandoning module SettingsEditor (372)
[2017.06.18-00.43.44:186][335]LogModuleManager: Shutting down and abandoning module ProjectLauncher (370)
[2017.06.18-00.43.44:186][335]LogModuleManager: Shutting down and abandoning module SessionFrontend (368)
[2017.06.18-00.43.44:186][335]LogModuleManager: Shutting down and abandoning module ProfilerClient (366)
[2017.06.18-00.43.44:186][335]LogModuleManager: Shutting down and abandoning module DeviceManager (364)
[2017.06.18-00.43.44:186][335]LogModuleManager: Shutting down and abandoning module TargetDeviceServices (363)
[2017.06.18-00.43.44:228][335]LogModuleManager: Shutting down and abandoning module AutomationController (360)
[2017.06.18-00.43.44:228][335]LogModuleManager: Shutting down and abandoning module AutomationWindow (358)
[2017.06.18-00.43.44:228][335]LogModuleManager: Shutting down and abandoning module Layers (356)
[2017.06.18-00.43.44:228][335]LogModuleManager: Shutting down and abandoning module ComponentVisualizers (354)
[2017.06.18-00.43.44:228][335]LogModuleManager: Shutting down and abandoning module DetailCustomizations (352)
[2017.06.18-00.43.44:228][335]LogModuleManager: Shutting down and abandoning module PackagesDialog (350)
[2017.06.18-00.43.44:228][335]LogModuleManager: Shutting down and abandoning module Persona (348)
[2017.06.18-00.43.44:228][335]LogModuleManager: Shutting down and abandoning module AnimGraph (347)
[2017.06.18-00.43.44:228][335]LogModuleManager: Shutting down and abandoning module Kismet (344)
[2017.06.18-00.43.44:228][335]LogModuleManager: Shutting down and abandoning module GraphEditor (342)
[2017.06.18-00.43.44:228][335]LogModuleManager: Shutting down and abandoning module ClassViewer (340)
[2017.06.18-00.43.44:228][335]LogModuleManager: Shutting down and abandoning module Toolbox (338)
[2017.06.18-00.43.44:228][335]LogModuleManager: Shutting down and abandoning module ModuleUI (336)
[2017.06.18-00.43.44:228][335]LogModuleManager: Shutting down and abandoning module MovieSceneTools (334)
[2017.06.18-00.43.44:228][335]LogModuleManager: Shutting down and abandoning module OutputLog (332)
[2017.06.18-00.43.44:228][335]LogModuleManager: Shutting down and abandoning module GammaUI (330)
[2017.06.18-00.43.44:228][335]LogModuleManager: Shutting down and abandoning module Documentation (328)
[2017.06.18-00.43.44:228][335]LogModuleManager: Shutting down and abandoning module Niagara (326)
[2017.06.18-00.43.44:228][335]LogModuleManager: Shutting down and abandoning module StreamingPauseRendering (324)
[2017.06.18-00.43.44:228][335]LogModuleManager: Shutting down and abandoning module AnalyticsET (322)
[2017.06.18-00.43.44:228][335]LogModuleManager: Shutting down and abandoning module PortalServices (320)
[2017.06.18-00.43.44:228][335]LogModuleManager: Shutting down and abandoning module PortalRpc (318)
[2017.06.18-00.43.44:228][335]LogModuleManager: Shutting down and abandoning module MessagingRpc (316)
[2017.06.18-00.43.44:228][335]LogModuleManager: Shutting down and abandoning module AIModule (314)
[2017.06.18-00.43.44:228][335]LogModuleManager: Shutting down and abandoning module GameplayDebugger (313)
[2017.06.18-00.43.44:228][335]LogModuleManager: Shutting down and abandoning module AITestSuite (311)
[2017.06.18-00.43.44:228][335]LogModuleManager: Shutting down and abandoning module ProfilerService (308)
[2017.06.18-00.43.44:325][335]LogModuleManager: Shutting down and abandoning module TaskGraph (306)
[2017.06.18-00.43.44:325][335]LogModuleManager: Shutting down and abandoning module SteamVRController (304)
[2017.06.18-00.43.44:325][335]LogModuleManager: Shutting down and abandoning module SteamVR (302)
[2017.06.18-00.43.44:325][335]LogModuleManager: Shutting down and abandoning module SoundVisualizations (300)
[2017.06.18-00.43.44:325][335]LogModuleManager: Shutting down and abandoning module ProceduralMeshComponentEditor (298)
[2017.06.18-00.43.44:325][335]LogModuleManager: Shutting down and abandoning module ProceduralMeshComponent (296)
[2017.06.18-00.43.44:325][335]LogModuleManager: Shutting down and abandoning module OculusLibrary (294)
[2017.06.18-00.43.44:325][335]LogModuleManager: Shutting down and abandoning module OculusInput (292)
[2017.06.18-00.43.44:325][335]LogModuleManager: Shutting down and abandoning module MobilePatchingUtils (290)
[2017.06.18-00.43.44:325][335]LogModuleManager: Shutting down and abandoning module CustomMeshComponent (288)
[2017.06.18-00.43.44:325][335]LogModuleManager: Shutting down and abandoning module CableComponent (286)
[2017.06.18-00.43.44:325][335]LogModuleManager: Shutting down and abandoning module ArchVisCharacter (284)
[2017.06.18-00.43.44:325][335]LogModuleManager: Shutting down and abandoning module MediaPlayerEditor (280)
[2017.06.18-00.43.44:325][335]LogModuleManager: Shutting down and abandoning module HTML5Networking (278)
[2017.06.18-00.43.44:325][335]LogModuleManager: Shutting down and abandoning module AlembicImporter (276)
[2017.06.18-00.43.44:325][335]LogModuleManager: Shutting down and abandoning module AlembicLibrary (275)
[2017.06.18-00.43.44:325][335]LogModuleManager: Shutting down and abandoning module GeometryCache (274)
[2017.06.18-00.43.44:325][335]LogModuleManager: Shutting down and abandoning module GeometryCacheEd (273)
[2017.06.18-00.43.44:325][335]LogModuleManager: Shutting down and abandoning module SuperSearchEditor (268)
[2017.06.18-00.43.44:325][335]LogModuleManager: Shutting down and abandoning module SuperSearch (267)
[2017.06.18-00.43.44:325][335]LogModuleManager: Shutting down and abandoning module SpeedTreeImporter (264)
[2017.06.18-00.43.44:325][335]LogModuleManager: Shutting down and abandoning module PluginBrowser (262)
[2017.06.18-00.43.44:325][335]LogModuleManager: Shutting down and abandoning module MobileLauncherProfileWizard (260)
[2017.06.18-00.43.44:325][335]LogModuleManager: Shutting down and abandoning module EpicSurvey (258)
[2017.06.18-00.43.44:325][335]LogModuleManager: Shutting down and abandoning module VisualStudioSourceCodeAccess (256)
[2017.06.18-00.43.44:325][335]LogModuleManager: Shutting down and abandoning module DesktopPlatform (255)
[2017.06.18-00.43.44:325][335]LogModuleManager: Shutting down and abandoning module UObjectPlugin (252)
[2017.06.18-00.43.44:325][335]LogModuleManager: Shutting down and abandoning module SubversionSourceControl (250)
[2017.06.18-00.43.44:325][335]LogModuleManager: Shutting down and abandoning module PerforceSourceControl (248)
[2017.06.18-00.43.44:325][335]LogModuleManager: Shutting down and abandoning module GitSourceControl (246)
[2017.06.18-00.43.44:325][335]LogModuleManager: Shutting down and abandoning module SourceControl (245)
[2017.06.18-00.43.44:325][335]LogModuleManager: Shutting down and abandoning module LightPropagationVolumeEditor (242)
[2017.06.18-00.43.44:325][335]LogModuleManager: Shutting down and abandoning module PaperTiledImporter (240)
[2017.06.18-00.43.44:325][335]LogModuleManager: Shutting down and abandoning module PaperSpriteSheetImporter (238)
[2017.06.18-00.43.44:325][335]LogModuleManager: Shutting down and abandoning module Paper2DEditor (236)
[2017.06.18-00.43.44:325][335]LogModuleManager: Shutting down and abandoning module MeshPaint (235)
[2017.06.18-00.43.44:325][335]LogModuleManager: Shutting down and abandoning module LevelEditor (233)
[2017.06.18-00.43.44:326][335]LogModuleManager: Shutting down and abandoning module PixelInspectorModule (232)
[2017.06.18-00.43.44:326][335]LogModuleManager: Shutting down and abandoning module MainFrame (230)
[2017.06.18-00.43.44:326][335]LogModuleManager: Shutting down and abandoning module HotReload (229)
[2017.06.18-00.43.44:326][335]LogModuleManager: Shutting down and abandoning module ContentBrowser (225)
[2017.06.18-00.43.44:327][335]LogModuleManager: Shutting down and abandoning module PhysXVehiclesEditor (222)
[2017.06.18-00.43.44:327][335]LogModuleManager: Shutting down and abandoning module PhysXVehicles (220)
[2017.06.18-00.43.44:327][335]LogModuleManager: Shutting down and abandoning module LocationServicesBPLibrary (218)
[2017.06.18-00.43.44:327][335]LogModuleManager: Shutting down and abandoning module UdpMessaging (216)
[2017.06.18-00.43.44:428][335]LogModuleManager: Shutting down and abandoning module TcpMessaging (214)
[2017.06.18-00.43.44:528][335]LogModuleManager: Shutting down and abandoning module GameplayTagsEditor (212)
[2017.06.18-00.43.44:528][335]LogModuleManager: Shutting down and abandoning module FacialAnimationEditor (210)
[2017.06.18-00.43.44:528][335]LogModuleManager: Shutting down and abandoning module FacialAnimation (208)
[2017.06.18-00.43.44:528][335]LogModuleManager: Shutting down and abandoning module LightPropagationVolumeRuntime (206)
[2017.06.18-00.43.44:528][335]LogModuleManager: Shutting down and abandoning module Paper2D (204)
[2017.06.18-00.43.44:528][335]LogModuleManager: Shutting down and abandoning module WindowsMoviePlayer (202)
[2017.06.18-00.43.44:528][335]LogModuleManager: Shutting down and abandoning module WmfMedia (200)
[2017.06.18-00.43.44:528][335]LogModuleManager: Shutting down and abandoning module MfMedia (198)
[2017.06.18-00.43.44:528][335]LogModuleManager: Shutting down and abandoning module MediaAssets (196)
[2017.06.18-00.43.44:528][335]LogModuleManager: Shutting down and abandoning module GameLiveStreaming (194)
[2017.06.18-00.43.44:528][335]LogModuleManager: Shutting down and abandoning module VREditor (192)
[2017.06.18-00.43.44:528][335]LogModuleManager: Shutting down and abandoning module GameplayTasksEditor (190)
[2017.06.18-00.43.44:528][335]LogModuleManager: Shutting down and abandoning module BehaviorTreeEditor (188)
[2017.06.18-00.43.44:528][335]LogModuleManager: Shutting down and abandoning module FunctionalTesting (186)
[2017.06.18-00.43.44:529][335]LogModuleManager: Shutting down and abandoning module CollisionAnalyzer (184)
[2017.06.18-00.43.44:529][335]LogModuleManager: Shutting down and abandoning module UMG (182)
[2017.06.18-00.43.44:529][335]LogModuleManager: Shutting down and abandoning module UMGEditor (181)
[2017.06.18-00.43.44:529][335]LogModuleManager: Shutting down and abandoning module Sequencer (180)
[2017.06.18-00.43.44:529][335]LogModuleManager: Shutting down and abandoning module AssetTools (178)
[2017.06.18-00.43.44:529][335]LogModuleManager: Shutting down and abandoning module MessageLog (177)
[2017.06.18-00.43.44:529][335]LogModuleManager: Shutting down and abandoning module WorkspaceMenuStructure (176)
[2017.06.18-00.43.44:529][335]LogModuleManager: Shutting down and abandoning module SlateReflector (170)
[2017.06.18-00.43.44:529][335]LogModuleManager: Shutting down and abandoning module Slate (168)
[2017.06.18-00.43.44:529][335]LogModuleManager: Shutting down and abandoning module EditorStyle (166)
[2017.06.18-00.43.44:531][335]LogModuleManager: Shutting down and abandoning module SourceCodeAccess (164)
[2017.06.18-00.43.44:531][335]LogModuleManager: Shutting down and abandoning module HeadMountedDisplay (162)
[2017.06.18-00.43.44:531][335]LogModuleManager: Shutting down and abandoning module XAudio2 (160)
[2017.06.18-00.43.44:531][335]LogModuleManager: Shutting down and abandoning module Networking (158)
[2017.06.18-00.43.44:531][335]LogModuleManager: Shutting down and abandoning module Core (154)
[2017.06.18-00.43.44:531][335]LogModuleManager: Shutting down and abandoning module AssetRegistry (152)
[2017.06.18-00.43.44:577][335]LogDirectoryWatcher: A directory notification for '../../../Engine/Content/' was aborted.
[2017.06.18-00.43.44:577][335]LogDirectoryWatcher: A directory notification for '../../../../../../Projects/UE/MurmelGame Alpha/Content/' was aborted.
[2017.06.18-00.43.44:577][335]LogDirectoryWatcher: A directory notification for '../../../Engine/Plugins/2D/Paper2D/Content/' was aborted.
[2017.06.18-00.43.44:577][335]LogModuleManager: Shutting down and abandoning module DirectoryWatcher (151)
[2017.06.18-00.43.44:578][335]LogModuleManager: Shutting down and abandoning module KismetCompiler (148)
[2017.06.18-00.43.44:578][335]LogModuleManager: Shutting down and abandoning module PhysXFormats (146)
[2017.06.18-00.43.44:578][335]LogModuleManager: Shutting down and abandoning module MeshUtilities (144)
[2017.06.18-00.43.44:578][335]LogModuleManager: Shutting down and abandoning module SimplygonSwarm (143)
[2017.06.18-00.43.44:578][335]LogModuleManager: Shutting down and abandoning module SimplygonMeshReduction (141)
[2017.06.18-00.43.44:578][335]LogModuleManager: Shutting down and abandoning module QuadricMeshReduction (139)
[2017.06.18-00.43.44:578][335]LogModuleManager: Shutting down and abandoning module PropertyEditor (137)
[2017.06.18-00.43.44:578][335]LogModuleManager: Shutting down and abandoning module DerivedDataCache (134)
[2017.06.18-00.43.44:671][335]LogDerivedDataCache: Shutdown
[2017.06.18-00.43.44:671][335]LogModuleManager: Shutting down and abandoning module TargetPlatform (132)
[2017.06.18-00.43.44:671][335]LogModuleManager: Shutting down and abandoning module VulkanShaderFormat (131)
[2017.06.18-00.43.44:671][335]LogModuleManager: Shutting down and abandoning module ShaderFormatOpenGL (129)
[2017.06.18-00.43.44:671][335]LogModuleManager: Shutting down and abandoning module ShaderFormatD3D (127)
[2017.06.18-00.43.44:671][335]LogModuleManager: Shutting down and abandoning module MetalShaderFormat (125)
[2017.06.18-00.43.44:671][335]LogModuleManager: Shutting down and abandoning module TextureFormatUncompressed (123)
[2017.06.18-00.43.44:671][335]LogModuleManager: Shutting down and abandoning module TextureFormatPVR (121)
[2017.06.18-00.43.44:671][335]LogModuleManager: Shutting down and abandoning module TextureFormatDXT (119)
[2017.06.18-00.43.44:671][335]LogModuleManager: Shutting down and abandoning module TextureFormatIntelISPCTexComp (117)
[2017.06.18-00.43.44:671][335]LogModuleManager: Shutting down and abandoning module TextureFormatASTC (115)
[2017.06.18-00.43.44:671][335]LogModuleManager: Shutting down and abandoning module ImageWrapper (114)
[2017.06.18-00.43.44:671][335]LogModuleManager: Shutting down and abandoning module TextureFormatAndroid (111)
[2017.06.18-00.43.44:671][335]LogModuleManager: Shutting down and abandoning module AudioFormatOpus (109)
[2017.06.18-00.43.44:671][335]LogModuleManager: Shutting down and abandoning module AudioFormatOgg (107)
[2017.06.18-00.43.44:671][335]LogModuleManager: Shutting down and abandoning module AudioFormatADPCM (105)
[2017.06.18-00.43.44:671][335]LogModuleManager: Shutting down and abandoning module LinuxTargetPlatform (103)
[2017.06.18-00.43.44:671][335]LogModuleManager: Shutting down and abandoning module LinuxServerTargetPlatform (101)
[2017.06.18-00.43.44:671][335]LogModuleManager: Shutting down and abandoning module LinuxNoEditorTargetPlatform (99)
[2017.06.18-00.43.44:671][335]LogModuleManager: Shutting down and abandoning module LinuxClientTargetPlatform (97)
[2017.06.18-00.43.44:671][335]LogModuleManager: Shutting down and abandoning module TVOSTargetPlatform (95)
[2017.06.18-00.43.44:671][335]LogModuleManager: Shutting down and abandoning module Messaging (93)
[2017.06.18-00.43.44:671][335]LogModuleManager: Shutting down and abandoning module IOSTargetPlatform (91)
[2017.06.18-00.43.44:671][335]LogModuleManager: Shutting down and abandoning module HTML5TargetPlatform (89)
[2017.06.18-00.43.44:671][335]LogModuleManager: Shutting down and abandoning module Android_PVRTCTargetPlatform (87)
[2017.06.18-00.43.44:671][335]LogModuleManager: Shutting down and abandoning module Android_MultiTargetPlatform (85)
[2017.06.18-00.43.44:671][335]LogModuleManager: Shutting down and abandoning module Android_ETC2TargetPlatform (83)
[2017.06.18-00.43.44:671][335]LogModuleManager: Shutting down and abandoning module Android_ETC1TargetPlatform (81)
[2017.06.18-00.43.44:671][335]LogModuleManager: Shutting down and abandoning module Android_DXTTargetPlatform (79)
[2017.06.18-00.43.44:671][335]LogModuleManager: Shutting down and abandoning module Android_ATCTargetPlatform (77)
[2017.06.18-00.43.44:671][335]LogModuleManager: Shutting down and abandoning module Android_ASTCTargetPlatform (75)
[2017.06.18-00.43.44:671][335]LogModuleManager: Shutting down and abandoning module AndroidTargetPlatform (73)
[2017.06.18-00.43.44:671][335]LogModuleManager: Shutting down and abandoning module WindowsTargetPlatform (71)
[2017.06.18-00.43.44:671][335]LogModuleManager: Shutting down and abandoning module WindowsServerTargetPlatform (69)
[2017.06.18-00.43.44:671][335]LogModuleManager: Shutting down and abandoning module WindowsNoEditorTargetPlatform (67)
[2017.06.18-00.43.44:671][335]LogModuleManager: Shutting down and abandoning module WindowsClientTargetPlatform (65)
[2017.06.18-00.43.44:671][335]LogModuleManager: Shutting down and abandoning module MacTargetPlatform (63)
[2017.06.18-00.43.44:671][335]LogModuleManager: Shutting down and abandoning module MacServerTargetPlatform (61)
[2017.06.18-00.43.44:671][335]LogModuleManager: Shutting down and abandoning module MacNoEditorTargetPlatform (59)
[2017.06.18-00.43.44:671][335]LogModuleManager: Shutting down and abandoning module MacClientTargetPlatform (57)
[2017.06.18-00.43.44:672][335]LogModuleManager: Shutting down and abandoning module AllDesktopTargetPlatform (55)
[2017.06.18-00.43.44:672][335]LogModuleManager: Shutting down and abandoning module InputCore (52)
[2017.06.18-00.43.44:672][335]LogModuleManager: Shutting down and abandoning module Settings (50)
[2017.06.18-00.43.44:672][335]LogModuleManager: Shutting down and abandoning module OculusRift (48)
[2017.06.18-00.43.44:672][335]LogModuleManager: Shutting down and abandoning module GearVR (46)
[2017.06.18-00.43.44:672][335]LogModuleManager: Shutting down and abandoning module ExampleDeviceProfileSelector (44)
[2017.06.18-00.43.44:672][335]LogModuleManager: Shutting down and abandoning module OnlineBlueprintSupport (42)
[2017.06.18-00.43.44:672][335]LogModuleManager: Shutting down and abandoning module OnlineSubsystem (38)
[2017.06.18-00.43.44:672][335]LogOnline:Display: Unloading online subsystem: NULL
[2017.06.18-00.43.44:672][335]LogModuleManager: Shutting down and abandoning module XMPP (37)
[2017.06.18-00.43.44:672][335]LogModuleManager: Shutting down and abandoning module HTTP (35)
[2017.06.18-00.43.44:672][335]LogHttp:Display: Http module shutting down, but needs to wait on 1 outstanding Http requests:
[2017.06.18-00.43.44:672][335]LogHttp:Display: 	verb=[POST] url=[https://datarouter.ol.epicgames.com/datarouter/api/v1/public/data?SessionID=%7B4F427D3A-4B5B-DD3C-1259-B2878C39B07F%7D&AppID=UEEditor.Rocket.Release&AppVersion=4.15.1-3348071%2B%2B%2BUE4%2BRelease-4.15&UserID=0d5e964149c27ead4002d5a3788a3179%7C41be30414fb14012a232a3c2846efcfd%7Cad9eaef9-032c-4c4a-b404-a17a7e552b59&AppEnvironment=datacollector-binary&UploadType=eteventstream] status=Processing
[2017.06.18-00.43.44:678][335]LogModuleManager: Shutting down and abandoning module SSL (34)
[2017.06.18-00.43.44:679][335]LogModuleManager: Shutting down and abandoning module AudioEditor (30)
[2017.06.18-00.43.44:680][335]LogModuleManager: Shutting down and abandoning module TextureCompressor (28)
[2017.06.18-00.43.44:680][335]LogModuleManager: Shutting down and abandoning module ShaderCore (26)
[2017.06.18-00.43.44:680][335]LogModuleManager: Shutting down and abandoning module Landscape (24)
[2017.06.18-00.43.44:680][335]LogModuleManager: Shutting down and abandoning module SlateRHIRenderer (22)
[2017.06.18-00.43.44:680][335]LogModuleManager: Shutting down and abandoning module OpenGLDrv (20)
[2017.06.18-00.43.44:680][335]LogModuleManager: Shutting down and abandoning module D3D11RHI (18)
[2017.06.18-00.43.44:680][335]LogModuleManager: Shutting down and abandoning module AnimGraphRuntime (16)
[2017.06.18-00.43.44:680][335]LogModuleManager: Shutting down and abandoning module Renderer (14)
[2017.06.18-00.43.44:680][335]LogModuleManager: Shutting down and abandoning module Engine (12)
[2017.06.18-00.43.44:680][335]LogModuleManager: Shutting down and abandoning module CoreUObject (10)
[2017.06.18-00.43.44:680][335]LogModuleManager: Shutting down and abandoning module NetworkFile (8)
[2017.06.18-00.43.44:680][335]LogModuleManager: Shutting down and abandoning module StreamingFile (6)
[2017.06.18-00.43.44:680][335]LogModuleManager: Shutting down and abandoning module SandboxFile (4)
[2017.06.18-00.43.44:680][335]LogModuleManager: Shutting down and abandoning module PakFile (2)
[2017.06.18-00.43.44:682][335]LogExit: Exiting.
[2017.06.18-00.43.44:683][335]Log file closed, 06/18/17 02:43:44
